DEBUG - 2024-09-17 04:24:39 --> Datos recibidos: codigo=YYYYY1, velocidad=25, bateria=80, temperatura=21.2, ID_ubicacion=1
DEBUG - 2024-09-17 04:25:10 --> Datos recibidos: codigo=YYYYY1, velocidad=25, bateria=90, temperatura=21.2, ID_ubicacion=1
DEBUG - 2024-09-17 04:30:49 --> Datos recibidos: codigo=YYYYY1, velocidad=25, bateria=90, temperatura=21.2, ID_ubicacion=1, longitud=-32.201420775114165, latitud=-64.33095127454969
DEBUG - 2024-09-17 04:31:09 --> Datos recibidos: codigo=YYYYY1, velocidad=25, bateria=90, temperatura=21.2, ID_ubicacion=1, longitud=-32.201420775114165, latitud=-94.33095127454969
DEBUG - 2024-09-17 04:31:23 --> Datos recibidos: codigo=YYYYY1, velocidad=30, bateria=90, temperatura=21.2, ID_ubicacion=1, longitud=-32.201420775114165, latitud=-94.33095127454969
DEBUG - 2024-09-17 04:37:06 --> Datos recibidos: codigo=YYYYY1, velocidad=30, bateria=90, temperatura=21.2, ID_ubicacion=1, longitud=-32.201420775114165, latitud=-94.33095127454969
DEBUG - 2024-09-17 04:37:32 --> User found: Array
(
    [id] => 71
    [username] => Erie
    [email] => venturinierie@gmail.com
    [password] => $2y$10$VHvl7F41dpTepcH9jUPfL.e.QZ1/PpH39GzPdJIZl7B2K.bUelucG
    [reset_token] => 
    [reset_expiration] => 
)

DEBUG - 2024-09-17 04:37:33 --> Password verified successfully.
INFO - 2024-09-17 04:37:33 --> Session: Class initialized using 'CodeIgniter\Session\Handlers\FileHandler' driver.
INFO - 2024-09-17 04:37:33 --> Session: Class initialized using 'CodeIgniter\Session\Handlers\FileHandler' driver.
DEBUG - 2024-09-17 04:38:07 --> Datos recibidos: codigo=YYYYY1, velocidad=30, bateria=90, temperatura=21.2, ID_ubicacion=1, longitud=-32.201420775114165, latitud=-94.33095127454969
DEBUG - 2024-09-17 04:39:08 --> Datos recibidos: codigo=YYYYY1, velocidad=30, bateria=90, temperatura=21.2, ID_ubicacion=1, longitud=-32.201420775114165, latitud=-94.33095127454969
DEBUG - 2024-09-17 04:40:09 --> Datos recibidos: codigo=YYYYY1, velocidad=30, bateria=90, temperatura=21.3, ID_ubicacion=1, longitud=-32.201420775114165, latitud=-94.33095127454969
CRITICAL - 2024-09-17 04:41:09 --> ErrorException: Undefined property: stdClass::$hora
[Method: POST, Route: skate/update]
in APPPATH/Controllers/SkateController.php on line 35.
 1 APPPATH/Controllers/SkateController.php(35): CodeIgniter\Debug\Exceptions->errorHandler(2, 'Undefined property: stdClass::$hora', '/Applications/MAMP/htdocs/eskate/app/Controllers/SkateController.php', 35)
 2 SYSTEMPATH/CodeIgniter.php(933): App\Controllers\SkateController->updateSkateData()
 3 SYSTEMPATH/CodeIgniter.php(509): CodeIgniter\CodeIgniter->runController(Object(App\Controllers\SkateController))
 4 SYSTEMPATH/CodeIgniter.php(355): CodeIgniter\CodeIgniter->handleRequest(null, Object(Config\Cache), false)
 5 SYSTEMPATH/Boot.php(325): CodeIgniter\CodeIgniter->run()
 6 SYSTEMPATH/Boot.php(67): CodeIgniter\Boot::runCodeIgniter(Object(CodeIgniter\CodeIgniter))
 7 FCPATH/index.php(56): CodeIgniter\Boot::bootWeb(Object(Config\Paths))
DEBUG - 2024-09-17 04:41:25 --> Datos recibidos: codigo=YYYYY1, velocidad=30, bateria=90, temperatura=21.4, ID_ubicacion=1, longitud=-32.201420775114165, latitud=-94.33095127454969, hora=2024-09-17 01:41:22
DEBUG - 2024-09-17 04:42:51 --> Datos recibidos: codigo=YYYYY1, velocidad=30, bateria=90, temperatura=21.4, ID_ubicacion=1, longitud=-32.201420775114165, latitud=-94.33095127454969, hora=01:42:48
INFO - 2024-09-17 19:34:39 --> Session: Class initialized using 'CodeIgniter\Session\Handlers\FileHandler' driver.
DEBUG - 2024-09-17 19:34:43 --> User found: Array
(
    [id] => 71
    [username] => Erie
    [email] => venturinierie@gmail.com
    [password] => $2y$10$VHvl7F41dpTepcH9jUPfL.e.QZ1/PpH39GzPdJIZl7B2K.bUelucG
    [reset_token] => 
    [reset_expiration] => 
)

DEBUG - 2024-09-17 19:34:44 --> Password verification failed.
INFO - 2024-09-17 19:34:44 --> Session: Class initialized using 'CodeIgniter\Session\Handlers\FileHandler' driver.
INFO - 2024-09-17 19:34:44 --> Session: Class initialized using 'CodeIgniter\Session\Handlers\FileHandler' driver.
DEBUG - 2024-09-17 19:34:49 --> User found: Array
(
    [id] => 71
    [username] => Erie
    [email] => venturinierie@gmail.com
    [password] => $2y$10$VHvl7F41dpTepcH9jUPfL.e.QZ1/PpH39GzPdJIZl7B2K.bUelucG
    [reset_token] => 
    [reset_expiration] => 
)

DEBUG - 2024-09-17 19:34:49 --> Password verified successfully.
INFO - 2024-09-17 19:34:49 --> Session: Class initialized using 'CodeIgniter\Session\Handlers\FileHandler' driver.
INFO - 2024-09-17 19:34:50 --> Session: Class initialized using 'CodeIgniter\Session\Handlers\FileHandler' driver.
INFO - 2024-09-17 19:41:17 --> Session: Class initialized using 'CodeIgniter\Session\Handlers\FileHandler' driver.
INFO - 2024-09-17 19:41:18 --> Session: Class initialized using 'CodeIgniter\Session\Handlers\FileHandler' driver.
INFO - 2024-09-17 19:42:16 --> Session: Class initialized using 'CodeIgniter\Session\Handlers\FileHandler' driver.
INFO - 2024-09-17 19:43:43 --> Session: Class initialized using 'CodeIgniter\Session\Handlers\FileHandler' driver.
INFO - 2024-09-17 19:43:58 --> Session: Class initialized using 'CodeIgniter\Session\Handlers\FileHandler' driver.
INFO - 2024-09-17 19:45:44 --> Session: Class initialized using 'CodeIgniter\Session\Handlers\FileHandler' driver.
DEBUG - 2024-09-17 20:26:14 --> Datos recibidos: codigo=YYYYY1, velocidad=30, bateria=90, temperatura=28.4, ID_ubicacion=1, longitud=-64.12724, latitud=-32.17362, hora=17:26:10
DEBUG - 2024-09-17 20:28:04 --> Datos recibidos: codigo=YYYYY1, velocidad=79, bateria=90, temperatura=27.7, ID_ubicacion=1, longitud=-64.1273, latitud=-32.17393, hora=17:28:01
INFO - 2024-09-17 20:28:20 --> Session: Class initialized using 'CodeIgniter\Session\Handlers\FileHandler' driver.
DEBUG - 2024-09-17 20:31:29 --> Datos recibidos: codigo=YYYYY1, velocidad=2.260307, bateria=90, temperatura=27.5, ID_ubicacion=1, longitud=-64.12718, latitud=-32.17365, hora=17:31:26
INFO - 2024-09-17 20:31:38 --> Session: Class initialized using 'CodeIgniter\Session\Handlers\FileHandler' driver.
INFO - 2024-09-17 20:32:28 --> Session: Class initialized using 'CodeIgniter\Session\Handlers\FileHandler' driver.
INFO - 2024-09-17 20:32:39 --> Session: Class initialized using 'CodeIgniter\Session\Handlers\FileHandler' driver.
DEBUG - 2024-09-17 20:35:57 --> Datos recibidos: codigo=YYYYY1, velocidad=0, bateria=90, temperatura=27.4, ID_ubicacion=1, longitud=-64.12701, latitud=-32.17347, hora=17:35:53
DEBUG - 2024-09-17 20:36:08 --> Datos recibidos: codigo=YYYYY1, velocidad=0, bateria=90, temperatura=27.5, ID_ubicacion=1, longitud=-64.12707, latitud=-32.17358, hora=17:36:07
DEBUG - 2024-09-17 20:37:40 --> Datos recibidos: codigo=YYYYY1, velocidad=4.664669, bateria=90, temperatura=27.4, ID_ubicacion=1, longitud=-64.12702, latitud=-32.17358, hora=17:37:39
DEBUG - 2024-09-17 20:38:00 --> Datos recibidos: codigo=YYYYY1, velocidad=21.62211, bateria=90, temperatura=27.4, ID_ubicacion=1, longitud=-64.12698, latitud=-32.17332, hora=17:37:59
DEBUG - 2024-09-17 20:38:11 --> Datos recibidos: codigo=YYYYY1, velocidad=21.62211, bateria=90, temperatura=27.4, ID_ubicacion=1, longitud=-64.12664, latitud=-32.17322, hora=17:38:10
DEBUG - 2024-09-17 20:38:22 --> Datos recibidos: codigo=YYYYY1, velocidad=11.49018, bateria=90, temperatura=27.4, ID_ubicacion=1, longitud=-64.12675, latitud=-32.17337, hora=17:38:21
DEBUG - 2024-09-17 20:39:03 --> Datos recibidos: codigo=YYYYY1, velocidad=0, bateria=90, temperatura=27.4, ID_ubicacion=1, longitud=-64.1268, latitud=-32.17365, hora=17:39:02
DEBUG - 2024-09-17 20:40:08 --> Datos recibidos: codigo=YYYYY1, velocidad=0, bateria=90, temperatura=27.4, ID_ubicacion=1, longitud=-64.12702, latitud=-32.17365, hora=17:40:05
DEBUG - 2024-09-17 20:40:20 --> Datos recibidos: codigo=YYYYY1, velocidad=2.171129, bateria=90, temperatura=27.4, ID_ubicacion=1, longitud=-64.12703, latitud=-32.17366, hora=17:40:19
DEBUG - 2024-09-17 20:40:49 --> Datos recibidos: codigo=YYYYY1, velocidad=9.675759, bateria=90, temperatura=27.4, ID_ubicacion=1, longitud=-64.12709, latitud=-32.17347, hora=17:40:46
DEBUG - 2024-09-17 20:42:02 --> Datos recibidos: codigo=YYYYY1, velocidad=0, bateria=90, temperatura=27.5, ID_ubicacion=1, longitud=-64.12733, latitud=-32.17364, hora=17:41:59
INFO - 2024-09-17 20:45:21 --> Session: Class initialized using 'CodeIgniter\Session\Handlers\FileHandler' driver.
INFO - 2024-09-17 20:46:53 --> Session: Class initialized using 'CodeIgniter\Session\Handlers\FileHandler' driver.
DEBUG - 2024-09-17 20:47:59 --> Datos recibidos: codigo=YYYYY1, velocidad=4.234217, bateria=90, temperatura=27.5, ID_ubicacion=1, longitud=-64.12701, latitud=-32.1736, hora=17:47:57
INFO - 2024-09-17 20:48:15 --> Session: Class initialized using 'CodeIgniter\Session\Handlers\FileHandler' driver.
DEBUG - 2024-09-17 20:52:02 --> Datos recibidos: codigo=YYYYY1, velocidad=0, bateria=90, temperatura=27.5, ID_ubicacion=1, longitud=-64.12734, latitud=-32.17359, hora=17:52:01
DEBUG - 2024-09-17 20:53:20 --> Datos recibidos: codigo=YYYYY1, velocidad=0, bateria=90, temperatura=27.5, ID_ubicacion=1, longitud=-64.1274, latitud=-32.17356, hora=17:53:19
DEBUG - 2024-09-17 20:55:15 --> Datos recibidos: codigo=YYYYY1, velocidad=11.4696, bateria=90, temperatura=27.5, ID_ubicacion=1, longitud=-64.12723, latitud=-32.17378, hora=17:55:11
DEBUG - 2024-09-17 21:00:54 --> Datos recibidos: codigo=YYYYY1, velocidad=0, bateria=90, temperatura=27.5, ID_ubicacion=1, longitud=-64.12736, latitud=-32.17381, hora=18:00:53
DEBUG - 2024-09-17 21:05:10 --> Datos recibidos: codigo=YYYYY1, velocidad=6.490064, bateria=90, temperatura=27.6, ID_ubicacion=1, longitud=-64.12681, latitud=-32.17402, hora=18:05:10
DEBUG - 2024-09-17 21:05:57 --> Datos recibidos: codigo=YYYYY1, velocidad=6.003018, bateria=90, temperatura=27.5, ID_ubicacion=1, longitud=-64.12749, latitud=-32.17374, hora=18:05:56
DEBUG - 2024-09-17 21:08:11 --> Datos recibidos: codigo=YYYYY1, velocidad=6.496238, bateria=90, temperatura=27.5, ID_ubicacion=1, longitud=-64.12708, latitud=-32.17392, hora=18:08:07
DEBUG - 2024-09-17 21:08:22 --> Datos recibidos: codigo=YYYYY1, velocidad=6.496238, bateria=90, temperatura=27.5, ID_ubicacion=1, longitud=-64.12691, latitud=-32.17384, hora=18:08:21
DEBUG - 2024-09-17 21:08:35 --> Datos recibidos: codigo=YYYYY1, velocidad=18.5009, bateria=90, temperatura=27.5, ID_ubicacion=1, longitud=-64.1271, latitud=-32.17383, hora=18:08:32
DEBUG - 2024-09-17 21:08:46 --> Datos recibidos: codigo=YYYYY1, velocidad=17.74461, bateria=90, temperatura=27.6, ID_ubicacion=1, longitud=-64.12717, latitud=-32.17379, hora=18:08:45
DEBUG - 2024-09-17 21:10:33 --> Datos recibidos: codigo=YYYYY1, velocidad=9.723778, bateria=90, temperatura=27.7, ID_ubicacion=1, longitud=-64.12733, latitud=-32.17367, hora=18:10:32
DEBUG - 2024-09-17 21:10:44 --> Datos recibidos: codigo=YYYYY1, velocidad=6.23728, bateria=90, temperatura=27.7, ID_ubicacion=1, longitud=-64.12731, latitud=-32.17369, hora=18:10:43
DEBUG - 2024-09-17 21:11:08 --> Datos recibidos: codigo=YYYYY1, velocidad=0, bateria=90, temperatura=27.7, ID_ubicacion=1, longitud=-64.12733, latitud=-32.17352, hora=18:11:07
DEBUG - 2024-09-17 21:11:19 --> Datos recibidos: codigo=YYYYY1, velocidad=0, bateria=90, temperatura=27.7, ID_ubicacion=1, longitud=-64.12731, latitud=-32.17353, hora=18:11:18
DEBUG - 2024-09-17 21:11:30 --> Datos recibidos: codigo=YYYYY1, velocidad=0, bateria=90, temperatura=27.7, ID_ubicacion=1, longitud=-64.12731, latitud=-32.17353, hora=18:11:29
DEBUG - 2024-09-17 21:11:39 --> Datos recibidos: codigo=YYYYY1, velocidad=0, bateria=90, temperatura=27.7, ID_ubicacion=1, longitud=-64.12743, latitud=-32.17349, hora=18:11:35
DEBUG - 2024-09-17 21:11:50 --> Datos recibidos: codigo=YYYYY1, velocidad=0, bateria=90, temperatura=27.7, ID_ubicacion=1, longitud=-64.12743, latitud=-32.1735, hora=18:11:49
DEBUG - 2024-09-17 21:12:25 --> Datos recibidos: codigo=YYYYY1, velocidad=6.313082, bateria=90, temperatura=27.7, ID_ubicacion=1, longitud=-64.12742, latitud=-32.17355, hora=18:12:24
DEBUG - 2024-09-17 21:12:42 --> Datos recibidos: codigo=YYYYY1, velocidad=0, bateria=90, temperatura=27.7, ID_ubicacion=1, longitud=-64.12741, latitud=-32.17347, hora=18:12:41
DEBUG - 2024-09-17 21:12:58 --> Datos recibidos: codigo=YYYYY1, velocidad=9.426062, bateria=90, temperatura=27.7, ID_ubicacion=1, longitud=-64.12741, latitud=-32.17346, hora=18:12:57
DEBUG - 2024-09-17 21:13:15 --> Datos recibidos: codigo=YYYYY1, velocidad=7.845563, bateria=90, temperatura=27.7, ID_ubicacion=1, longitud=-64.12711, latitud=-32.17398, hora=18:13:14
DEBUG - 2024-09-17 21:13:32 --> Datos recibidos: codigo=YYYYY1, velocidad=0, bateria=90, temperatura=27.7, ID_ubicacion=1, longitud=-64.12714, latitud=-32.17391, hora=18:13:31
DEBUG - 2024-09-17 21:15:12 --> Datos recibidos: codigo=YYYYY1, velocidad=13.38897, bateria=90, temperatura=27.7, ID_ubicacion=1, longitud=-64.12723, latitud=-32.17367, hora=18:15:10
DEBUG - 2024-09-17 21:15:28 --> Datos recibidos: codigo=YYYYY1, velocidad=11.08545, bateria=90, temperatura=27.8, ID_ubicacion=1, longitud=-64.12727, latitud=-32.17362, hora=18:15:27
DEBUG - 2024-09-17 21:15:45 --> Datos recibidos: codigo=YYYYY1, velocidad=10.88789, bateria=90, temperatura=27.7, ID_ubicacion=1, longitud=-64.12728, latitud=-32.1736, hora=18:15:44
DEBUG - 2024-09-17 21:16:01 --> Datos recibidos: codigo=YYYYY1, velocidad=17.67978, bateria=90, temperatura=27.8, ID_ubicacion=1, longitud=-64.12723, latitud=-32.17405, hora=18:16:01
DEBUG - 2024-09-17 21:18:39 --> Datos recibidos: codigo=YYYYY1, velocidad=0, bateria=90, temperatura=27.8, ID_ubicacion=1, longitud=-64.1273, latitud=-32.17367, hora=18:18:37
DEBUG - 2024-09-17 21:19:10 --> Datos recibidos: codigo=YYYYY1, velocidad=0, bateria=90, temperatura=27.8, ID_ubicacion=1, longitud=-64.12727, latitud=-32.1736, hora=18:19:09
DEBUG - 2024-09-17 21:19:42 --> Datos recibidos: codigo=YYYYY1, velocidad=0, bateria=90, temperatura=27.8, ID_ubicacion=1, longitud=-64.12746, latitud=-32.17361, hora=18:19:40
DEBUG - 2024-09-17 21:20:14 --> Datos recibidos: codigo=YYYYY1, velocidad=0, bateria=90, temperatura=27.8, ID_ubicacion=1, longitud=-64.1274, latitud=-32.17363, hora=18:20:12
DEBUG - 2024-09-17 22:11:39 --> Datos recibidos: codigo=YYYYY1, velocidad=0, bateria=90, temperatura=27.6, ID_ubicacion=1, longitud=-64.12725, latitud=-32.1739, hora=19:11:17
DEBUG - 2024-09-17 22:11:50 --> Datos recibidos: codigo=YYYYY1, velocidad=0.250383, bateria=90, temperatura=32.1, ID_ubicacion=1, longitud=-64.12727, latitud=-32.17405, hora=19:11:50
DEBUG - 2024-09-17 22:12:01 --> Datos recibidos: codigo=YYYYY1, velocidad=3.838062, bateria=90, temperatura=31.6, ID_ubicacion=1, longitud=-64.12727, latitud=-32.17403, hora=19:12:01
DEBUG - 2024-09-17 22:12:12 --> Datos recibidos: codigo=YYYYY1, velocidad=2.109391, bateria=90, temperatura=31.4, ID_ubicacion=1, longitud=-64.12727, latitud=-32.174, hora=19:12:12
DEBUG - 2024-09-17 22:12:41 --> Datos recibidos: codigo=YYYYY1, velocidad=0, bateria=90, temperatura=31.1, ID_ubicacion=1, longitud=-64.1273, latitud=-32.174, hora=19:12:40
DEBUG - 2024-09-17 22:15:12 --> Datos recibidos: codigo=YYYYY1, velocidad=0, bateria=90, temperatura=30.9, ID_ubicacion=1, longitud=-64.1273, latitud=-32.17369, hora=19:15:12
INFO - 2024-09-17 22:15:47 --> Session: Class initialized using 'CodeIgniter\Session\Handlers\FileHandler' driver.
INFO - 2024-09-17 22:17:21 --> Session: Class initialized using 'CodeIgniter\Session\Handlers\FileHandler' driver.
INFO - 2024-09-17 22:17:24 --> Session: Class initialized using 'CodeIgniter\Session\Handlers\FileHandler' driver.
INFO - 2024-09-17 22:17:24 --> Session: Class initialized using 'CodeIgniter\Session\Handlers\FileHandler' driver.
INFO - 2024-09-17 22:17:27 --> Session: Class initialized using 'CodeIgniter\Session\Handlers\FileHandler' driver.
INFO - 2024-09-17 22:17:27 --> Session: Class initialized using 'CodeIgniter\Session\Handlers\FileHandler' driver.
DEBUG - 2024-09-17 22:24:06 --> Datos recibidos: codigo=YYYYY1, velocidad=0, bateria=90, temperatura=28.5, ID_ubicacion=1, longitud=-64.12724, latitud=-32.1736, hora=19:24:05
INFO - 2024-09-17 22:28:46 --> Session: Class initialized using 'CodeIgniter\Session\Handlers\FileHandler' driver.
INFO - 2024-09-17 22:28:47 --> Session: Class initialized using 'CodeIgniter\Session\Handlers\FileHandler' driver.
INFO - 2024-09-17 22:28:50 --> Session: Class initialized using 'CodeIgniter\Session\Handlers\FileHandler' driver.
INFO - 2024-09-17 22:28:52 --> Session: Class initialized using 'CodeIgniter\Session\Handlers\FileHandler' driver.
DEBUG - 2024-09-17 22:28:56 --> User found: Array
(
    [id] => 71
    [username] => Erie
    [email] => venturinierie@gmail.com
    [password] => $2y$10$VHvl7F41dpTepcH9jUPfL.e.QZ1/PpH39GzPdJIZl7B2K.bUelucG
    [reset_token] => 
    [reset_expiration] => 
)

DEBUG - 2024-09-17 22:28:57 --> Password verified successfully.
INFO - 2024-09-17 22:28:57 --> Session: Class initialized using 'CodeIgniter\Session\Handlers\FileHandler' driver.
INFO - 2024-09-17 22:28:57 --> Session: Class initialized using 'CodeIgniter\Session\Handlers\FileHandler' driver.
INFO - 2024-09-17 22:29:03 --> Session: Class initialized using 'CodeIgniter\Session\Handlers\FileHandler' driver.
INFO - 2024-09-17 22:29:51 --> Session: Class initialized using 'CodeIgniter\Session\Handlers\FileHandler' driver.
INFO - 2024-09-17 22:30:00 --> Session: Class initialized using 'CodeIgniter\Session\Handlers\FileHandler' driver.
INFO - 2024-09-17 22:30:00 --> Session: Class initialized using 'CodeIgniter\Session\Handlers\FileHandler' driver.
INFO - 2024-09-17 22:30:58 --> Session: Class initialized using 'CodeIgniter\Session\Handlers\FileHandler' driver.
INFO - 2024-09-17 22:30:58 --> Session: Class initialized using 'CodeIgniter\Session\Handlers\FileHandler' driver.
INFO - 2024-09-17 22:31:02 --> Session: Class initialized using 'CodeIgniter\Session\Handlers\FileHandler' driver.
INFO - 2024-09-17 22:31:02 --> Session: Class initialized using 'CodeIgniter\Session\Handlers\FileHandler' driver.
INFO - 2024-09-17 22:31:07 --> Session: Class initialized using 'CodeIgniter\Session\Handlers\FileHandler' driver.
INFO - 2024-09-17 22:31:08 --> Session: Class initialized using 'CodeIgniter\Session\Handlers\FileHandler' driver.
INFO - 2024-09-17 22:31:09 --> Session: Class initialized using 'CodeIgniter\Session\Handlers\FileHandler' driver.
INFO - 2024-09-17 22:31:22 --> Session: Class initialized using 'CodeIgniter\Session\Handlers\FileHandler' driver.
INFO - 2024-09-17 22:31:23 --> Session: Class initialized using 'CodeIgniter\Session\Handlers\FileHandler' driver.
DEBUG - 2024-09-17 22:31:25 --> User found: Array
(
    [id] => 73
    [username] => Xiomara
    [email] => xiomi@gmail.com
    [password] => $2y$10$47.XE.3Noda692.yiNnJReyUnqiigmhHzRlLrqjiVeD450SwXQFl6
    [reset_token] => 
    [reset_expiration] => 
)

DEBUG - 2024-09-17 22:31:26 --> Password verified successfully.
INFO - 2024-09-17 22:31:26 --> Session: Class initialized using 'CodeIgniter\Session\Handlers\FileHandler' driver.
INFO - 2024-09-17 22:31:26 --> Session: Class initialized using 'CodeIgniter\Session\Handlers\FileHandler' driver.
INFO - 2024-09-17 22:31:31 --> Session: Class initialized using 'CodeIgniter\Session\Handlers\FileHandler' driver.
INFO - 2024-09-17 22:31:31 --> Session: Class initialized using 'CodeIgniter\Session\Handlers\FileHandler' driver.
INFO - 2024-09-17 22:31:49 --> Session: Class initialized using 'CodeIgniter\Session\Handlers\FileHandler' driver.
INFO - 2024-09-17 22:31:49 --> Session: Class initialized using 'CodeIgniter\Session\Handlers\FileHandler' driver.
DEBUG - 2024-09-17 22:31:54 --> User found: Array
(
    [id] => 71
    [username] => Erie
    [email] => venturinierie@gmail.com
    [password] => $2y$10$VHvl7F41dpTepcH9jUPfL.e.QZ1/PpH39GzPdJIZl7B2K.bUelucG
    [reset_token] => 
    [reset_expiration] => 
)

DEBUG - 2024-09-17 22:31:55 --> Password verified successfully.
INFO - 2024-09-17 22:31:55 --> Session: Class initialized using 'CodeIgniter\Session\Handlers\FileHandler' driver.
INFO - 2024-09-17 22:31:55 --> Session: Class initialized using 'CodeIgniter\Session\Handlers\FileHandler' driver.
INFO - 2024-09-17 22:33:41 --> Session: Class initialized using 'CodeIgniter\Session\Handlers\FileHandler' driver.
INFO - 2024-09-17 22:33:41 --> Session: Class initialized using 'CodeIgniter\Session\Handlers\FileHandler' driver.
INFO - 2024-09-17 22:33:46 --> Session: Class initialized using 'CodeIgniter\Session\Handlers\FileHandler' driver.
INFO - 2024-09-17 22:34:37 --> Session: Class initialized using 'CodeIgniter\Session\Handlers\FileHandler' driver.
INFO - 2024-09-17 22:34:38 --> Session: Class initialized using 'CodeIgniter\Session\Handlers\FileHandler' driver.
INFO - 2024-09-17 22:36:08 --> Session: Class initialized using 'CodeIgniter\Session\Handlers\FileHandler' driver.
INFO - 2024-09-17 22:36:16 --> Session: Class initialized using 'CodeIgniter\Session\Handlers\FileHandler' driver.
INFO - 2024-09-17 22:36:16 --> Session: Class initialized using 'CodeIgniter\Session\Handlers\FileHandler' driver.
DEBUG - 2024-09-17 22:36:19 --> User found: Array
(
    [id] => 71
    [username] => Erie
    [email] => venturinierie@gmail.com
    [password] => $2y$10$/AOJOol1EpTzBpJ5kAkoeubjgX..Q9suPydGB9jhb/kOrVyIZMNne
    [reset_token] => 
    [reset_expiration] => 
)

DEBUG - 2024-09-17 22:36:19 --> Password verified successfully.
INFO - 2024-09-17 22:36:19 --> Session: Class initialized using 'CodeIgniter\Session\Handlers\FileHandler' driver.
INFO - 2024-09-17 22:36:19 --> Session: Class initialized using 'CodeIgniter\Session\Handlers\FileHandler' driver.
INFO - 2024-09-17 22:37:14 --> Session: Class initialized using 'CodeIgniter\Session\Handlers\FileHandler' driver.
INFO - 2024-09-17 22:53:00 --> Session: Class initialized using 'CodeIgniter\Session\Handlers\FileHandler' driver.
DEBUG - 2024-09-17 23:04:37 --> Datos recibidos: codigo=YYYYY1, velocidad=0, bateria=90, temperatura=26.3, ID_ubicacion=1, longitud=-64.12698, latitud=-32.17353, hora=20:04:36
DEBUG - 2024-09-17 23:05:09 --> Datos recibidos: codigo=YYYYY1, velocidad=23.00848, bateria=90, temperatura=26.3, ID_ubicacion=1, longitud=-64.12603, latitud=-32.1725, hora=20:05:08
DEBUG - 2024-09-17 23:05:40 --> Datos recibidos: codigo=YYYYY1, velocidad=0, bateria=90, temperatura=26.3, ID_ubicacion=1, longitud=-64.12698, latitud=-32.17371, hora=20:05:40
DEBUG - 2024-09-17 23:06:12 --> Datos recibidos: codigo=YYYYY1, velocidad=12.59324, bateria=90, temperatura=26.3, ID_ubicacion=1, longitud=-64.12679, latitud=-32.17347, hora=20:06:11
DEBUG - 2024-09-17 23:06:44 --> Datos recibidos: codigo=YYYYY1, velocidad=14.49409, bateria=90, temperatura=26.3, ID_ubicacion=1, longitud=-64.1265, latitud=-32.1733, hora=20:06:43
DEBUG - 2024-09-17 23:07:15 --> Datos recibidos: codigo=YYYYY1, velocidad=17.60227, bateria=90, temperatura=26.3, ID_ubicacion=1, longitud=-64.12656, latitud=-32.17332, hora=20:07:15
DEBUG - 2024-09-17 23:07:47 --> Datos recibidos: codigo=YYYYY1, velocidad=23.2424, bateria=90, temperatura=26.3, ID_ubicacion=1, longitud=-64.12652, latitud=-32.17343, hora=20:07:46
DEBUG - 2024-09-17 23:12:27 --> Datos recibidos: codigo=YYYYY1, velocidad=0, bateria=90, temperatura=26.3, ID_ubicacion=1, longitud=-64.12705, latitud=-32.17378, hora=20:12:26
DEBUG - 2024-09-17 23:12:58 --> Datos recibidos: codigo=YYYYY1, velocidad=0, bateria=90, temperatura=26.2, ID_ubicacion=1, longitud=-64.12707, latitud=-32.17377, hora=20:12:58
DEBUG - 2024-09-17 23:13:29 --> Datos recibidos: codigo=YYYYY1, velocidad=0, bateria=90, temperatura=26.3, ID_ubicacion=1, longitud=-64.12707, latitud=-32.17384, hora=20:13:29
DEBUG - 2024-09-17 23:14:01 --> Datos recibidos: codigo=YYYYY1, velocidad=0, bateria=90, temperatura=26.3, ID_ubicacion=1, longitud=-64.12708, latitud=-32.17403, hora=20:14:01
DEBUG - 2024-09-17 23:18:45 --> Datos recibidos: codigo=YYYYY1, velocidad=0, bateria=90, temperatura=26.3, ID_ubicacion=1, longitud=-64.12707, latitud=-32.17356, hora=20:18:44
DEBUG - 2024-09-17 23:19:17 --> Datos recibidos: codigo=YYYYY1, velocidad=6.659502, bateria=90, temperatura=26.2, ID_ubicacion=1, longitud=-64.12705, latitud=-32.17374, hora=20:19:16
INFO - 2024-09-17 23:20:43 --> Session: Class initialized using 'CodeIgniter\Session\Handlers\FileHandler' driver.
INFO - 2024-09-17 23:35:11 --> Session: Class initialized using 'CodeIgniter\Session\Handlers\FileHandler' driver.
DEBUG - 2024-09-17 23:44:02 --> User found: Array
(
    [id] => 71
    [username] => Erie
    [email] => venturinierie@gmail.com
    [password] => $2y$10$/AOJOol1EpTzBpJ5kAkoeubjgX..Q9suPydGB9jhb/kOrVyIZMNne
    [reset_token] => 
    [reset_expiration] => 
)

DEBUG - 2024-09-17 23:44:03 --> Password verified successfully.
INFO - 2024-09-17 23:44:03 --> Session: Class initialized using 'CodeIgniter\Session\Handlers\FileHandler' driver.
INFO - 2024-09-17 23:44:03 --> Session: Class initialized using 'CodeIgniter\Session\Handlers\FileHandler' driver.
INFO - 2024-09-17 23:44:09 --> Session: Class initialized using 'CodeIgniter\Session\Handlers\FileHandler' driver.
INFO - 2024-09-17 23:44:25 --> Session: Class initialized using 'CodeIgniter\Session\Handlers\FileHandler' driver.
INFO - 2024-09-17 23:44:37 --> Session: Class initialized using 'CodeIgniter\Session\Handlers\FileHandler' driver.
INFO - 2024-09-17 23:53:14 --> Session: Class initialized using 'CodeIgniter\Session\Handlers\FileHandler' driver.
INFO - 2024-09-17 23:57:51 --> Session: Class initialized using 'CodeIgniter\Session\Handlers\FileHandler' driver.
INFO - 2024-09-17 23:57:52 --> Session: Class initialized using 'CodeIgniter\Session\Handlers\FileHandler' driver.
