ERROR - 2024-09-02 19:00:24 --> Error connecting to the database: mysqli_sql_exception: Access denied for user 'root'@'localhost' (using password: NO) in /Applications/MAMP/htdocs/eskate/system/Database/MySQLi/Connection.php:186
Stack trace:
#0 /Applications/MAMP/htdocs/eskate/system/Database/MySQLi/Connection.php(186): mysqli->real_connect('localhost', 'root', Object(SensitiveParameterValue), 'tvz', 3306, '', 0)
#1 /Applications/MAMP/htdocs/eskate/system/Database/BaseConnection.php(421): CodeIgniter\Database\MySQLi\Connection->connect(false)
#2 /Applications/MAMP/htdocs/eskate/system/Database/BaseConnection.php(616): CodeIgniter\Database\BaseConnection->initialize()
#3 /Applications/MAMP/htdocs/eskate/system/Database/BaseBuilder.php(2340): CodeIgniter\Database\BaseConnection->query('INSERT INTO `us...', Array, false)
#4 /Applications/MAMP/htdocs/eskate/system/Model.php(394): CodeIgniter\Database\BaseBuilder->insert()
#5 /Applications/MAMP/htdocs/eskate/system/BaseModel.php(840): CodeIgniter\Model->doInsert(Array)
#6 /Applications/MAMP/htdocs/eskate/system/Model.php(802): CodeIgniter\BaseModel->insert(Array, false)
#7 /Applications/MAMP/htdocs/eskate/system/BaseModel.php(751): CodeIgniter\Model->insert(Array, false)
#8 /Applications/MAMP/htdocs/eskate/app/Controllers/AuthController.php(23): CodeIgniter\BaseModel->save(Array)
#9 /Applications/MAMP/htdocs/eskate/system/CodeIgniter.php(933): App\Controllers\AuthController->registerUser()
#10 /Applications/MAMP/htdocs/eskate/system/CodeIgniter.php(509): CodeIgniter\CodeIgniter->runController(Object(App\Controllers\AuthController))
#11 /Applications/MAMP/htdocs/eskate/system/CodeIgniter.php(355): CodeIgniter\CodeIgniter->handleRequest(NULL, Object(Config\Cache), false)
#12 /Applications/MAMP/htdocs/eskate/system/Boot.php(325): CodeIgniter\CodeIgniter->run()
#13 /Applications/MAMP/htdocs/eskate/system/Boot.php(67): CodeIgniter\Boot::runCodeIgniter(Object(CodeIgniter\CodeIgniter))
#14 /Applications/MAMP/htdocs/eskate/public/index.php(56): CodeIgniter\Boot::bootWeb(Object(Config\Paths))
#15 {main}

Next CodeIgniter\Database\Exceptions\DatabaseException: Access denied for user '****'@'localhost' (using password: NO) in /Applications/MAMP/htdocs/eskate/system/Database/MySQLi/Connection.php:231
Stack trace:
#0 /Applications/MAMP/htdocs/eskate/system/Database/BaseConnection.php(421): CodeIgniter\Database\MySQLi\Connection->connect(false)
#1 /Applications/MAMP/htdocs/eskate/system/Database/BaseConnection.php(616): CodeIgniter\Database\BaseConnection->initialize()
#2 /Applications/MAMP/htdocs/eskate/system/Database/BaseBuilder.php(2340): CodeIgniter\Database\BaseConnection->query('INSERT INTO `us...', Array, false)
#3 /Applications/MAMP/htdocs/eskate/system/Model.php(394): CodeIgniter\Database\BaseBuilder->insert()
#4 /Applications/MAMP/htdocs/eskate/system/BaseModel.php(840): CodeIgniter\Model->doInsert(Array)
#5 /Applications/MAMP/htdocs/eskate/system/Model.php(802): CodeIgniter\BaseModel->insert(Array, false)
#6 /Applications/MAMP/htdocs/eskate/system/BaseModel.php(751): CodeIgniter\Model->insert(Array, false)
#7 /Applications/MAMP/htdocs/eskate/app/Controllers/AuthController.php(23): CodeIgniter\BaseModel->save(Array)
#8 /Applications/MAMP/htdocs/eskate/system/CodeIgniter.php(933): App\Controllers\AuthController->registerUser()
#9 /Applications/MAMP/htdocs/eskate/system/CodeIgniter.php(509): CodeIgniter\CodeIgniter->runController(Object(App\Controllers\AuthController))
#10 /Applications/MAMP/htdocs/eskate/system/CodeIgniter.php(355): CodeIgniter\CodeIgniter->handleRequest(NULL, Object(Config\Cache), false)
#11 /Applications/MAMP/htdocs/eskate/system/Boot.php(325): CodeIgniter\CodeIgniter->run()
#12 /Applications/MAMP/htdocs/eskate/system/Boot.php(67): CodeIgniter\Boot::runCodeIgniter(Object(CodeIgniter\CodeIgniter))
#13 /Applications/MAMP/htdocs/eskate/public/index.php(56): CodeIgniter\Boot::bootWeb(Object(Config\Paths))
#14 {main}
CRITICAL - 2024-09-02 19:00:24 --> CodeIgniter\Database\Exceptions\DatabaseException: Unable to connect to the database.
Main connection [MySQLi]: Access denied for user '****'@'localhost' (using password: NO)
[Method: POST, Route: registerUser]
in SYSTEMPATH/Database/BaseConnection.php on line 467.
 1 SYSTEMPATH/Database/BaseConnection.php(616): CodeIgniter\Database\BaseConnection->initialize()
 2 SYSTEMPATH/Database/BaseBuilder.php(2340): CodeIgniter\Database\BaseConnection->query('INSERT INTO `users` (`username`, `email`, `password`) VALUES (:username:, :email:, :password:)', [...], false)
 3 SYSTEMPATH/Model.php(394): CodeIgniter\Database\BaseBuilder->insert()
 4 SYSTEMPATH/BaseModel.php(840): CodeIgniter\Model->doInsert([...])
 5 SYSTEMPATH/Model.php(802): CodeIgniter\BaseModel->insert([...], false)
 6 SYSTEMPATH/BaseModel.php(751): CodeIgniter\Model->insert([...], false)
 7 APPPATH/Controllers/AuthController.php(23): CodeIgniter\BaseModel->save([...])
 8 SYSTEMPATH/CodeIgniter.php(933): App\Controllers\AuthController->registerUser()
 9 SYSTEMPATH/CodeIgniter.php(509): CodeIgniter\CodeIgniter->runController(Object(App\Controllers\AuthController))
10 SYSTEMPATH/CodeIgniter.php(355): CodeIgniter\CodeIgniter->handleRequest(null, Object(Config\Cache), false)
11 SYSTEMPATH/Boot.php(325): CodeIgniter\CodeIgniter->run()
12 SYSTEMPATH/Boot.php(67): CodeIgniter\Boot::runCodeIgniter(Object(CodeIgniter\CodeIgniter))
13 FCPATH/index.php(56): CodeIgniter\Boot::bootWeb(Object(Config\Paths))
ERROR - 2024-09-02 19:00:59 --> mysqli_sql_exception: Duplicate entry 'venturinierie@gmail.com' for key 'users.email' in /Applications/MAMP/htdocs/eskate/system/Database/MySQLi/Connection.php:312
Stack trace:
#0 /Applications/MAMP/htdocs/eskate/system/Database/MySQLi/Connection.php(312): mysqli->query('INSERT INTO `us...', 0)
#1 /Applications/MAMP/htdocs/eskate/system/Database/BaseConnection.php(734): CodeIgniter\Database\MySQLi\Connection->execute('INSERT INTO `us...')
#2 /Applications/MAMP/htdocs/eskate/system/Database/BaseConnection.php(648): CodeIgniter\Database\BaseConnection->simpleQuery('INSERT INTO `us...')
#3 /Applications/MAMP/htdocs/eskate/system/Database/BaseBuilder.php(2340): CodeIgniter\Database\BaseConnection->query('INSERT INTO `us...', Array, false)
#4 /Applications/MAMP/htdocs/eskate/system/Model.php(394): CodeIgniter\Database\BaseBuilder->insert()
#5 /Applications/MAMP/htdocs/eskate/system/BaseModel.php(840): CodeIgniter\Model->doInsert(Array)
#6 /Applications/MAMP/htdocs/eskate/system/Model.php(802): CodeIgniter\BaseModel->insert(Array, false)
#7 /Applications/MAMP/htdocs/eskate/system/BaseModel.php(751): CodeIgniter\Model->insert(Array, false)
#8 /Applications/MAMP/htdocs/eskate/app/Controllers/AuthController.php(23): CodeIgniter\BaseModel->save(Array)
#9 /Applications/MAMP/htdocs/eskate/system/CodeIgniter.php(933): App\Controllers\AuthController->registerUser()
#10 /Applications/MAMP/htdocs/eskate/system/CodeIgniter.php(509): CodeIgniter\CodeIgniter->runController(Object(App\Controllers\AuthController))
#11 /Applications/MAMP/htdocs/eskate/system/CodeIgniter.php(355): CodeIgniter\CodeIgniter->handleRequest(NULL, Object(Config\Cache), false)
#12 /Applications/MAMP/htdocs/eskate/system/Boot.php(325): CodeIgniter\CodeIgniter->run()
#13 /Applications/MAMP/htdocs/eskate/system/Boot.php(67): CodeIgniter\Boot::runCodeIgniter(Object(CodeIgniter\CodeIgniter))
#14 /Applications/MAMP/htdocs/eskate/public/index.php(56): CodeIgniter\Boot::bootWeb(Object(Config\Paths))
#15 {main}
CRITICAL - 2024-09-02 19:00:59 --> CodeIgniter\Database\Exceptions\DatabaseException: Duplicate entry 'venturinierie@gmail.com' for key 'users.email'
[Method: POST, Route: registerUser]
in SYSTEMPATH/Database/BaseConnection.php on line 688.
 1 SYSTEMPATH/Database/BaseBuilder.php(2340): CodeIgniter\Database\BaseConnection->query('INSERT INTO `users` (`username`, `email`, `password`) VALUES (:username:, :email:, :password:)', [...], false)
 2 SYSTEMPATH/Model.php(394): CodeIgniter\Database\BaseBuilder->insert()
 3 SYSTEMPATH/BaseModel.php(840): CodeIgniter\Model->doInsert([...])
 4 SYSTEMPATH/Model.php(802): CodeIgniter\BaseModel->insert([...], false)
 5 SYSTEMPATH/BaseModel.php(751): CodeIgniter\Model->insert([...], false)
 6 APPPATH/Controllers/AuthController.php(23): CodeIgniter\BaseModel->save([...])
 7 SYSTEMPATH/CodeIgniter.php(933): App\Controllers\AuthController->registerUser()
 8 SYSTEMPATH/CodeIgniter.php(509): CodeIgniter\CodeIgniter->runController(Object(App\Controllers\AuthController))
 9 SYSTEMPATH/CodeIgniter.php(355): CodeIgniter\CodeIgniter->handleRequest(null, Object(Config\Cache), false)
10 SYSTEMPATH/Boot.php(325): CodeIgniter\CodeIgniter->run()
11 SYSTEMPATH/Boot.php(67): CodeIgniter\Boot::runCodeIgniter(Object(CodeIgniter\CodeIgniter))
12 FCPATH/index.php(56): CodeIgniter\Boot::bootWeb(Object(Config\Paths))
CRITICAL - 2024-09-02 19:00:59 --> [Caused by] CodeIgniter\Database\Exceptions\DatabaseException: Duplicate entry 'venturinierie@gmail.com' for key 'users.email'
in SYSTEMPATH/Database/MySQLi/Connection.php on line 317.
 1 SYSTEMPATH/Database/BaseConnection.php(734): CodeIgniter\Database\MySQLi\Connection->execute('INSERT INTO `users` (`username`, `email`, `password`) VALUES (\'Erie\', \'venturinierie@gmail.com\', \'$2y$10$0k3mAlr53Mg/CbQdYS.fcuKZ2y/T/wFLQK1Z9wQ0cFff18q9ULKJa\')')
 2 SYSTEMPATH/Database/BaseConnection.php(648): CodeIgniter\Database\BaseConnection->simpleQuery('INSERT INTO `users` (`username`, `email`, `password`) VALUES (\'Erie\', \'venturinierie@gmail.com\', \'$2y$10$0k3mAlr53Mg/CbQdYS.fcuKZ2y/T/wFLQK1Z9wQ0cFff18q9ULKJa\')')
 3 SYSTEMPATH/Database/BaseBuilder.php(2340): CodeIgniter\Database\BaseConnection->query('INSERT INTO `users` (`username`, `email`, `password`) VALUES (:username:, :email:, :password:)', [...], false)
 4 SYSTEMPATH/Model.php(394): CodeIgniter\Database\BaseBuilder->insert()
 5 SYSTEMPATH/BaseModel.php(840): CodeIgniter\Model->doInsert([...])
 6 SYSTEMPATH/Model.php(802): CodeIgniter\BaseModel->insert([...], false)
 7 SYSTEMPATH/BaseModel.php(751): CodeIgniter\Model->insert([...], false)
 8 APPPATH/Controllers/AuthController.php(23): CodeIgniter\BaseModel->save([...])
 9 SYSTEMPATH/CodeIgniter.php(933): App\Controllers\AuthController->registerUser()
10 SYSTEMPATH/CodeIgniter.php(509): CodeIgniter\CodeIgniter->runController(Object(App\Controllers\AuthController))
11 SYSTEMPATH/CodeIgniter.php(355): CodeIgniter\CodeIgniter->handleRequest(null, Object(Config\Cache), false)
12 SYSTEMPATH/Boot.php(325): CodeIgniter\CodeIgniter->run()
13 SYSTEMPATH/Boot.php(67): CodeIgniter\Boot::runCodeIgniter(Object(CodeIgniter\CodeIgniter))
14 FCPATH/index.php(56): CodeIgniter\Boot::bootWeb(Object(Config\Paths))
CRITICAL - 2024-09-02 19:00:59 --> [Caused by] mysqli_sql_exception: Duplicate entry 'venturinierie@gmail.com' for key 'users.email'
in SYSTEMPATH/Database/MySQLi/Connection.php on line 312.
 1 SYSTEMPATH/Database/MySQLi/Connection.php(312): mysqli->query('INSERT INTO `users` (`username`, `email`, `password`) VALUES (\'Erie\', \'venturinierie@gmail.com\', \'$2y$10$0k3mAlr53Mg/CbQdYS.fcuKZ2y/T/wFLQK1Z9wQ0cFff18q9ULKJa\')', 0)
 2 SYSTEMPATH/Database/BaseConnection.php(734): CodeIgniter\Database\MySQLi\Connection->execute('INSERT INTO `users` (`username`, `email`, `password`) VALUES (\'Erie\', \'venturinierie@gmail.com\', \'$2y$10$0k3mAlr53Mg/CbQdYS.fcuKZ2y/T/wFLQK1Z9wQ0cFff18q9ULKJa\')')
 3 SYSTEMPATH/Database/BaseConnection.php(648): CodeIgniter\Database\BaseConnection->simpleQuery('INSERT INTO `users` (`username`, `email`, `password`) VALUES (\'Erie\', \'venturinierie@gmail.com\', \'$2y$10$0k3mAlr53Mg/CbQdYS.fcuKZ2y/T/wFLQK1Z9wQ0cFff18q9ULKJa\')')
 4 SYSTEMPATH/Database/BaseBuilder.php(2340): CodeIgniter\Database\BaseConnection->query('INSERT INTO `users` (`username`, `email`, `password`) VALUES (:username:, :email:, :password:)', [...], false)
 5 SYSTEMPATH/Model.php(394): CodeIgniter\Database\BaseBuilder->insert()
 6 SYSTEMPATH/BaseModel.php(840): CodeIgniter\Model->doInsert([...])
 7 SYSTEMPATH/Model.php(802): CodeIgniter\BaseModel->insert([...], false)
 8 SYSTEMPATH/BaseModel.php(751): CodeIgniter\Model->insert([...], false)
 9 APPPATH/Controllers/AuthController.php(23): CodeIgniter\BaseModel->save([...])
10 SYSTEMPATH/CodeIgniter.php(933): App\Controllers\AuthController->registerUser()
11 SYSTEMPATH/CodeIgniter.php(509): CodeIgniter\CodeIgniter->runController(Object(App\Controllers\AuthController))
12 SYSTEMPATH/CodeIgniter.php(355): CodeIgniter\CodeIgniter->handleRequest(null, Object(Config\Cache), false)
13 SYSTEMPATH/Boot.php(325): CodeIgniter\CodeIgniter->run()
14 SYSTEMPATH/Boot.php(67): CodeIgniter\Boot::runCodeIgniter(Object(CodeIgniter\CodeIgniter))
15 FCPATH/index.php(56): CodeIgniter\Boot::bootWeb(Object(Config\Paths))
