INFO - 2024-10-04 18:01:56 --> Session: Class initialized using 'CodeIgniter\Session\Handlers\FileHandler' driver.
INFO - 2024-10-04 18:01:57 --> Session: Class initialized using 'CodeIgniter\Session\Handlers\FileHandler' driver.
INFO - 2024-10-04 18:01:58 --> Session: Class initialized using 'CodeIgniter\Session\Handlers\FileHandler' driver.
ERROR - 2024-10-04 18:01:58 --> Error al obtener el skate con ubicación: Call to undefined method App\Models\SkateModel::getSkateWithLocation
INFO - 2024-10-04 18:01:58 --> Session: Class initialized using 'CodeIgniter\Session\Handlers\FileHandler' driver.
INFO - 2024-10-04 18:02:01 --> Session: Class initialized using 'CodeIgniter\Session\Handlers\FileHandler' driver.
ERROR - 2024-10-04 18:02:01 --> Error al obtener el skate con ubicación: Call to undefined method App\Models\SkateModel::getSkateWithLocation
INFO - 2024-10-04 18:02:01 --> Session: Class initialized using 'CodeIgniter\Session\Handlers\FileHandler' driver.
INFO - 2024-10-04 18:02:15 --> Session: Class initialized using 'CodeIgniter\Session\Handlers\FileHandler' driver.
ERROR - 2024-10-04 18:02:15 --> Error al obtener el skate con ubicación: Call to undefined method App\Models\SkateModel::getSkateWithLocation
INFO - 2024-10-04 18:02:15 --> Session: Class initialized using 'CodeIgniter\Session\Handlers\FileHandler' driver.
INFO - 2024-10-04 18:02:24 --> Session: Class initialized using 'CodeIgniter\Session\Handlers\FileHandler' driver.
INFO - 2024-10-04 18:02:25 --> Session: Class initialized using 'CodeIgniter\Session\Handlers\FileHandler' driver.
INFO - 2024-10-04 18:03:52 --> Session: Class initialized using 'CodeIgniter\Session\Handlers\FileHandler' driver.
INFO - 2024-10-04 18:03:53 --> Session: Class initialized using 'CodeIgniter\Session\Handlers\FileHandler' driver.
INFO - 2024-10-04 18:06:11 --> Session: Class initialized using 'CodeIgniter\Session\Handlers\FileHandler' driver.
CRITICAL - 2024-10-04 18:06:13 --> ParseError: syntax error, unexpected identifier "A", expecting ")"
[Method: POST, Route: skate/activate-buzzer/YYYYY4]
in APPPATH/Controllers/SkateController.php on line 109.
 1 SYSTEMPATH/Autoloader/Autoloader.php(296): CodeIgniter\Autoloader\Autoloader->includeFile('/Applications/MAMP/htdocs/eskate/app/Controllers/SkateController.php')
 2 SYSTEMPATH/Autoloader/Autoloader.php(272): CodeIgniter\Autoloader\Autoloader->loadInNamespace('App\\Controllers\\SkateController')
 3 [internal function]: CodeIgniter\Autoloader\Autoloader->loadClass('App\\Controllers\\SkateController')
 4 SYSTEMPATH/CodeIgniter.php(887): class_exists('\\App\\Controllers\\SkateController', true)
 5 SYSTEMPATH/CodeIgniter.php(496): CodeIgniter\CodeIgniter->startController()
 6 SYSTEMPATH/CodeIgniter.php(355): CodeIgniter\CodeIgniter->handleRequest(null, Object(Config\Cache), false)
 7 SYSTEMPATH/Boot.php(325): CodeIgniter\CodeIgniter->run()
 8 SYSTEMPATH/Boot.php(67): CodeIgniter\Boot::runCodeIgniter(Object(CodeIgniter\CodeIgniter))
 9 FCPATH/index.php(56): CodeIgniter\Boot::bootWeb(Object(Config\Paths))
INFO - 2024-10-04 18:06:56 --> Session: Class initialized using 'CodeIgniter\Session\Handlers\FileHandler' driver.
INFO - 2024-10-04 18:06:56 --> Session: Class initialized using 'CodeIgniter\Session\Handlers\FileHandler' driver.
INFO - 2024-10-04 18:06:57 --> Session: Class initialized using 'CodeIgniter\Session\Handlers\FileHandler' driver.
INFO - 2024-10-04 18:09:46 --> Session: Class initialized using 'CodeIgniter\Session\Handlers\FileHandler' driver.
INFO - 2024-10-04 18:10:13 --> Session: Class initialized using 'CodeIgniter\Session\Handlers\FileHandler' driver.
INFO - 2024-10-04 18:11:11 --> Session: Class initialized using 'CodeIgniter\Session\Handlers\FileHandler' driver.
INFO - 2024-10-04 18:11:12 --> Session: Class initialized using 'CodeIgniter\Session\Handlers\FileHandler' driver.
INFO - 2024-10-04 18:11:20 --> Session: Class initialized using 'CodeIgniter\Session\Handlers\FileHandler' driver.
INFO - 2024-10-04 18:11:24 --> Session: Class initialized using 'CodeIgniter\Session\Handlers\FileHandler' driver.
INFO - 2024-10-04 18:11:33 --> Session: Class initialized using 'CodeIgniter\Session\Handlers\FileHandler' driver.
INFO - 2024-10-04 18:17:07 --> Session: Class initialized using 'CodeIgniter\Session\Handlers\FileHandler' driver.
INFO - 2024-10-04 21:46:47 --> Session: Class initialized using 'CodeIgniter\Session\Handlers\FileHandler' driver.
INFO - 2024-10-04 22:09:50 --> Session: Class initialized using 'CodeIgniter\Session\Handlers\FileHandler' driver.
INFO - 2024-10-04 22:10:05 --> Session: Class initialized using 'CodeIgniter\Session\Handlers\FileHandler' driver.
INFO - 2024-10-04 22:10:15 --> Session: Class initialized using 'CodeIgniter\Session\Handlers\FileHandler' driver.
INFO - 2024-10-04 22:12:19 --> Session: Class initialized using 'CodeIgniter\Session\Handlers\FileHandler' driver.
INFO - 2024-10-04 22:14:57 --> Session: Class initialized using 'CodeIgniter\Session\Handlers\FileHandler' driver.
CRITICAL - 2024-10-04 22:17:40 --> CodeIgniter\HTTP\Exceptions\HTTPException: 7 : Failed to connect to 192.168.118.98 port 80: Connection refused
[Method: POST, Route: skate/activate-buzzer/YYYYY4]
in SYSTEMPATH/HTTP/CURLRequest.php on line 694.
 1 SYSTEMPATH/HTTP/CURLRequest.php(694): CodeIgniter\HTTP\Exceptions\HTTPException::forCurlError('7', 'Failed to connect to 192.168.118.98 port 80: Connection refused')
 2 SYSTEMPATH/HTTP/CURLRequest.php(383): CodeIgniter\HTTP\CURLRequest->sendRequest([...])
 3 SYSTEMPATH/HTTP/CURLRequest.php(152): CodeIgniter\HTTP\CURLRequest->send('GET', 'http://192.168.118.98/activate-buzzer?duration=10')
 4 SYSTEMPATH/HTTP/CURLRequest.php(187): CodeIgniter\HTTP\CURLRequest->request('GET', 'http://192.168.118.98/activate-buzzer?duration=10', [])
 5 APPPATH/Controllers/SkateController.php(125): CodeIgniter\HTTP\CURLRequest->get('http://192.168.118.98/activate-buzzer?duration=10')
 6 SYSTEMPATH/CodeIgniter.php(933): App\Controllers\SkateController->activateBuzzerTimed('YYYYY4')
 7 SYSTEMPATH/CodeIgniter.php(509): CodeIgniter\CodeIgniter->runController(Object(App\Controllers\SkateController))
 8 SYSTEMPATH/CodeIgniter.php(355): CodeIgniter\CodeIgniter->handleRequest(null, Object(Config\Cache), false)
 9 SYSTEMPATH/Boot.php(325): CodeIgniter\CodeIgniter->run()
10 SYSTEMPATH/Boot.php(67): CodeIgniter\Boot::runCodeIgniter(Object(CodeIgniter\CodeIgniter))
11 FCPATH/index.php(56): CodeIgniter\Boot::bootWeb(Object(Config\Paths))
INFO - 2024-10-04 22:17:41 --> Session: Class initialized using 'CodeIgniter\Session\Handlers\FileHandler' driver.
INFO - 2024-10-04 22:17:41 --> Session: Class initialized using 'CodeIgniter\Session\Handlers\FileHandler' driver.
INFO - 2024-10-04 22:17:42 --> Session: Class initialized using 'CodeIgniter\Session\Handlers\FileHandler' driver.
CRITICAL - 2024-10-04 22:17:44 --> CodeIgniter\HTTP\Exceptions\HTTPException: 7 : Failed to connect to 192.168.118.98 port 80: Connection refused
[Method: POST, Route: skate/activate-buzzer/YYYYY4]
in SYSTEMPATH/HTTP/CURLRequest.php on line 694.
 1 SYSTEMPATH/HTTP/CURLRequest.php(694): CodeIgniter\HTTP\Exceptions\HTTPException::forCurlError('7', 'Failed to connect to 192.168.118.98 port 80: Connection refused')
 2 SYSTEMPATH/HTTP/CURLRequest.php(383): CodeIgniter\HTTP\CURLRequest->sendRequest([...])
 3 SYSTEMPATH/HTTP/CURLRequest.php(152): CodeIgniter\HTTP\CURLRequest->send('GET', 'http://192.168.118.98/activate-buzzer?duration=10')
 4 SYSTEMPATH/HTTP/CURLRequest.php(187): CodeIgniter\HTTP\CURLRequest->request('GET', 'http://192.168.118.98/activate-buzzer?duration=10', [])
 5 APPPATH/Controllers/SkateController.php(125): CodeIgniter\HTTP\CURLRequest->get('http://192.168.118.98/activate-buzzer?duration=10')
 6 SYSTEMPATH/CodeIgniter.php(933): App\Controllers\SkateController->activateBuzzerTimed('YYYYY4')
 7 SYSTEMPATH/CodeIgniter.php(509): CodeIgniter\CodeIgniter->runController(Object(App\Controllers\SkateController))
 8 SYSTEMPATH/CodeIgniter.php(355): CodeIgniter\CodeIgniter->handleRequest(null, Object(Config\Cache), false)
 9 SYSTEMPATH/Boot.php(325): CodeIgniter\CodeIgniter->run()
10 SYSTEMPATH/Boot.php(67): CodeIgniter\Boot::runCodeIgniter(Object(CodeIgniter\CodeIgniter))
11 FCPATH/index.php(56): CodeIgniter\Boot::bootWeb(Object(Config\Paths))
INFO - 2024-10-04 22:17:47 --> Session: Class initialized using 'CodeIgniter\Session\Handlers\FileHandler' driver.
INFO - 2024-10-04 22:30:21 --> Session: Class initialized using 'CodeIgniter\Session\Handlers\FileHandler' driver.
INFO - 2024-10-04 22:30:22 --> Session: Class initialized using 'CodeIgniter\Session\Handlers\FileHandler' driver.
INFO - 2024-10-04 22:35:17 --> Session: Class initialized using 'CodeIgniter\Session\Handlers\FileHandler' driver.
INFO - 2024-10-04 22:35:18 --> Session: Class initialized using 'CodeIgniter\Session\Handlers\FileHandler' driver.
INFO - 2024-10-04 22:47:25 --> Session: Class initialized using 'CodeIgniter\Session\Handlers\FileHandler' driver.
INFO - 2024-10-04 22:47:44 --> Session: Class initialized using 'CodeIgniter\Session\Handlers\FileHandler' driver.
INFO - 2024-10-04 22:48:20 --> Session: Class initialized using 'CodeIgniter\Session\Handlers\FileHandler' driver.
INFO - 2024-10-04 22:48:28 --> Session: Class initialized using 'CodeIgniter\Session\Handlers\FileHandler' driver.
INFO - 2024-10-04 22:48:29 --> Session: Class initialized using 'CodeIgniter\Session\Handlers\FileHandler' driver.
INFO - 2024-10-04 22:57:49 --> Session: Class initialized using 'CodeIgniter\Session\Handlers\FileHandler' driver.
INFO - 2024-10-04 22:57:51 --> Session: Class initialized using 'CodeIgniter\Session\Handlers\FileHandler' driver.
INFO - 2024-10-04 23:04:41 --> Session: Class initialized using 'CodeIgniter\Session\Handlers\FileHandler' driver.
INFO - 2024-10-04 23:04:50 --> Session: Class initialized using 'CodeIgniter\Session\Handlers\FileHandler' driver.
CRITICAL - 2024-10-04 23:09:20 --> CodeIgniter\HTTP\Exceptions\HTTPException: 7 : Failed to connect to 192.168.118.98 port 80: Connection refused
[Method: POST, Route: skate/activate-buzzer/YYYYY4]
in SYSTEMPATH/HTTP/CURLRequest.php on line 694.
 1 SYSTEMPATH/HTTP/CURLRequest.php(694): CodeIgniter\HTTP\Exceptions\HTTPException::forCurlError('7', 'Failed to connect to 192.168.118.98 port 80: Connection refused')
 2 SYSTEMPATH/HTTP/CURLRequest.php(383): CodeIgniter\HTTP\CURLRequest->sendRequest([...])
 3 SYSTEMPATH/HTTP/CURLRequest.php(152): CodeIgniter\HTTP\CURLRequest->send('GET', 'http://192.168.118.98/activate-buzzer?duration=10')
 4 SYSTEMPATH/HTTP/CURLRequest.php(187): CodeIgniter\HTTP\CURLRequest->request('GET', 'http://192.168.118.98/activate-buzzer?duration=10', [])
 5 APPPATH/Controllers/SkateController.php(125): CodeIgniter\HTTP\CURLRequest->get('http://192.168.118.98/activate-buzzer?duration=10')
 6 SYSTEMPATH/CodeIgniter.php(933): App\Controllers\SkateController->activateBuzzerTimed('YYYYY4')
 7 SYSTEMPATH/CodeIgniter.php(509): CodeIgniter\CodeIgniter->runController(Object(App\Controllers\SkateController))
 8 SYSTEMPATH/CodeIgniter.php(355): CodeIgniter\CodeIgniter->handleRequest(null, Object(Config\Cache), false)
 9 SYSTEMPATH/Boot.php(325): CodeIgniter\CodeIgniter->run()
10 SYSTEMPATH/Boot.php(67): CodeIgniter\Boot::runCodeIgniter(Object(CodeIgniter\CodeIgniter))
11 FCPATH/index.php(56): CodeIgniter\Boot::bootWeb(Object(Config\Paths))
INFO - 2024-10-04 23:09:23 --> Session: Class initialized using 'CodeIgniter\Session\Handlers\FileHandler' driver.
CRITICAL - 2024-10-04 23:13:06 --> CodeIgniter\HTTP\Exceptions\HTTPException: 7 : Failed to connect to 192.168.118.98 port 80: Connection refused
[Method: POST, Route: skate/activate-buzzer/YYYYY4]
in SYSTEMPATH/HTTP/CURLRequest.php on line 694.
 1 SYSTEMPATH/HTTP/CURLRequest.php(694): CodeIgniter\HTTP\Exceptions\HTTPException::forCurlError('7', 'Failed to connect to 192.168.118.98 port 80: Connection refused')
 2 SYSTEMPATH/HTTP/CURLRequest.php(383): CodeIgniter\HTTP\CURLRequest->sendRequest([...])
 3 SYSTEMPATH/HTTP/CURLRequest.php(152): CodeIgniter\HTTP\CURLRequest->send('GET', 'http://192.168.118.98/activate-buzzer?duration=10')
 4 SYSTEMPATH/HTTP/CURLRequest.php(187): CodeIgniter\HTTP\CURLRequest->request('GET', 'http://192.168.118.98/activate-buzzer?duration=10', [])
 5 APPPATH/Controllers/SkateController.php(125): CodeIgniter\HTTP\CURLRequest->get('http://192.168.118.98/activate-buzzer?duration=10')
 6 SYSTEMPATH/CodeIgniter.php(933): App\Controllers\SkateController->activateBuzzerTimed('YYYYY4')
 7 SYSTEMPATH/CodeIgniter.php(509): CodeIgniter\CodeIgniter->runController(Object(App\Controllers\SkateController))
 8 SYSTEMPATH/CodeIgniter.php(355): CodeIgniter\CodeIgniter->handleRequest(null, Object(Config\Cache), false)
 9 SYSTEMPATH/Boot.php(325): CodeIgniter\CodeIgniter->run()
10 SYSTEMPATH/Boot.php(67): CodeIgniter\Boot::runCodeIgniter(Object(CodeIgniter\CodeIgniter))
11 FCPATH/index.php(56): CodeIgniter\Boot::bootWeb(Object(Config\Paths))
INFO - 2024-10-04 23:13:48 --> Session: Class initialized using 'CodeIgniter\Session\Handlers\FileHandler' driver.
CRITICAL - 2024-10-04 23:13:50 --> CodeIgniter\HTTP\Exceptions\HTTPException: 22 : The requested URL returned error: 500
[Method: POST, Route: skate/activate-buzzer/YYYYY4]
in SYSTEMPATH/HTTP/CURLRequest.php on line 694.
 1 SYSTEMPATH/HTTP/CURLRequest.php(694): CodeIgniter\HTTP\Exceptions\HTTPException::forCurlError('22', 'The requested URL returned error: 500')
 2 SYSTEMPATH/HTTP/CURLRequest.php(383): CodeIgniter\HTTP\CURLRequest->sendRequest([...])
 3 SYSTEMPATH/HTTP/CURLRequest.php(152): CodeIgniter\HTTP\CURLRequest->send('GET', 'http://192.168.118.98:8080/activate-buzzer?duration=10')
 4 SYSTEMPATH/HTTP/CURLRequest.php(187): CodeIgniter\HTTP\CURLRequest->request('GET', 'http://192.168.118.98:8080/activate-buzzer?duration=10', [])
 5 APPPATH/Controllers/SkateController.php(125): CodeIgniter\HTTP\CURLRequest->get('http://192.168.118.98:8080/activate-buzzer?duration=10')
 6 SYSTEMPATH/CodeIgniter.php(933): App\Controllers\SkateController->activateBuzzerTimed('YYYYY4')
 7 SYSTEMPATH/CodeIgniter.php(509): CodeIgniter\CodeIgniter->runController(Object(App\Controllers\SkateController))
 8 SYSTEMPATH/CodeIgniter.php(355): CodeIgniter\CodeIgniter->handleRequest(null, Object(Config\Cache), false)
 9 SYSTEMPATH/Boot.php(325): CodeIgniter\CodeIgniter->run()
10 SYSTEMPATH/Boot.php(67): CodeIgniter\Boot::runCodeIgniter(Object(CodeIgniter\CodeIgniter))
11 FCPATH/index.php(56): CodeIgniter\Boot::bootWeb(Object(Config\Paths))
INFO - 2024-10-04 23:14:51 --> Session: Class initialized using 'CodeIgniter\Session\Handlers\FileHandler' driver.
INFO - 2024-10-04 23:15:26 --> Session: Class initialized using 'CodeIgniter\Session\Handlers\FileHandler' driver.
