INFO - 2024-09-27 17:11:05 --> Session: Class initialized using 'CodeIgniter\Session\Handlers\FileHandler' driver.
INFO - 2024-09-27 17:11:05 --> Session: Class initialized using 'CodeIgniter\Session\Handlers\FileHandler' driver.
INFO - 2024-09-27 17:11:16 --> Session: Class initialized using 'CodeIgniter\Session\Handlers\FileHandler' driver.
DEBUG - 2024-09-27 17:11:19 --> User not found with email: venturinierie@gmail.com
INFO - 2024-09-27 17:11:19 --> Session: Class initialized using 'CodeIgniter\Session\Handlers\FileHandler' driver.
INFO - 2024-09-27 17:11:19 --> Session: Class initialized using 'CodeIgniter\Session\Handlers\FileHandler' driver.
INFO - 2024-09-27 17:11:30 --> Session: Class initialized using 'CodeIgniter\Session\Handlers\FileHandler' driver.
INFO - 2024-09-27 17:11:39 --> Session: Class initialized using 'CodeIgniter\Session\Handlers\FileHandler' driver.
INFO - 2024-09-27 17:11:39 --> Session: Class initialized using 'CodeIgniter\Session\Handlers\FileHandler' driver.
DEBUG - 2024-09-27 17:11:44 --> User found: Array
(
    [id] => 75
    [username] => Erie
    [email] => venturinierie@gmail.com
    [password] => $2y$10$ZVat7XEwofHM6F195jZFse25ST0QttUXGSoXamPEYq1oWNArDMNIG
    [reset_token] => 
    [reset_expiration] => 
)

DEBUG - 2024-09-27 17:11:44 --> Password verified successfully.
INFO - 2024-09-27 17:11:44 --> Session: Class initialized using 'CodeIgniter\Session\Handlers\FileHandler' driver.
INFO - 2024-09-27 17:11:45 --> Session: Class initialized using 'CodeIgniter\Session\Handlers\FileHandler' driver.
INFO - 2024-09-27 17:11:49 --> Session: Class initialized using 'CodeIgniter\Session\Handlers\FileHandler' driver.
INFO - 2024-09-27 17:11:49 --> Session: Class initialized using 'CodeIgniter\Session\Handlers\FileHandler' driver.
INFO - 2024-09-27 17:12:24 --> Session: Class initialized using 'CodeIgniter\Session\Handlers\FileHandler' driver.
INFO - 2024-09-27 17:12:24 --> Session: Class initialized using 'CodeIgniter\Session\Handlers\FileHandler' driver.
INFO - 2024-09-27 17:12:29 --> Session: Class initialized using 'CodeIgniter\Session\Handlers\FileHandler' driver.
DEBUG - 2024-09-27 17:34:27 --> Datos recibidos: codigo=YYYYY1, velocidad=0, bateria=90, temperatura=28.1, ID_ubicacion=1, longitud=-64.12738, latitud=-32.17369, hora=14:34:26
DEBUG - 2024-09-27 17:34:59 --> Datos recibidos: codigo=YYYYY1, velocidad=0, bateria=90, temperatura=28.1, ID_ubicacion=1, longitud=-64.12734, latitud=-32.17371, hora=14:34:58
INFO - 2024-09-27 17:41:54 --> Session: Class initialized using 'CodeIgniter\Session\Handlers\FileHandler' driver.
INFO - 2024-09-27 17:41:54 --> Session: Class initialized using 'CodeIgniter\Session\Handlers\FileHandler' driver.
INFO - 2024-09-27 17:44:20 --> Session: Class initialized using 'CodeIgniter\Session\Handlers\FileHandler' driver.
INFO - 2024-09-27 17:44:31 --> Session: Class initialized using 'CodeIgniter\Session\Handlers\FileHandler' driver.
DEBUG - 2024-09-27 17:44:35 --> User found: Array
(
    [id] => 75
    [username] => Erie
    [email] => venturinierie@gmail.com
    [password] => $2y$10$ZVat7XEwofHM6F195jZFse25ST0QttUXGSoXamPEYq1oWNArDMNIG
    [reset_token] => 
    [reset_expiration] => 
)

DEBUG - 2024-09-27 17:44:35 --> Password verified successfully.
INFO - 2024-09-27 17:44:35 --> Session: Class initialized using 'CodeIgniter\Session\Handlers\FileHandler' driver.
INFO - 2024-09-27 17:44:35 --> Session: Class initialized using 'CodeIgniter\Session\Handlers\FileHandler' driver.
INFO - 2024-09-27 17:44:37 --> Session: Class initialized using 'CodeIgniter\Session\Handlers\FileHandler' driver.
INFO - 2024-09-27 22:12:52 --> Session: Class initialized using 'CodeIgniter\Session\Handlers\FileHandler' driver.
DEBUG - 2024-09-27 22:12:56 --> User found: Array
(
    [id] => 75
    [username] => Erie
    [email] => venturinierie@gmail.com
    [password] => $2y$10$ZVat7XEwofHM6F195jZFse25ST0QttUXGSoXamPEYq1oWNArDMNIG
    [reset_token] => 
    [reset_expiration] => 
)

DEBUG - 2024-09-27 22:12:57 --> Password verification failed.
INFO - 2024-09-27 22:12:57 --> Session: Class initialized using 'CodeIgniter\Session\Handlers\FileHandler' driver.
INFO - 2024-09-27 22:12:57 --> Session: Class initialized using 'CodeIgniter\Session\Handlers\FileHandler' driver.
DEBUG - 2024-09-27 22:13:01 --> User found: Array
(
    [id] => 75
    [username] => Erie
    [email] => venturinierie@gmail.com
    [password] => $2y$10$ZVat7XEwofHM6F195jZFse25ST0QttUXGSoXamPEYq1oWNArDMNIG
    [reset_token] => 
    [reset_expiration] => 
)

DEBUG - 2024-09-27 22:13:01 --> Password verified successfully.
INFO - 2024-09-27 22:13:01 --> Session: Class initialized using 'CodeIgniter\Session\Handlers\FileHandler' driver.
INFO - 2024-09-27 22:13:01 --> Session: Class initialized using 'CodeIgniter\Session\Handlers\FileHandler' driver.
INFO - 2024-09-27 22:13:08 --> Session: Class initialized using 'CodeIgniter\Session\Handlers\FileHandler' driver.
INFO - 2024-09-27 22:13:08 --> Session: Class initialized using 'CodeIgniter\Session\Handlers\FileHandler' driver.
INFO - 2024-09-27 22:13:09 --> Session: Class initialized using 'CodeIgniter\Session\Handlers\FileHandler' driver.
ERROR - 2024-09-27 22:13:09 --> mysqli_sql_exception: Unknown column 'skate.ID_ubicacion' in 'on clause' in /Applications/MAMP/htdocs/eskate/system/Database/MySQLi/Connection.php:312
Stack trace:
#0 /Applications/MAMP/htdocs/eskate/system/Database/MySQLi/Connection.php(312): mysqli->query('SELECT `skate`....', 0)
#1 /Applications/MAMP/htdocs/eskate/system/Database/BaseConnection.php(734): CodeIgniter\Database\MySQLi\Connection->execute('SELECT `skate`....')
#2 /Applications/MAMP/htdocs/eskate/system/Database/BaseConnection.php(648): CodeIgniter\Database\BaseConnection->simpleQuery('SELECT `skate`....')
#3 /Applications/MAMP/htdocs/eskate/system/Database/BaseBuilder.php(1644): CodeIgniter\Database\BaseConnection->query('SELECT `skate`....', Array, false)
#4 /Applications/MAMP/htdocs/eskate/system/Model.php(330): CodeIgniter\Database\BaseBuilder->get()
#5 /Applications/MAMP/htdocs/eskate/system/BaseModel.php(714): CodeIgniter\Model->doFirst()
#6 /Applications/MAMP/htdocs/eskate/app/Models/skatemodel.php(24): CodeIgniter\BaseModel->first()
#7 /Applications/MAMP/htdocs/eskate/app/Controllers/AuthController.php(116): App\Models\SkateModel->getSkateWithLocation('YYYYY4')
#8 /Applications/MAMP/htdocs/eskate/system/CodeIgniter.php(933): App\Controllers\AuthController->viewSkate('YYYYY4')
#9 /Applications/MAMP/htdocs/eskate/system/CodeIgniter.php(509): CodeIgniter\CodeIgniter->runController(Object(App\Controllers\AuthController))
#10 /Applications/MAMP/htdocs/eskate/system/CodeIgniter.php(355): CodeIgniter\CodeIgniter->handleRequest(NULL, Object(Config\Cache), false)
#11 /Applications/MAMP/htdocs/eskate/system/Boot.php(325): CodeIgniter\CodeIgniter->run()
#12 /Applications/MAMP/htdocs/eskate/system/Boot.php(67): CodeIgniter\Boot::runCodeIgniter(Object(CodeIgniter\CodeIgniter))
#13 /Applications/MAMP/htdocs/eskate/public/index.php(56): CodeIgniter\Boot::bootWeb(Object(Config\Paths))
#14 {main}
CRITICAL - 2024-09-27 22:13:09 --> CodeIgniter\Database\Exceptions\DatabaseException: Unknown column 'skate.ID_ubicacion' in 'on clause'
[Method: GET, Route: view-skate/YYYYY4]
in SYSTEMPATH/Database/BaseConnection.php on line 688.
 1 SYSTEMPATH/Database/BaseBuilder.php(1644): CodeIgniter\Database\BaseConnection->query('SELECT `skate`.*, `ubicacion`.`longitud`, `ubicacion`.`latitud`, `ubicacion`.`hora`
FROM `skate`
JOIN `ubicacion` ON `skate`.`ID_ubicacion` = `ubicacion`.`ID_ubicacion`
WHERE `skate`.`codigo` = :skate.codigo:
 LIMIT 1', [...], false)
 2 SYSTEMPATH/Model.php(330): CodeIgniter\Database\BaseBuilder->get()
 3 SYSTEMPATH/BaseModel.php(714): CodeIgniter\Model->doFirst()
 4 APPPATH/Models/skatemodel.php(24): CodeIgniter\BaseModel->first()
 5 APPPATH/Controllers/AuthController.php(116): App\Models\SkateModel->getSkateWithLocation('YYYYY4')
 6 SYSTEMPATH/CodeIgniter.php(933): App\Controllers\AuthController->viewSkate('YYYYY4')
 7 SYSTEMPATH/CodeIgniter.php(509): CodeIgniter\CodeIgniter->runController(Object(App\Controllers\AuthController))
 8 SYSTEMPATH/CodeIgniter.php(355): CodeIgniter\CodeIgniter->handleRequest(null, Object(Config\Cache), false)
 9 SYSTEMPATH/Boot.php(325): CodeIgniter\CodeIgniter->run()
10 SYSTEMPATH/Boot.php(67): CodeIgniter\Boot::runCodeIgniter(Object(CodeIgniter\CodeIgniter))
11 FCPATH/index.php(56): CodeIgniter\Boot::bootWeb(Object(Config\Paths))
CRITICAL - 2024-09-27 22:13:09 --> [Caused by] CodeIgniter\Database\Exceptions\DatabaseException: Unknown column 'skate.ID_ubicacion' in 'on clause'
in SYSTEMPATH/Database/MySQLi/Connection.php on line 317.
 1 SYSTEMPATH/Database/BaseConnection.php(734): CodeIgniter\Database\MySQLi\Connection->execute('SELECT `skate`.*, `ubicacion`.`longitud`, `ubicacion`.`latitud`, `ubicacion`.`hora`
FROM `skate`
JOIN `ubicacion` ON `skate`.`ID_ubicacion` = `ubicacion`.`ID_ubicacion`
WHERE `skate`.`codigo` = \'YYYYY4\'
 LIMIT 1')
 2 SYSTEMPATH/Database/BaseConnection.php(648): CodeIgniter\Database\BaseConnection->simpleQuery('SELECT `skate`.*, `ubicacion`.`longitud`, `ubicacion`.`latitud`, `ubicacion`.`hora`
FROM `skate`
JOIN `ubicacion` ON `skate`.`ID_ubicacion` = `ubicacion`.`ID_ubicacion`
WHERE `skate`.`codigo` = \'YYYYY4\'
 LIMIT 1')
 3 SYSTEMPATH/Database/BaseBuilder.php(1644): CodeIgniter\Database\BaseConnection->query('SELECT `skate`.*, `ubicacion`.`longitud`, `ubicacion`.`latitud`, `ubicacion`.`hora`
FROM `skate`
JOIN `ubicacion` ON `skate`.`ID_ubicacion` = `ubicacion`.`ID_ubicacion`
WHERE `skate`.`codigo` = :skate.codigo:
 LIMIT 1', [...], false)
 4 SYSTEMPATH/Model.php(330): CodeIgniter\Database\BaseBuilder->get()
 5 SYSTEMPATH/BaseModel.php(714): CodeIgniter\Model->doFirst()
 6 APPPATH/Models/skatemodel.php(24): CodeIgniter\BaseModel->first()
 7 APPPATH/Controllers/AuthController.php(116): App\Models\SkateModel->getSkateWithLocation('YYYYY4')
 8 SYSTEMPATH/CodeIgniter.php(933): App\Controllers\AuthController->viewSkate('YYYYY4')
 9 SYSTEMPATH/CodeIgniter.php(509): CodeIgniter\CodeIgniter->runController(Object(App\Controllers\AuthController))
10 SYSTEMPATH/CodeIgniter.php(355): CodeIgniter\CodeIgniter->handleRequest(null, Object(Config\Cache), false)
11 SYSTEMPATH/Boot.php(325): CodeIgniter\CodeIgniter->run()
12 SYSTEMPATH/Boot.php(67): CodeIgniter\Boot::runCodeIgniter(Object(CodeIgniter\CodeIgniter))
13 FCPATH/index.php(56): CodeIgniter\Boot::bootWeb(Object(Config\Paths))
CRITICAL - 2024-09-27 22:13:09 --> [Caused by] mysqli_sql_exception: Unknown column 'skate.ID_ubicacion' in 'on clause'
in SYSTEMPATH/Database/MySQLi/Connection.php on line 312.
 1 SYSTEMPATH/Database/MySQLi/Connection.php(312): mysqli->query('SELECT `skate`.*, `ubicacion`.`longitud`, `ubicacion`.`latitud`, `ubicacion`.`hora`
FROM `skate`
JOIN `ubicacion` ON `skate`.`ID_ubicacion` = `ubicacion`.`ID_ubicacion`
WHERE `skate`.`codigo` = \'YYYYY4\'
 LIMIT 1', 0)
 2 SYSTEMPATH/Database/BaseConnection.php(734): CodeIgniter\Database\MySQLi\Connection->execute('SELECT `skate`.*, `ubicacion`.`longitud`, `ubicacion`.`latitud`, `ubicacion`.`hora`
FROM `skate`
JOIN `ubicacion` ON `skate`.`ID_ubicacion` = `ubicacion`.`ID_ubicacion`
WHERE `skate`.`codigo` = \'YYYYY4\'
 LIMIT 1')
 3 SYSTEMPATH/Database/BaseConnection.php(648): CodeIgniter\Database\BaseConnection->simpleQuery('SELECT `skate`.*, `ubicacion`.`longitud`, `ubicacion`.`latitud`, `ubicacion`.`hora`
FROM `skate`
JOIN `ubicacion` ON `skate`.`ID_ubicacion` = `ubicacion`.`ID_ubicacion`
WHERE `skate`.`codigo` = \'YYYYY4\'
 LIMIT 1')
 4 SYSTEMPATH/Database/BaseBuilder.php(1644): CodeIgniter\Database\BaseConnection->query('SELECT `skate`.*, `ubicacion`.`longitud`, `ubicacion`.`latitud`, `ubicacion`.`hora`
FROM `skate`
JOIN `ubicacion` ON `skate`.`ID_ubicacion` = `ubicacion`.`ID_ubicacion`
WHERE `skate`.`codigo` = :skate.codigo:
 LIMIT 1', [...], false)
 5 SYSTEMPATH/Model.php(330): CodeIgniter\Database\BaseBuilder->get()
 6 SYSTEMPATH/BaseModel.php(714): CodeIgniter\Model->doFirst()
 7 APPPATH/Models/skatemodel.php(24): CodeIgniter\BaseModel->first()
 8 APPPATH/Controllers/AuthController.php(116): App\Models\SkateModel->getSkateWithLocation('YYYYY4')
 9 SYSTEMPATH/CodeIgniter.php(933): App\Controllers\AuthController->viewSkate('YYYYY4')
10 SYSTEMPATH/CodeIgniter.php(509): CodeIgniter\CodeIgniter->runController(Object(App\Controllers\AuthController))
11 SYSTEMPATH/CodeIgniter.php(355): CodeIgniter\CodeIgniter->handleRequest(null, Object(Config\Cache), false)
12 SYSTEMPATH/Boot.php(325): CodeIgniter\CodeIgniter->run()
13 SYSTEMPATH/Boot.php(67): CodeIgniter\Boot::runCodeIgniter(Object(CodeIgniter\CodeIgniter))
14 FCPATH/index.php(56): CodeIgniter\Boot::bootWeb(Object(Config\Paths))
INFO - 2024-09-27 22:13:22 --> Session: Class initialized using 'CodeIgniter\Session\Handlers\FileHandler' driver.
INFO - 2024-09-27 22:13:22 --> Session: Class initialized using 'CodeIgniter\Session\Handlers\FileHandler' driver.
ERROR - 2024-09-27 22:13:22 --> mysqli_sql_exception: Unknown column 'skate.ID_ubicacion' in 'on clause' in /Applications/MAMP/htdocs/eskate/system/Database/MySQLi/Connection.php:312
Stack trace:
#0 /Applications/MAMP/htdocs/eskate/system/Database/MySQLi/Connection.php(312): mysqli->query('SELECT `skate`....', 0)
#1 /Applications/MAMP/htdocs/eskate/system/Database/BaseConnection.php(734): CodeIgniter\Database\MySQLi\Connection->execute('SELECT `skate`....')
#2 /Applications/MAMP/htdocs/eskate/system/Database/BaseConnection.php(648): CodeIgniter\Database\BaseConnection->simpleQuery('SELECT `skate`....')
#3 /Applications/MAMP/htdocs/eskate/system/Database/BaseBuilder.php(1644): CodeIgniter\Database\BaseConnection->query('SELECT `skate`....', Array, false)
#4 /Applications/MAMP/htdocs/eskate/system/Model.php(330): CodeIgniter\Database\BaseBuilder->get()
#5 /Applications/MAMP/htdocs/eskate/system/BaseModel.php(714): CodeIgniter\Model->doFirst()
#6 /Applications/MAMP/htdocs/eskate/app/Models/skatemodel.php(24): CodeIgniter\BaseModel->first()
#7 /Applications/MAMP/htdocs/eskate/app/Controllers/AuthController.php(116): App\Models\SkateModel->getSkateWithLocation('YYYYY1')
#8 /Applications/MAMP/htdocs/eskate/system/CodeIgniter.php(933): App\Controllers\AuthController->viewSkate('YYYYY1')
#9 /Applications/MAMP/htdocs/eskate/system/CodeIgniter.php(509): CodeIgniter\CodeIgniter->runController(Object(App\Controllers\AuthController))
#10 /Applications/MAMP/htdocs/eskate/system/CodeIgniter.php(355): CodeIgniter\CodeIgniter->handleRequest(NULL, Object(Config\Cache), false)
#11 /Applications/MAMP/htdocs/eskate/system/Boot.php(325): CodeIgniter\CodeIgniter->run()
#12 /Applications/MAMP/htdocs/eskate/system/Boot.php(67): CodeIgniter\Boot::runCodeIgniter(Object(CodeIgniter\CodeIgniter))
#13 /Applications/MAMP/htdocs/eskate/public/index.php(56): CodeIgniter\Boot::bootWeb(Object(Config\Paths))
#14 {main}
CRITICAL - 2024-09-27 22:13:22 --> CodeIgniter\Database\Exceptions\DatabaseException: Unknown column 'skate.ID_ubicacion' in 'on clause'
[Method: GET, Route: view-skate/YYYYY1]
in SYSTEMPATH/Database/BaseConnection.php on line 688.
 1 SYSTEMPATH/Database/BaseBuilder.php(1644): CodeIgniter\Database\BaseConnection->query('SELECT `skate`.*, `ubicacion`.`longitud`, `ubicacion`.`latitud`, `ubicacion`.`hora`
FROM `skate`
JOIN `ubicacion` ON `skate`.`ID_ubicacion` = `ubicacion`.`ID_ubicacion`
WHERE `skate`.`codigo` = :skate.codigo:
 LIMIT 1', [...], false)
 2 SYSTEMPATH/Model.php(330): CodeIgniter\Database\BaseBuilder->get()
 3 SYSTEMPATH/BaseModel.php(714): CodeIgniter\Model->doFirst()
 4 APPPATH/Models/skatemodel.php(24): CodeIgniter\BaseModel->first()
 5 APPPATH/Controllers/AuthController.php(116): App\Models\SkateModel->getSkateWithLocation('YYYYY1')
 6 SYSTEMPATH/CodeIgniter.php(933): App\Controllers\AuthController->viewSkate('YYYYY1')
 7 SYSTEMPATH/CodeIgniter.php(509): CodeIgniter\CodeIgniter->runController(Object(App\Controllers\AuthController))
 8 SYSTEMPATH/CodeIgniter.php(355): CodeIgniter\CodeIgniter->handleRequest(null, Object(Config\Cache), false)
 9 SYSTEMPATH/Boot.php(325): CodeIgniter\CodeIgniter->run()
10 SYSTEMPATH/Boot.php(67): CodeIgniter\Boot::runCodeIgniter(Object(CodeIgniter\CodeIgniter))
11 FCPATH/index.php(56): CodeIgniter\Boot::bootWeb(Object(Config\Paths))
CRITICAL - 2024-09-27 22:13:22 --> [Caused by] CodeIgniter\Database\Exceptions\DatabaseException: Unknown column 'skate.ID_ubicacion' in 'on clause'
in SYSTEMPATH/Database/MySQLi/Connection.php on line 317.
 1 SYSTEMPATH/Database/BaseConnection.php(734): CodeIgniter\Database\MySQLi\Connection->execute('SELECT `skate`.*, `ubicacion`.`longitud`, `ubicacion`.`latitud`, `ubicacion`.`hora`
FROM `skate`
JOIN `ubicacion` ON `skate`.`ID_ubicacion` = `ubicacion`.`ID_ubicacion`
WHERE `skate`.`codigo` = \'YYYYY1\'
 LIMIT 1')
 2 SYSTEMPATH/Database/BaseConnection.php(648): CodeIgniter\Database\BaseConnection->simpleQuery('SELECT `skate`.*, `ubicacion`.`longitud`, `ubicacion`.`latitud`, `ubicacion`.`hora`
FROM `skate`
JOIN `ubicacion` ON `skate`.`ID_ubicacion` = `ubicacion`.`ID_ubicacion`
WHERE `skate`.`codigo` = \'YYYYY1\'
 LIMIT 1')
 3 SYSTEMPATH/Database/BaseBuilder.php(1644): CodeIgniter\Database\BaseConnection->query('SELECT `skate`.*, `ubicacion`.`longitud`, `ubicacion`.`latitud`, `ubicacion`.`hora`
FROM `skate`
JOIN `ubicacion` ON `skate`.`ID_ubicacion` = `ubicacion`.`ID_ubicacion`
WHERE `skate`.`codigo` = :skate.codigo:
 LIMIT 1', [...], false)
 4 SYSTEMPATH/Model.php(330): CodeIgniter\Database\BaseBuilder->get()
 5 SYSTEMPATH/BaseModel.php(714): CodeIgniter\Model->doFirst()
 6 APPPATH/Models/skatemodel.php(24): CodeIgniter\BaseModel->first()
 7 APPPATH/Controllers/AuthController.php(116): App\Models\SkateModel->getSkateWithLocation('YYYYY1')
 8 SYSTEMPATH/CodeIgniter.php(933): App\Controllers\AuthController->viewSkate('YYYYY1')
 9 SYSTEMPATH/CodeIgniter.php(509): CodeIgniter\CodeIgniter->runController(Object(App\Controllers\AuthController))
10 SYSTEMPATH/CodeIgniter.php(355): CodeIgniter\CodeIgniter->handleRequest(null, Object(Config\Cache), false)
11 SYSTEMPATH/Boot.php(325): CodeIgniter\CodeIgniter->run()
12 SYSTEMPATH/Boot.php(67): CodeIgniter\Boot::runCodeIgniter(Object(CodeIgniter\CodeIgniter))
13 FCPATH/index.php(56): CodeIgniter\Boot::bootWeb(Object(Config\Paths))
CRITICAL - 2024-09-27 22:13:22 --> [Caused by] mysqli_sql_exception: Unknown column 'skate.ID_ubicacion' in 'on clause'
in SYSTEMPATH/Database/MySQLi/Connection.php on line 312.
 1 SYSTEMPATH/Database/MySQLi/Connection.php(312): mysqli->query('SELECT `skate`.*, `ubicacion`.`longitud`, `ubicacion`.`latitud`, `ubicacion`.`hora`
FROM `skate`
JOIN `ubicacion` ON `skate`.`ID_ubicacion` = `ubicacion`.`ID_ubicacion`
WHERE `skate`.`codigo` = \'YYYYY1\'
 LIMIT 1', 0)
 2 SYSTEMPATH/Database/BaseConnection.php(734): CodeIgniter\Database\MySQLi\Connection->execute('SELECT `skate`.*, `ubicacion`.`longitud`, `ubicacion`.`latitud`, `ubicacion`.`hora`
FROM `skate`
JOIN `ubicacion` ON `skate`.`ID_ubicacion` = `ubicacion`.`ID_ubicacion`
WHERE `skate`.`codigo` = \'YYYYY1\'
 LIMIT 1')
 3 SYSTEMPATH/Database/BaseConnection.php(648): CodeIgniter\Database\BaseConnection->simpleQuery('SELECT `skate`.*, `ubicacion`.`longitud`, `ubicacion`.`latitud`, `ubicacion`.`hora`
FROM `skate`
JOIN `ubicacion` ON `skate`.`ID_ubicacion` = `ubicacion`.`ID_ubicacion`
WHERE `skate`.`codigo` = \'YYYYY1\'
 LIMIT 1')
 4 SYSTEMPATH/Database/BaseBuilder.php(1644): CodeIgniter\Database\BaseConnection->query('SELECT `skate`.*, `ubicacion`.`longitud`, `ubicacion`.`latitud`, `ubicacion`.`hora`
FROM `skate`
JOIN `ubicacion` ON `skate`.`ID_ubicacion` = `ubicacion`.`ID_ubicacion`
WHERE `skate`.`codigo` = :skate.codigo:
 LIMIT 1', [...], false)
 5 SYSTEMPATH/Model.php(330): CodeIgniter\Database\BaseBuilder->get()
 6 SYSTEMPATH/BaseModel.php(714): CodeIgniter\Model->doFirst()
 7 APPPATH/Models/skatemodel.php(24): CodeIgniter\BaseModel->first()
 8 APPPATH/Controllers/AuthController.php(116): App\Models\SkateModel->getSkateWithLocation('YYYYY1')
 9 SYSTEMPATH/CodeIgniter.php(933): App\Controllers\AuthController->viewSkate('YYYYY1')
10 SYSTEMPATH/CodeIgniter.php(509): CodeIgniter\CodeIgniter->runController(Object(App\Controllers\AuthController))
11 SYSTEMPATH/CodeIgniter.php(355): CodeIgniter\CodeIgniter->handleRequest(null, Object(Config\Cache), false)
12 SYSTEMPATH/Boot.php(325): CodeIgniter\CodeIgniter->run()
13 SYSTEMPATH/Boot.php(67): CodeIgniter\Boot::runCodeIgniter(Object(CodeIgniter\CodeIgniter))
14 FCPATH/index.php(56): CodeIgniter\Boot::bootWeb(Object(Config\Paths))
INFO - 2024-09-27 22:13:52 --> Session: Class initialized using 'CodeIgniter\Session\Handlers\FileHandler' driver.
INFO - 2024-09-27 22:13:53 --> Session: Class initialized using 'CodeIgniter\Session\Handlers\FileHandler' driver.
ERROR - 2024-09-27 22:13:53 --> mysqli_sql_exception: Unknown column 'skate.ID_ubicacion' in 'on clause' in /Applications/MAMP/htdocs/eskate/system/Database/MySQLi/Connection.php:312
Stack trace:
#0 /Applications/MAMP/htdocs/eskate/system/Database/MySQLi/Connection.php(312): mysqli->query('SELECT `skate`....', 0)
#1 /Applications/MAMP/htdocs/eskate/system/Database/BaseConnection.php(734): CodeIgniter\Database\MySQLi\Connection->execute('SELECT `skate`....')
#2 /Applications/MAMP/htdocs/eskate/system/Database/BaseConnection.php(648): CodeIgniter\Database\BaseConnection->simpleQuery('SELECT `skate`....')
#3 /Applications/MAMP/htdocs/eskate/system/Database/BaseBuilder.php(1644): CodeIgniter\Database\BaseConnection->query('SELECT `skate`....', Array, false)
#4 /Applications/MAMP/htdocs/eskate/system/Model.php(330): CodeIgniter\Database\BaseBuilder->get()
#5 /Applications/MAMP/htdocs/eskate/system/BaseModel.php(714): CodeIgniter\Model->doFirst()
#6 /Applications/MAMP/htdocs/eskate/app/Models/skatemodel.php(24): CodeIgniter\BaseModel->first()
#7 /Applications/MAMP/htdocs/eskate/app/Controllers/AuthController.php(116): App\Models\SkateModel->getSkateWithLocation('YYYYY1')
#8 /Applications/MAMP/htdocs/eskate/system/CodeIgniter.php(933): App\Controllers\AuthController->viewSkate('YYYYY1')
#9 /Applications/MAMP/htdocs/eskate/system/CodeIgniter.php(509): CodeIgniter\CodeIgniter->runController(Object(App\Controllers\AuthController))
#10 /Applications/MAMP/htdocs/eskate/system/CodeIgniter.php(355): CodeIgniter\CodeIgniter->handleRequest(NULL, Object(Config\Cache), false)
#11 /Applications/MAMP/htdocs/eskate/system/Boot.php(325): CodeIgniter\CodeIgniter->run()
#12 /Applications/MAMP/htdocs/eskate/system/Boot.php(67): CodeIgniter\Boot::runCodeIgniter(Object(CodeIgniter\CodeIgniter))
#13 /Applications/MAMP/htdocs/eskate/public/index.php(56): CodeIgniter\Boot::bootWeb(Object(Config\Paths))
#14 {main}
CRITICAL - 2024-09-27 22:13:53 --> CodeIgniter\Database\Exceptions\DatabaseException: Unknown column 'skate.ID_ubicacion' in 'on clause'
[Method: GET, Route: view-skate/YYYYY1]
in SYSTEMPATH/Database/BaseConnection.php on line 688.
 1 SYSTEMPATH/Database/BaseBuilder.php(1644): CodeIgniter\Database\BaseConnection->query('SELECT `skate`.*, `ubicacion`.`longitud`, `ubicacion`.`latitud`, `ubicacion`.`hora`
FROM `skate`
JOIN `ubicacion` ON `skate`.`ID_ubicacion` = `ubicacion`.`ID_ubicacion`
WHERE `skate`.`codigo` = :skate.codigo:
 LIMIT 1', [...], false)
 2 SYSTEMPATH/Model.php(330): CodeIgniter\Database\BaseBuilder->get()
 3 SYSTEMPATH/BaseModel.php(714): CodeIgniter\Model->doFirst()
 4 APPPATH/Models/skatemodel.php(24): CodeIgniter\BaseModel->first()
 5 APPPATH/Controllers/AuthController.php(116): App\Models\SkateModel->getSkateWithLocation('YYYYY1')
 6 SYSTEMPATH/CodeIgniter.php(933): App\Controllers\AuthController->viewSkate('YYYYY1')
 7 SYSTEMPATH/CodeIgniter.php(509): CodeIgniter\CodeIgniter->runController(Object(App\Controllers\AuthController))
 8 SYSTEMPATH/CodeIgniter.php(355): CodeIgniter\CodeIgniter->handleRequest(null, Object(Config\Cache), false)
 9 SYSTEMPATH/Boot.php(325): CodeIgniter\CodeIgniter->run()
10 SYSTEMPATH/Boot.php(67): CodeIgniter\Boot::runCodeIgniter(Object(CodeIgniter\CodeIgniter))
11 FCPATH/index.php(56): CodeIgniter\Boot::bootWeb(Object(Config\Paths))
CRITICAL - 2024-09-27 22:13:53 --> [Caused by] CodeIgniter\Database\Exceptions\DatabaseException: Unknown column 'skate.ID_ubicacion' in 'on clause'
in SYSTEMPATH/Database/MySQLi/Connection.php on line 317.
 1 SYSTEMPATH/Database/BaseConnection.php(734): CodeIgniter\Database\MySQLi\Connection->execute('SELECT `skate`.*, `ubicacion`.`longitud`, `ubicacion`.`latitud`, `ubicacion`.`hora`
FROM `skate`
JOIN `ubicacion` ON `skate`.`ID_ubicacion` = `ubicacion`.`ID_ubicacion`
WHERE `skate`.`codigo` = \'YYYYY1\'
 LIMIT 1')
 2 SYSTEMPATH/Database/BaseConnection.php(648): CodeIgniter\Database\BaseConnection->simpleQuery('SELECT `skate`.*, `ubicacion`.`longitud`, `ubicacion`.`latitud`, `ubicacion`.`hora`
FROM `skate`
JOIN `ubicacion` ON `skate`.`ID_ubicacion` = `ubicacion`.`ID_ubicacion`
WHERE `skate`.`codigo` = \'YYYYY1\'
 LIMIT 1')
 3 SYSTEMPATH/Database/BaseBuilder.php(1644): CodeIgniter\Database\BaseConnection->query('SELECT `skate`.*, `ubicacion`.`longitud`, `ubicacion`.`latitud`, `ubicacion`.`hora`
FROM `skate`
JOIN `ubicacion` ON `skate`.`ID_ubicacion` = `ubicacion`.`ID_ubicacion`
WHERE `skate`.`codigo` = :skate.codigo:
 LIMIT 1', [...], false)
 4 SYSTEMPATH/Model.php(330): CodeIgniter\Database\BaseBuilder->get()
 5 SYSTEMPATH/BaseModel.php(714): CodeIgniter\Model->doFirst()
 6 APPPATH/Models/skatemodel.php(24): CodeIgniter\BaseModel->first()
 7 APPPATH/Controllers/AuthController.php(116): App\Models\SkateModel->getSkateWithLocation('YYYYY1')
 8 SYSTEMPATH/CodeIgniter.php(933): App\Controllers\AuthController->viewSkate('YYYYY1')
 9 SYSTEMPATH/CodeIgniter.php(509): CodeIgniter\CodeIgniter->runController(Object(App\Controllers\AuthController))
10 SYSTEMPATH/CodeIgniter.php(355): CodeIgniter\CodeIgniter->handleRequest(null, Object(Config\Cache), false)
11 SYSTEMPATH/Boot.php(325): CodeIgniter\CodeIgniter->run()
12 SYSTEMPATH/Boot.php(67): CodeIgniter\Boot::runCodeIgniter(Object(CodeIgniter\CodeIgniter))
13 FCPATH/index.php(56): CodeIgniter\Boot::bootWeb(Object(Config\Paths))
CRITICAL - 2024-09-27 22:13:53 --> [Caused by] mysqli_sql_exception: Unknown column 'skate.ID_ubicacion' in 'on clause'
in SYSTEMPATH/Database/MySQLi/Connection.php on line 312.
 1 SYSTEMPATH/Database/MySQLi/Connection.php(312): mysqli->query('SELECT `skate`.*, `ubicacion`.`longitud`, `ubicacion`.`latitud`, `ubicacion`.`hora`
FROM `skate`
JOIN `ubicacion` ON `skate`.`ID_ubicacion` = `ubicacion`.`ID_ubicacion`
WHERE `skate`.`codigo` = \'YYYYY1\'
 LIMIT 1', 0)
 2 SYSTEMPATH/Database/BaseConnection.php(734): CodeIgniter\Database\MySQLi\Connection->execute('SELECT `skate`.*, `ubicacion`.`longitud`, `ubicacion`.`latitud`, `ubicacion`.`hora`
FROM `skate`
JOIN `ubicacion` ON `skate`.`ID_ubicacion` = `ubicacion`.`ID_ubicacion`
WHERE `skate`.`codigo` = \'YYYYY1\'
 LIMIT 1')
 3 SYSTEMPATH/Database/BaseConnection.php(648): CodeIgniter\Database\BaseConnection->simpleQuery('SELECT `skate`.*, `ubicacion`.`longitud`, `ubicacion`.`latitud`, `ubicacion`.`hora`
FROM `skate`
JOIN `ubicacion` ON `skate`.`ID_ubicacion` = `ubicacion`.`ID_ubicacion`
WHERE `skate`.`codigo` = \'YYYYY1\'
 LIMIT 1')
 4 SYSTEMPATH/Database/BaseBuilder.php(1644): CodeIgniter\Database\BaseConnection->query('SELECT `skate`.*, `ubicacion`.`longitud`, `ubicacion`.`latitud`, `ubicacion`.`hora`
FROM `skate`
JOIN `ubicacion` ON `skate`.`ID_ubicacion` = `ubicacion`.`ID_ubicacion`
WHERE `skate`.`codigo` = :skate.codigo:
 LIMIT 1', [...], false)
 5 SYSTEMPATH/Model.php(330): CodeIgniter\Database\BaseBuilder->get()
 6 SYSTEMPATH/BaseModel.php(714): CodeIgniter\Model->doFirst()
 7 APPPATH/Models/skatemodel.php(24): CodeIgniter\BaseModel->first()
 8 APPPATH/Controllers/AuthController.php(116): App\Models\SkateModel->getSkateWithLocation('YYYYY1')
 9 SYSTEMPATH/CodeIgniter.php(933): App\Controllers\AuthController->viewSkate('YYYYY1')
10 SYSTEMPATH/CodeIgniter.php(509): CodeIgniter\CodeIgniter->runController(Object(App\Controllers\AuthController))
11 SYSTEMPATH/CodeIgniter.php(355): CodeIgniter\CodeIgniter->handleRequest(null, Object(Config\Cache), false)
12 SYSTEMPATH/Boot.php(325): CodeIgniter\CodeIgniter->run()
13 SYSTEMPATH/Boot.php(67): CodeIgniter\Boot::runCodeIgniter(Object(CodeIgniter\CodeIgniter))
14 FCPATH/index.php(56): CodeIgniter\Boot::bootWeb(Object(Config\Paths))
INFO - 2024-09-27 22:22:01 --> Session: Class initialized using 'CodeIgniter\Session\Handlers\FileHandler' driver.
INFO - 2024-09-27 22:22:03 --> Session: Class initialized using 'CodeIgniter\Session\Handlers\FileHandler' driver.
INFO - 2024-09-27 22:22:04 --> Session: Class initialized using 'CodeIgniter\Session\Handlers\FileHandler' driver.
INFO - 2024-09-27 22:22:04 --> Session: Class initialized using 'CodeIgniter\Session\Handlers\FileHandler' driver.
DEBUG - 2024-09-27 22:22:07 --> User found: Array
(
    [id] => 75
    [username] => Erie
    [email] => venturinierie@gmail.com
    [password] => $2y$10$ZVat7XEwofHM6F195jZFse25ST0QttUXGSoXamPEYq1oWNArDMNIG
    [reset_token] => 
    [reset_expiration] => 
)

DEBUG - 2024-09-27 22:22:07 --> Password verified successfully.
INFO - 2024-09-27 22:22:07 --> Session: Class initialized using 'CodeIgniter\Session\Handlers\FileHandler' driver.
INFO - 2024-09-27 22:22:08 --> Session: Class initialized using 'CodeIgniter\Session\Handlers\FileHandler' driver.
INFO - 2024-09-27 22:22:08 --> Session: Class initialized using 'CodeIgniter\Session\Handlers\FileHandler' driver.
INFO - 2024-09-27 22:22:15 --> Session: Class initialized using 'CodeIgniter\Session\Handlers\FileHandler' driver.
DEBUG - 2024-09-27 23:03:02 --> Datos recibidos: codigo=YYYYY4, velocidad=0, bateria=90, temperatura=29.5, longitud=-64.1273, latitud=-32.17366, hora=20:03:01
INFO - 2024-09-27 23:03:08 --> Session: Class initialized using 'CodeIgniter\Session\Handlers\FileHandler' driver.
DEBUG - 2024-09-27 23:27:23 --> Datos recibidos: codigo=YYYYY4, velocidad=0, bateria=90, temperatura=27.1, longitud=-64.12738, latitud=-32.17389, hora=20:27:21
