INFO - 2024-09-07 02:24:18 --> Session: Class initialized using 'CodeIgniter\Session\Handlers\FileHandler' driver.
INFO - 2024-09-07 02:27:42 --> Session: Class initialized using 'CodeIgniter\Session\Handlers\FileHandler' driver.
INFO - 2024-09-07 02:27:44 --> Session: Class initialized using 'CodeIgniter\Session\Handlers\FileHandler' driver.
DEBUG - 2024-09-07 02:27:47 --> User found: Array
(
    [id] => 41
    [username] => Erie
    [email] => venturinierie@gmail.com
    [password] => $2y$10$OR/seLarGMwHEv0cvVPwDOMl7vi5suwamvQzcgCFfwgG2dVzvPpJG
)

DEBUG - 2024-09-07 02:27:48 --> Password verified successfully.
INFO - 2024-09-07 02:27:48 --> Session: Class initialized using 'CodeIgniter\Session\Handlers\FileHandler' driver.
INFO - 2024-09-07 02:27:48 --> Session: Class initialized using 'CodeIgniter\Session\Handlers\FileHandler' driver.
CRITICAL - 2024-09-07 02:27:48 --> ParseError: syntax error, unexpected identifier "skates", expecting variable or "{" or "$"
[Method: GET, Route: list-skates]
in APPPATH/Views/list_skates.php on line 146.
 1 SYSTEMPATH/View/View.php(237): CodeIgniter\View\View->CodeIgniter\View\{closure}()
 2 SYSTEMPATH/Common.php(1169): CodeIgniter\View\View->render('list_skates', [], true)
 3 APPPATH/Controllers/AuthController.php(88): view('list_skates', [...])
 4 SYSTEMPATH/CodeIgniter.php(933): App\Controllers\AuthController->listSkates()
 5 SYSTEMPATH/CodeIgniter.php(509): CodeIgniter\CodeIgniter->runController(Object(App\Controllers\AuthController))
 6 SYSTEMPATH/CodeIgniter.php(355): CodeIgniter\CodeIgniter->handleRequest(null, Object(Config\Cache), false)
 7 SYSTEMPATH/Boot.php(325): CodeIgniter\CodeIgniter->run()
 8 SYSTEMPATH/Boot.php(67): CodeIgniter\Boot::runCodeIgniter(Object(CodeIgniter\CodeIgniter))
 9 FCPATH/index.php(56): CodeIgniter\Boot::bootWeb(Object(Config\Paths))
INFO - 2024-09-07 02:28:05 --> Session: Class initialized using 'CodeIgniter\Session\Handlers\FileHandler' driver.
INFO - 2024-09-07 02:28:06 --> Session: Class initialized using 'CodeIgniter\Session\Handlers\FileHandler' driver.
DEBUG - 2024-09-07 02:28:10 --> User found: Array
(
    [id] => 41
    [username] => Erie
    [email] => venturinierie@gmail.com
    [password] => $2y$10$OR/seLarGMwHEv0cvVPwDOMl7vi5suwamvQzcgCFfwgG2dVzvPpJG
)

DEBUG - 2024-09-07 02:28:10 --> Password verified successfully.
INFO - 2024-09-07 02:28:10 --> Session: Class initialized using 'CodeIgniter\Session\Handlers\FileHandler' driver.
INFO - 2024-09-07 02:28:10 --> Session: Class initialized using 'CodeIgniter\Session\Handlers\FileHandler' driver.
