INFO - 2024-09-16 20:57:31 --> Session: Class initialized using 'CodeIgniter\Session\Handlers\FileHandler' driver.
DEBUG - 2024-09-16 21:15:42 --> Datos recibidos: codigo=YYYYY1, velocidad=90, bateria=80, temperatura=27.8, ID_ubicacion=1
DEBUG - 2024-09-16 21:15:48 --> Datos recibidos: codigo=YYYYY1, velocidad=90, bateria=80, temperatura=27.9, ID_ubicacion=1
DEBUG - 2024-09-16 21:15:54 --> Datos recibidos: codigo=YYYYY1, velocidad=90, bateria=80, temperatura=28, ID_ubicacion=1
DEBUG - 2024-09-16 21:16:00 --> Datos recibidos: codigo=YYYYY1, velocidad=90, bateria=80, temperatura=28, ID_ubicacion=1
DEBUG - 2024-09-16 21:16:06 --> Datos recibidos: codigo=YYYYY1, velocidad=90, bateria=80, temperatura=28, ID_ubicacion=1
DEBUG - 2024-09-16 21:16:12 --> Datos recibidos: codigo=YYYYY1, velocidad=90, bateria=80, temperatura=28, ID_ubicacion=1
DEBUG - 2024-09-16 21:16:17 --> Datos recibidos: codigo=YYYYY1, velocidad=90, bateria=80, temperatura=28, ID_ubicacion=1
DEBUG - 2024-09-16 21:16:23 --> Datos recibidos: codigo=YYYYY1, velocidad=90, bateria=80, temperatura=28.1, ID_ubicacion=1
DEBUG - 2024-09-16 21:16:29 --> Datos recibidos: codigo=YYYYY1, velocidad=90, bateria=80, temperatura=28.1, ID_ubicacion=1
DEBUG - 2024-09-16 21:16:35 --> Datos recibidos: codigo=YYYYY1, velocidad=90, bateria=80, temperatura=28.1, ID_ubicacion=1
DEBUG - 2024-09-16 21:16:41 --> Datos recibidos: codigo=YYYYY1, velocidad=90, bateria=80, temperatura=28.2, ID_ubicacion=1
DEBUG - 2024-09-16 21:16:47 --> Datos recibidos: codigo=YYYYY1, velocidad=90, bateria=80, temperatura=28.1, ID_ubicacion=1
DEBUG - 2024-09-16 21:16:53 --> Datos recibidos: codigo=YYYYY1, velocidad=90, bateria=80, temperatura=28.1, ID_ubicacion=1
DEBUG - 2024-09-16 21:16:59 --> Datos recibidos: codigo=YYYYY1, velocidad=90, bateria=80, temperatura=28.2, ID_ubicacion=1
DEBUG - 2024-09-16 21:17:05 --> Datos recibidos: codigo=YYYYY1, velocidad=90, bateria=80, temperatura=28.1, ID_ubicacion=1
DEBUG - 2024-09-16 21:17:10 --> Datos recibidos: codigo=YYYYY1, velocidad=90, bateria=80, temperatura=28.1, ID_ubicacion=1
DEBUG - 2024-09-16 21:17:16 --> Datos recibidos: codigo=YYYYY1, velocidad=90, bateria=80, temperatura=28.2, ID_ubicacion=1
DEBUG - 2024-09-16 21:17:22 --> Datos recibidos: codigo=YYYYY1, velocidad=90, bateria=80, temperatura=28.2, ID_ubicacion=1
DEBUG - 2024-09-16 21:17:28 --> Datos recibidos: codigo=YYYYY1, velocidad=90, bateria=80, temperatura=28.2, ID_ubicacion=1
DEBUG - 2024-09-16 21:17:34 --> Datos recibidos: codigo=YYYYY1, velocidad=90, bateria=80, temperatura=28.2, ID_ubicacion=1
DEBUG - 2024-09-16 21:17:40 --> Datos recibidos: codigo=YYYYY1, velocidad=90, bateria=80, temperatura=28.1, ID_ubicacion=1
DEBUG - 2024-09-16 21:17:46 --> Datos recibidos: codigo=YYYYY1, velocidad=90, bateria=80, temperatura=28.2, ID_ubicacion=1
DEBUG - 2024-09-16 21:17:51 --> Datos recibidos: codigo=YYYYY1, velocidad=90, bateria=80, temperatura=28.2, ID_ubicacion=1
DEBUG - 2024-09-16 21:17:57 --> Datos recibidos: codigo=YYYYY1, velocidad=10, bateria=80, temperatura=28.1, ID_ubicacion=1
DEBUG - 2024-09-16 21:18:03 --> Datos recibidos: codigo=YYYYY1, velocidad=10, bateria=80, temperatura=28.1, ID_ubicacion=1
DEBUG - 2024-09-16 21:18:09 --> Datos recibidos: codigo=YYYYY1, velocidad=10, bateria=80, temperatura=28.2, ID_ubicacion=1
DEBUG - 2024-09-16 21:18:15 --> Datos recibidos: codigo=YYYYY1, velocidad=10, bateria=80, temperatura=28.2, ID_ubicacion=1
DEBUG - 2024-09-16 21:18:21 --> Datos recibidos: codigo=YYYYY1, velocidad=10, bateria=80, temperatura=28.2, ID_ubicacion=1
DEBUG - 2024-09-16 21:18:27 --> Datos recibidos: codigo=YYYYY1, velocidad=10, bateria=80, temperatura=28.1, ID_ubicacion=1
DEBUG - 2024-09-16 21:18:33 --> Datos recibidos: codigo=YYYYY1, velocidad=10, bateria=80, temperatura=28.2, ID_ubicacion=1
DEBUG - 2024-09-16 21:18:39 --> Datos recibidos: codigo=YYYYY1, velocidad=10, bateria=80, temperatura=28.1, ID_ubicacion=1
DEBUG - 2024-09-16 21:18:45 --> Datos recibidos: codigo=YYYYY1, velocidad=10, bateria=80, temperatura=28.1, ID_ubicacion=1
DEBUG - 2024-09-16 21:18:51 --> Datos recibidos: codigo=YYYYY1, velocidad=10, bateria=80, temperatura=28.2, ID_ubicacion=1
DEBUG - 2024-09-16 21:18:56 --> Datos recibidos: codigo=YYYYY1, velocidad=10, bateria=80, temperatura=28.2, ID_ubicacion=1
DEBUG - 2024-09-16 21:19:02 --> Datos recibidos: codigo=YYYYY1, velocidad=10, bateria=80, temperatura=28.1, ID_ubicacion=1
DEBUG - 2024-09-16 21:19:08 --> Datos recibidos: codigo=YYYYY1, velocidad=10, bateria=80, temperatura=28.1, ID_ubicacion=1
DEBUG - 2024-09-16 21:19:14 --> Datos recibidos: codigo=YYYYY1, velocidad=10, bateria=80, temperatura=28.1, ID_ubicacion=1
DEBUG - 2024-09-16 21:19:20 --> Datos recibidos: codigo=YYYYY1, velocidad=10, bateria=80, temperatura=28.1, ID_ubicacion=1
DEBUG - 2024-09-16 21:19:25 --> Datos recibidos: codigo=YYYYY1, velocidad=10, bateria=80, temperatura=28.1, ID_ubicacion=1
DEBUG - 2024-09-16 21:19:31 --> Datos recibidos: codigo=YYYYY1, velocidad=10, bateria=80, temperatura=28.1, ID_ubicacion=1
DEBUG - 2024-09-16 21:19:37 --> Datos recibidos: codigo=YYYYY1, velocidad=10, bateria=80, temperatura=28.1, ID_ubicacion=1
DEBUG - 2024-09-16 21:19:43 --> Datos recibidos: codigo=YYYYY1, velocidad=10, bateria=80, temperatura=28.1, ID_ubicacion=1
DEBUG - 2024-09-16 21:19:49 --> Datos recibidos: codigo=YYYYY1, velocidad=10, bateria=80, temperatura=28.1, ID_ubicacion=1
DEBUG - 2024-09-16 21:19:55 --> Datos recibidos: codigo=YYYYY1, velocidad=10, bateria=80, temperatura=28.1, ID_ubicacion=1
DEBUG - 2024-09-16 21:20:01 --> Datos recibidos: codigo=YYYYY1, velocidad=10, bateria=80, temperatura=28.2, ID_ubicacion=1
DEBUG - 2024-09-16 21:20:07 --> Datos recibidos: codigo=YYYYY1, velocidad=10, bateria=80, temperatura=28.1, ID_ubicacion=1
DEBUG - 2024-09-16 21:20:13 --> Datos recibidos: codigo=YYYYY1, velocidad=10, bateria=80, temperatura=28.1, ID_ubicacion=1
DEBUG - 2024-09-16 21:20:19 --> Datos recibidos: codigo=YYYYY1, velocidad=10, bateria=80, temperatura=28.2, ID_ubicacion=1
DEBUG - 2024-09-16 21:23:41 --> Datos recibidos: codigo=YYYYY1, velocidad=10, bateria=80, temperatura=28.2, ID_ubicacion=1
DEBUG - 2024-09-16 21:23:47 --> Datos recibidos: codigo=YYYYY1, velocidad=10, bateria=80, temperatura=28.1, ID_ubicacion=1
DEBUG - 2024-09-16 21:23:53 --> Datos recibidos: codigo=YYYYY1, velocidad=10, bateria=80, temperatura=28.2, ID_ubicacion=1
DEBUG - 2024-09-16 21:24:03 --> Datos recibidos: codigo=YYYYY1, velocidad=10, bateria=80, temperatura=28.2, ID_ubicacion=1
DEBUG - 2024-09-16 21:24:06 --> Datos recibidos: codigo=YYYYY1, velocidad=10, bateria=80, temperatura=28.3, ID_ubicacion=1
DEBUG - 2024-09-16 21:24:08 --> Datos recibidos: codigo=YYYYY1, velocidad=10, bateria=80, temperatura=28.3, ID_ubicacion=1
DEBUG - 2024-09-16 21:24:11 --> Datos recibidos: codigo=YYYYY1, velocidad=10, bateria=80, temperatura=28.3, ID_ubicacion=1
DEBUG - 2024-09-16 21:24:14 --> Datos recibidos: codigo=YYYYY1, velocidad=10, bateria=80, temperatura=28.3, ID_ubicacion=1
DEBUG - 2024-09-16 21:24:26 --> Datos recibidos: codigo=YYYYY1, velocidad=10, bateria=80, temperatura=29.8, ID_ubicacion=1
DEBUG - 2024-09-16 21:24:29 --> Datos recibidos: codigo=YYYYY1, velocidad=10, bateria=80, temperatura=29.8, ID_ubicacion=1
DEBUG - 2024-09-16 21:24:32 --> Datos recibidos: codigo=YYYYY1, velocidad=10, bateria=80, temperatura=30.1, ID_ubicacion=1
DEBUG - 2024-09-16 21:24:34 --> Datos recibidos: codigo=YYYYY1, velocidad=10, bateria=80, temperatura=30.3, ID_ubicacion=1
DEBUG - 2024-09-16 21:24:37 --> Datos recibidos: codigo=YYYYY1, velocidad=10, bateria=80, temperatura=30.3, ID_ubicacion=1
DEBUG - 2024-09-16 21:24:40 --> Datos recibidos: codigo=YYYYY1, velocidad=10, bateria=80, temperatura=30.3, ID_ubicacion=1
DEBUG - 2024-09-16 21:24:43 --> Datos recibidos: codigo=YYYYY1, velocidad=10, bateria=80, temperatura=30.4, ID_ubicacion=1
DEBUG - 2024-09-16 21:24:46 --> Datos recibidos: codigo=YYYYY1, velocidad=10, bateria=80, temperatura=30.5, ID_ubicacion=1
DEBUG - 2024-09-16 21:24:49 --> Datos recibidos: codigo=YYYYY1, velocidad=10, bateria=80, temperatura=30.7, ID_ubicacion=1
DEBUG - 2024-09-16 21:24:51 --> Datos recibidos: codigo=YYYYY1, velocidad=10, bateria=80, temperatura=30.9, ID_ubicacion=1
DEBUG - 2024-09-16 21:24:54 --> Datos recibidos: codigo=YYYYY1, velocidad=10, bateria=80, temperatura=31.1, ID_ubicacion=1
DEBUG - 2024-09-16 21:24:57 --> Datos recibidos: codigo=YYYYY1, velocidad=10, bateria=80, temperatura=31.2, ID_ubicacion=1
DEBUG - 2024-09-16 21:25:00 --> Datos recibidos: codigo=YYYYY1, velocidad=10, bateria=80, temperatura=31.2, ID_ubicacion=1
DEBUG - 2024-09-16 21:25:03 --> Datos recibidos: codigo=YYYYY1, velocidad=10, bateria=80, temperatura=31.2, ID_ubicacion=1
DEBUG - 2024-09-16 21:25:06 --> Datos recibidos: codigo=YYYYY1, velocidad=10, bateria=80, temperatura=31.2, ID_ubicacion=1
DEBUG - 2024-09-16 21:25:09 --> Datos recibidos: codigo=YYYYY1, velocidad=10, bateria=80, temperatura=31.1, ID_ubicacion=1
DEBUG - 2024-09-16 21:25:11 --> Datos recibidos: codigo=YYYYY1, velocidad=10, bateria=80, temperatura=31.1, ID_ubicacion=1
DEBUG - 2024-09-16 21:25:14 --> Datos recibidos: codigo=YYYYY1, velocidad=10, bateria=80, temperatura=31.1, ID_ubicacion=1
DEBUG - 2024-09-16 21:38:51 --> Datos recibidos: codigo=YYYYY1, velocidad=10, bateria=80, temperatura=27.3, ID_ubicacion=1
DEBUG - 2024-09-16 21:38:54 --> Datos recibidos: codigo=YYYYY1, velocidad=10, bateria=80, temperatura=27.5, ID_ubicacion=1
DEBUG - 2024-09-16 21:38:57 --> Datos recibidos: codigo=YYYYY1, velocidad=10, bateria=80, temperatura=27.5, ID_ubicacion=1
DEBUG - 2024-09-16 21:39:00 --> Datos recibidos: codigo=YYYYY1, velocidad=10, bateria=80, temperatura=27.5, ID_ubicacion=1
DEBUG - 2024-09-16 21:39:03 --> Datos recibidos: codigo=YYYYY1, velocidad=10, bateria=80, temperatura=27.5, ID_ubicacion=1
DEBUG - 2024-09-16 21:39:06 --> Datos recibidos: codigo=YYYYY1, velocidad=10, bateria=80, temperatura=27.5, ID_ubicacion=1
DEBUG - 2024-09-16 21:39:09 --> Datos recibidos: codigo=YYYYY1, velocidad=10, bateria=80, temperatura=27.5, ID_ubicacion=1
DEBUG - 2024-09-16 21:39:12 --> Datos recibidos: codigo=YYYYY1, velocidad=10, bateria=80, temperatura=27.5, ID_ubicacion=1
DEBUG - 2024-09-16 21:39:15 --> Datos recibidos: codigo=YYYYY1, velocidad=10, bateria=80, temperatura=27.5, ID_ubicacion=1
DEBUG - 2024-09-16 21:39:16 --> User found: Array
(
    [id] => 71
    [username] => Erie
    [email] => venturinierie@gmail.com
    [password] => $2y$10$b24/9.mhHPe37sgU6nl1Se2Z/Ie60vW5qwlyepJNjHKvE2n3QhhfW
    [reset_token] => 
    [reset_expiration] => 
)

DEBUG - 2024-09-16 21:39:17 --> Password verification failed.
INFO - 2024-09-16 21:39:17 --> Session: Class initialized using 'CodeIgniter\Session\Handlers\FileHandler' driver.
INFO - 2024-09-16 21:39:17 --> Session: Class initialized using 'CodeIgniter\Session\Handlers\FileHandler' driver.
DEBUG - 2024-09-16 21:39:18 --> Datos recibidos: codigo=YYYYY1, velocidad=10, bateria=80, temperatura=27.5, ID_ubicacion=1
DEBUG - 2024-09-16 21:39:20 --> User found: Array
(
    [id] => 71
    [username] => Erie
    [email] => venturinierie@gmail.com
    [password] => $2y$10$b24/9.mhHPe37sgU6nl1Se2Z/Ie60vW5qwlyepJNjHKvE2n3QhhfW
    [reset_token] => 
    [reset_expiration] => 
)

DEBUG - 2024-09-16 21:39:21 --> Datos recibidos: codigo=YYYYY1, velocidad=10, bateria=80, temperatura=27.4, ID_ubicacion=1
DEBUG - 2024-09-16 21:39:21 --> Password verified successfully.
INFO - 2024-09-16 21:39:21 --> Session: Class initialized using 'CodeIgniter\Session\Handlers\FileHandler' driver.
INFO - 2024-09-16 21:39:21 --> Session: Class initialized using 'CodeIgniter\Session\Handlers\FileHandler' driver.
INFO - 2024-09-16 21:39:23 --> Session: Class initialized using 'CodeIgniter\Session\Handlers\FileHandler' driver.
DEBUG - 2024-09-16 21:39:23 --> Datos recibidos: codigo=YYYYY1, velocidad=10, bateria=80, temperatura=27.5, ID_ubicacion=1
DEBUG - 2024-09-16 21:39:26 --> Datos recibidos: codigo=YYYYY1, velocidad=10, bateria=80, temperatura=27.5, ID_ubicacion=1
INFO - 2024-09-16 21:39:28 --> Session: Class initialized using 'CodeIgniter\Session\Handlers\FileHandler' driver.
DEBUG - 2024-09-16 21:39:29 --> Datos recibidos: codigo=YYYYY1, velocidad=10, bateria=80, temperatura=27.5, ID_ubicacion=1
DEBUG - 2024-09-16 21:39:32 --> Datos recibidos: codigo=YYYYY1, velocidad=10, bateria=80, temperatura=27.5, ID_ubicacion=1
DEBUG - 2024-09-16 21:39:35 --> Datos recibidos: codigo=YYYYY1, velocidad=10, bateria=80, temperatura=27.5, ID_ubicacion=1
DEBUG - 2024-09-16 21:39:38 --> Datos recibidos: codigo=YYYYY1, velocidad=10, bateria=80, temperatura=27.5, ID_ubicacion=1
DEBUG - 2024-09-16 21:39:41 --> Datos recibidos: codigo=YYYYY1, velocidad=10, bateria=80, temperatura=27.5, ID_ubicacion=1
DEBUG - 2024-09-16 21:39:44 --> Datos recibidos: codigo=YYYYY1, velocidad=10, bateria=80, temperatura=27.5, ID_ubicacion=1
DEBUG - 2024-09-16 21:39:47 --> Datos recibidos: codigo=YYYYY1, velocidad=10, bateria=80, temperatura=27.5, ID_ubicacion=1
INFO - 2024-09-16 21:39:48 --> Session: Class initialized using 'CodeIgniter\Session\Handlers\FileHandler' driver.
DEBUG - 2024-09-16 21:39:50 --> Datos recibidos: codigo=YYYYY1, velocidad=10, bateria=80, temperatura=27.5, ID_ubicacion=1
INFO - 2024-09-16 21:39:51 --> Session: Class initialized using 'CodeIgniter\Session\Handlers\FileHandler' driver.
INFO - 2024-09-16 21:39:51 --> Session: Class initialized using 'CodeIgniter\Session\Handlers\FileHandler' driver.
DEBUG - 2024-09-16 21:39:53 --> Datos recibidos: codigo=YYYYY1, velocidad=10, bateria=80, temperatura=27.5, ID_ubicacion=1
DEBUG - 2024-09-16 21:39:57 --> Datos recibidos: codigo=YYYYY1, velocidad=10, bateria=80, temperatura=27.5, ID_ubicacion=1
INFO - 2024-09-16 21:39:59 --> Session: Class initialized using 'CodeIgniter\Session\Handlers\FileHandler' driver.
INFO - 2024-09-16 21:39:59 --> Session: Class initialized using 'CodeIgniter\Session\Handlers\FileHandler' driver.
DEBUG - 2024-09-16 21:39:59 --> Datos recibidos: codigo=YYYYY1, velocidad=10, bateria=80, temperatura=27.5, ID_ubicacion=1
DEBUG - 2024-09-16 21:40:03 --> Datos recibidos: codigo=YYYYY1, velocidad=10, bateria=80, temperatura=27.5, ID_ubicacion=1
DEBUG - 2024-09-16 21:40:06 --> Datos recibidos: codigo=YYYYY1, velocidad=10, bateria=80, temperatura=27.5, ID_ubicacion=1
INFO - 2024-09-16 21:40:07 --> Session: Class initialized using 'CodeIgniter\Session\Handlers\FileHandler' driver.
INFO - 2024-09-16 21:40:07 --> Session: Class initialized using 'CodeIgniter\Session\Handlers\FileHandler' driver.
DEBUG - 2024-09-16 21:40:09 --> Datos recibidos: codigo=YYYYY1, velocidad=10, bateria=80, temperatura=27.5, ID_ubicacion=1
DEBUG - 2024-09-16 21:40:12 --> Datos recibidos: codigo=YYYYY1, velocidad=10, bateria=80, temperatura=27.5, ID_ubicacion=1
DEBUG - 2024-09-16 21:40:15 --> Datos recibidos: codigo=YYYYY1, velocidad=10, bateria=80, temperatura=27.6, ID_ubicacion=1
DEBUG - 2024-09-16 21:40:18 --> Datos recibidos: codigo=YYYYY1, velocidad=10, bateria=80, temperatura=27.5, ID_ubicacion=1
DEBUG - 2024-09-16 21:40:22 --> Datos recibidos: codigo=YYYYY1, velocidad=10, bateria=80, temperatura=27.5, ID_ubicacion=1
DEBUG - 2024-09-16 21:40:24 --> Datos recibidos: codigo=YYYYY1, velocidad=10, bateria=80, temperatura=27.5, ID_ubicacion=1
DEBUG - 2024-09-16 21:40:27 --> Datos recibidos: codigo=YYYYY1, velocidad=10, bateria=80, temperatura=27.6, ID_ubicacion=1
DEBUG - 2024-09-16 21:40:31 --> Datos recibidos: codigo=YYYYY1, velocidad=10, bateria=80, temperatura=27.6, ID_ubicacion=1
DEBUG - 2024-09-16 21:40:33 --> Datos recibidos: codigo=YYYYY1, velocidad=10, bateria=80, temperatura=27.6, ID_ubicacion=1
DEBUG - 2024-09-16 21:40:37 --> Datos recibidos: codigo=YYYYY1, velocidad=10, bateria=80, temperatura=27.5, ID_ubicacion=1
DEBUG - 2024-09-16 21:40:40 --> Datos recibidos: codigo=YYYYY1, velocidad=10, bateria=80, temperatura=27.6, ID_ubicacion=1
DEBUG - 2024-09-16 21:40:43 --> Datos recibidos: codigo=YYYYY1, velocidad=10, bateria=80, temperatura=27.5, ID_ubicacion=1
DEBUG - 2024-09-16 21:40:47 --> Datos recibidos: codigo=YYYYY1, velocidad=10, bateria=80, temperatura=27.6, ID_ubicacion=1
DEBUG - 2024-09-16 21:40:49 --> Datos recibidos: codigo=YYYYY1, velocidad=10, bateria=80, temperatura=27.5, ID_ubicacion=1
DEBUG - 2024-09-16 21:40:52 --> Datos recibidos: codigo=YYYYY1, velocidad=10, bateria=80, temperatura=27.5, ID_ubicacion=1
DEBUG - 2024-09-16 21:40:56 --> Datos recibidos: codigo=YYYYY1, velocidad=10, bateria=80, temperatura=27.5, ID_ubicacion=1
INFO - 2024-09-16 21:40:58 --> Session: Class initialized using 'CodeIgniter\Session\Handlers\FileHandler' driver.
DEBUG - 2024-09-16 21:40:59 --> Datos recibidos: codigo=YYYYY1, velocidad=10, bateria=80, temperatura=27.6, ID_ubicacion=1
INFO - 2024-09-16 21:40:59 --> Session: Class initialized using 'CodeIgniter\Session\Handlers\FileHandler' driver.
INFO - 2024-09-16 21:41:01 --> Session: Class initialized using 'CodeIgniter\Session\Handlers\FileHandler' driver.
DEBUG - 2024-09-16 21:41:01 --> Datos recibidos: codigo=YYYYY1, velocidad=10, bateria=80, temperatura=27.6, ID_ubicacion=1
DEBUG - 2024-09-16 21:41:07 --> Datos recibidos: codigo=YYYYY1, velocidad=10, bateria=80, temperatura=27.6, ID_ubicacion=1
INFO - 2024-09-16 21:41:09 --> Session: Class initialized using 'CodeIgniter\Session\Handlers\FileHandler' driver.
INFO - 2024-09-16 21:41:09 --> Session: Class initialized using 'CodeIgniter\Session\Handlers\FileHandler' driver.
DEBUG - 2024-09-16 21:41:09 --> Datos recibidos: codigo=YYYYY1, velocidad=10, bateria=80, temperatura=27.5, ID_ubicacion=1
DEBUG - 2024-09-16 21:41:12 --> Datos recibidos: codigo=YYYYY1, velocidad=10, bateria=80, temperatura=27.6, ID_ubicacion=1
DEBUG - 2024-09-16 21:41:15 --> Datos recibidos: codigo=YYYYY1, velocidad=10, bateria=80, temperatura=27.6, ID_ubicacion=1
DEBUG - 2024-09-16 21:41:18 --> Datos recibidos: codigo=YYYYY1, velocidad=10, bateria=80, temperatura=27.6, ID_ubicacion=1
DEBUG - 2024-09-16 21:41:21 --> Datos recibidos: codigo=YYYYY1, velocidad=10, bateria=80, temperatura=27.6, ID_ubicacion=1
DEBUG - 2024-09-16 21:41:24 --> Datos recibidos: codigo=YYYYY1, velocidad=10, bateria=80, temperatura=27.6, ID_ubicacion=1
DEBUG - 2024-09-16 21:41:27 --> Datos recibidos: codigo=YYYYY1, velocidad=10, bateria=80, temperatura=27.6, ID_ubicacion=1
DEBUG - 2024-09-16 21:41:29 --> Datos recibidos: codigo=YYYYY1, velocidad=10, bateria=80, temperatura=27.6, ID_ubicacion=1
DEBUG - 2024-09-16 21:41:33 --> Datos recibidos: codigo=YYYYY1, velocidad=10, bateria=80, temperatura=27.6, ID_ubicacion=1
DEBUG - 2024-09-16 21:41:35 --> Datos recibidos: codigo=YYYYY1, velocidad=10, bateria=80, temperatura=27.6, ID_ubicacion=1
DEBUG - 2024-09-16 21:41:38 --> Datos recibidos: codigo=YYYYY1, velocidad=10, bateria=80, temperatura=27.6, ID_ubicacion=1
DEBUG - 2024-09-16 21:41:41 --> Datos recibidos: codigo=YYYYY1, velocidad=10, bateria=80, temperatura=27.6, ID_ubicacion=1
INFO - 2024-09-16 21:41:42 --> Session: Class initialized using 'CodeIgniter\Session\Handlers\FileHandler' driver.
DEBUG - 2024-09-16 21:41:44 --> Datos recibidos: codigo=YYYYY1, velocidad=10, bateria=80, temperatura=27.6, ID_ubicacion=1
DEBUG - 2024-09-16 21:41:47 --> Datos recibidos: codigo=YYYYY1, velocidad=10, bateria=80, temperatura=27.6, ID_ubicacion=1
INFO - 2024-09-16 21:41:50 --> Session: Class initialized using 'CodeIgniter\Session\Handlers\FileHandler' driver.
INFO - 2024-09-16 21:41:50 --> Session: Class initialized using 'CodeIgniter\Session\Handlers\FileHandler' driver.
DEBUG - 2024-09-16 21:41:50 --> Datos recibidos: codigo=YYYYY1, velocidad=10, bateria=80, temperatura=27.6, ID_ubicacion=1
DEBUG - 2024-09-16 21:41:53 --> Datos recibidos: codigo=YYYYY1, velocidad=10, bateria=80, temperatura=27.6, ID_ubicacion=1
DEBUG - 2024-09-16 21:41:55 --> User found: Array
(
    [id] => 71
    [username] => Erie
    [email] => venturinierie@gmail.com
    [password] => $2y$10$VHvl7F41dpTepcH9jUPfL.e.QZ1/PpH39GzPdJIZl7B2K.bUelucG
    [reset_token] => 
    [reset_expiration] => 
)

DEBUG - 2024-09-16 21:41:56 --> Datos recibidos: codigo=YYYYY1, velocidad=10, bateria=80, temperatura=27.6, ID_ubicacion=1
DEBUG - 2024-09-16 21:41:56 --> Password verified successfully.
INFO - 2024-09-16 21:41:56 --> Session: Class initialized using 'CodeIgniter\Session\Handlers\FileHandler' driver.
INFO - 2024-09-16 21:41:56 --> Session: Class initialized using 'CodeIgniter\Session\Handlers\FileHandler' driver.
DEBUG - 2024-09-16 21:41:59 --> Datos recibidos: codigo=YYYYY1, velocidad=10, bateria=80, temperatura=27.6, ID_ubicacion=1
DEBUG - 2024-09-16 21:42:02 --> Datos recibidos: codigo=YYYYY1, velocidad=10, bateria=80, temperatura=27.6, ID_ubicacion=1
DEBUG - 2024-09-16 21:42:04 --> Datos recibidos: codigo=YYYYY1, velocidad=10, bateria=80, temperatura=27.6, ID_ubicacion=1
DEBUG - 2024-09-16 21:42:07 --> Datos recibidos: codigo=YYYYY1, velocidad=10, bateria=80, temperatura=27.6, ID_ubicacion=1
DEBUG - 2024-09-16 21:42:10 --> Datos recibidos: codigo=YYYYY1, velocidad=10, bateria=80, temperatura=27.6, ID_ubicacion=1
DEBUG - 2024-09-16 21:42:13 --> Datos recibidos: codigo=YYYYY1, velocidad=10, bateria=80, temperatura=27.6, ID_ubicacion=1
DEBUG - 2024-09-16 21:42:16 --> Datos recibidos: codigo=YYYYY1, velocidad=10, bateria=80, temperatura=27.6, ID_ubicacion=1
DEBUG - 2024-09-16 21:42:19 --> Datos recibidos: codigo=YYYYY1, velocidad=10, bateria=80, temperatura=27.6, ID_ubicacion=1
DEBUG - 2024-09-16 21:42:22 --> Datos recibidos: codigo=YYYYY1, velocidad=10, bateria=80, temperatura=27.6, ID_ubicacion=1
DEBUG - 2024-09-16 21:42:25 --> Datos recibidos: codigo=YYYYY1, velocidad=10, bateria=80, temperatura=27.6, ID_ubicacion=1
DEBUG - 2024-09-16 21:42:28 --> Datos recibidos: codigo=YYYYY1, velocidad=10, bateria=80, temperatura=27.6, ID_ubicacion=1
DEBUG - 2024-09-16 21:42:31 --> Datos recibidos: codigo=YYYYY1, velocidad=10, bateria=80, temperatura=27.6, ID_ubicacion=1
DEBUG - 2024-09-16 21:42:34 --> Datos recibidos: codigo=YYYYY1, velocidad=10, bateria=80, temperatura=27.6, ID_ubicacion=1
DEBUG - 2024-09-16 21:42:37 --> Datos recibidos: codigo=YYYYY1, velocidad=10, bateria=80, temperatura=27.6, ID_ubicacion=1
DEBUG - 2024-09-16 21:42:40 --> Datos recibidos: codigo=YYYYY1, velocidad=10, bateria=80, temperatura=27.6, ID_ubicacion=1
DEBUG - 2024-09-16 21:42:43 --> Datos recibidos: codigo=YYYYY1, velocidad=10, bateria=80, temperatura=27.6, ID_ubicacion=1
DEBUG - 2024-09-16 21:42:46 --> Datos recibidos: codigo=YYYYY1, velocidad=10, bateria=80, temperatura=27.7, ID_ubicacion=1
DEBUG - 2024-09-16 21:42:49 --> Datos recibidos: codigo=YYYYY1, velocidad=10, bateria=80, temperatura=27.6, ID_ubicacion=1
DEBUG - 2024-09-16 21:42:52 --> Datos recibidos: codigo=YYYYY1, velocidad=10, bateria=80, temperatura=27.6, ID_ubicacion=1
DEBUG - 2024-09-16 21:42:55 --> Datos recibidos: codigo=YYYYY1, velocidad=10, bateria=80, temperatura=27.7, ID_ubicacion=1
DEBUG - 2024-09-16 21:42:58 --> Datos recibidos: codigo=YYYYY1, velocidad=10, bateria=80, temperatura=27.7, ID_ubicacion=1
DEBUG - 2024-09-16 21:43:01 --> Datos recibidos: codigo=YYYYY1, velocidad=10, bateria=80, temperatura=27.6, ID_ubicacion=1
DEBUG - 2024-09-16 21:43:04 --> Datos recibidos: codigo=YYYYY1, velocidad=10, bateria=80, temperatura=27.6, ID_ubicacion=1
DEBUG - 2024-09-16 21:43:07 --> Datos recibidos: codigo=YYYYY1, velocidad=10, bateria=80, temperatura=27.6, ID_ubicacion=1
DEBUG - 2024-09-16 21:43:10 --> Datos recibidos: codigo=YYYYY1, velocidad=10, bateria=80, temperatura=27.6, ID_ubicacion=1
DEBUG - 2024-09-16 21:43:13 --> Datos recibidos: codigo=YYYYY1, velocidad=10, bateria=80, temperatura=27.6, ID_ubicacion=1
DEBUG - 2024-09-16 21:43:24 --> Datos recibidos: codigo=YYYYY1, velocidad=10, bateria=80, temperatura=27.6, ID_ubicacion=1
DEBUG - 2024-09-16 21:43:27 --> Datos recibidos: codigo=YYYYY1, velocidad=10, bateria=80, temperatura=27.7, ID_ubicacion=1
DEBUG - 2024-09-16 21:43:30 --> Datos recibidos: codigo=YYYYY1, velocidad=10, bateria=80, temperatura=27.7, ID_ubicacion=1
DEBUG - 2024-09-16 21:43:33 --> Datos recibidos: codigo=YYYYY1, velocidad=10, bateria=80, temperatura=27.6, ID_ubicacion=1
DEBUG - 2024-09-16 21:43:36 --> Datos recibidos: codigo=YYYYY1, velocidad=10, bateria=80, temperatura=27.6, ID_ubicacion=1
DEBUG - 2024-09-16 21:43:39 --> Datos recibidos: codigo=YYYYY1, velocidad=10, bateria=80, temperatura=27.7, ID_ubicacion=1
DEBUG - 2024-09-16 21:43:42 --> Datos recibidos: codigo=YYYYY1, velocidad=10, bateria=80, temperatura=27.7, ID_ubicacion=1
DEBUG - 2024-09-16 21:43:45 --> Datos recibidos: codigo=YYYYY1, velocidad=10, bateria=80, temperatura=27.7, ID_ubicacion=1
DEBUG - 2024-09-16 21:43:48 --> Datos recibidos: codigo=YYYYY1, velocidad=10, bateria=80, temperatura=27.6, ID_ubicacion=1
DEBUG - 2024-09-16 21:43:51 --> Datos recibidos: codigo=YYYYY1, velocidad=10, bateria=80, temperatura=27.7, ID_ubicacion=1
DEBUG - 2024-09-16 21:43:54 --> Datos recibidos: codigo=YYYYY1, velocidad=10, bateria=80, temperatura=27.6, ID_ubicacion=1
DEBUG - 2024-09-16 21:43:57 --> Datos recibidos: codigo=YYYYY1, velocidad=10, bateria=80, temperatura=27.7, ID_ubicacion=1
DEBUG - 2024-09-16 21:44:00 --> Datos recibidos: codigo=YYYYY1, velocidad=10, bateria=80, temperatura=27.6, ID_ubicacion=1
DEBUG - 2024-09-16 21:44:03 --> Datos recibidos: codigo=YYYYY1, velocidad=10, bateria=80, temperatura=27.7, ID_ubicacion=1
DEBUG - 2024-09-16 21:44:06 --> Datos recibidos: codigo=YYYYY1, velocidad=10, bateria=80, temperatura=27.7, ID_ubicacion=1
DEBUG - 2024-09-16 21:44:10 --> Datos recibidos: codigo=YYYYY1, velocidad=10, bateria=80, temperatura=27.6, ID_ubicacion=1
DEBUG - 2024-09-16 21:44:12 --> Datos recibidos: codigo=YYYYY1, velocidad=10, bateria=80, temperatura=27.7, ID_ubicacion=1
DEBUG - 2024-09-16 21:44:15 --> Datos recibidos: codigo=YYYYY1, velocidad=10, bateria=80, temperatura=27.7, ID_ubicacion=1
DEBUG - 2024-09-16 21:44:18 --> Datos recibidos: codigo=YYYYY1, velocidad=10, bateria=80, temperatura=27.7, ID_ubicacion=1
DEBUG - 2024-09-16 21:44:21 --> Datos recibidos: codigo=YYYYY1, velocidad=10, bateria=80, temperatura=27.7, ID_ubicacion=1
DEBUG - 2024-09-16 21:44:24 --> Datos recibidos: codigo=YYYYY1, velocidad=10, bateria=80, temperatura=27.7, ID_ubicacion=1
DEBUG - 2024-09-16 21:44:27 --> Datos recibidos: codigo=YYYYY1, velocidad=10, bateria=80, temperatura=27.7, ID_ubicacion=1
DEBUG - 2024-09-16 21:44:31 --> Datos recibidos: codigo=YYYYY1, velocidad=10, bateria=80, temperatura=27.7, ID_ubicacion=1
DEBUG - 2024-09-16 21:44:34 --> Datos recibidos: codigo=YYYYY1, velocidad=10, bateria=80, temperatura=27.7, ID_ubicacion=1
DEBUG - 2024-09-16 21:44:37 --> Datos recibidos: codigo=YYYYY1, velocidad=10, bateria=80, temperatura=27.7, ID_ubicacion=1
DEBUG - 2024-09-16 21:44:40 --> Datos recibidos: codigo=YYYYY1, velocidad=10, bateria=80, temperatura=27.7, ID_ubicacion=1
DEBUG - 2024-09-16 21:44:43 --> Datos recibidos: codigo=YYYYY1, velocidad=10, bateria=80, temperatura=27.7, ID_ubicacion=1
DEBUG - 2024-09-16 21:44:46 --> Datos recibidos: codigo=YYYYY1, velocidad=10, bateria=80, temperatura=27.7, ID_ubicacion=1
DEBUG - 2024-09-16 21:44:49 --> Datos recibidos: codigo=YYYYY1, velocidad=10, bateria=80, temperatura=27.7, ID_ubicacion=1
DEBUG - 2024-09-16 21:44:52 --> Datos recibidos: codigo=YYYYY1, velocidad=10, bateria=80, temperatura=27.7, ID_ubicacion=1
DEBUG - 2024-09-16 21:44:56 --> Datos recibidos: codigo=YYYYY1, velocidad=10, bateria=80, temperatura=27.7, ID_ubicacion=1
DEBUG - 2024-09-16 21:44:58 --> Datos recibidos: codigo=YYYYY1, velocidad=10, bateria=80, temperatura=27.7, ID_ubicacion=1
DEBUG - 2024-09-16 21:45:02 --> Datos recibidos: codigo=YYYYY1, velocidad=10, bateria=80, temperatura=27.7, ID_ubicacion=1
DEBUG - 2024-09-16 21:45:05 --> Datos recibidos: codigo=YYYYY1, velocidad=10, bateria=80, temperatura=27.7, ID_ubicacion=1
DEBUG - 2024-09-16 21:45:08 --> Datos recibidos: codigo=YYYYY1, velocidad=10, bateria=80, temperatura=27.7, ID_ubicacion=1
DEBUG - 2024-09-16 21:45:11 --> Datos recibidos: codigo=YYYYY1, velocidad=10, bateria=80, temperatura=27.7, ID_ubicacion=1
DEBUG - 2024-09-16 21:45:14 --> Datos recibidos: codigo=YYYYY1, velocidad=10, bateria=80, temperatura=27.7, ID_ubicacion=1
DEBUG - 2024-09-16 21:45:17 --> Datos recibidos: codigo=YYYYY1, velocidad=10, bateria=80, temperatura=27.7, ID_ubicacion=1
DEBUG - 2024-09-16 21:45:20 --> Datos recibidos: codigo=YYYYY1, velocidad=10, bateria=80, temperatura=27.7, ID_ubicacion=1
DEBUG - 2024-09-16 21:45:23 --> Datos recibidos: codigo=YYYYY1, velocidad=10, bateria=80, temperatura=27.7, ID_ubicacion=1
DEBUG - 2024-09-16 21:45:26 --> Datos recibidos: codigo=YYYYY1, velocidad=10, bateria=80, temperatura=27.7, ID_ubicacion=1
DEBUG - 2024-09-16 21:45:29 --> Datos recibidos: codigo=YYYYY1, velocidad=10, bateria=80, temperatura=27.7, ID_ubicacion=1
DEBUG - 2024-09-16 21:45:32 --> Datos recibidos: codigo=YYYYY1, velocidad=10, bateria=80, temperatura=27.7, ID_ubicacion=1
DEBUG - 2024-09-16 21:45:35 --> Datos recibidos: codigo=YYYYY1, velocidad=10, bateria=80, temperatura=27.7, ID_ubicacion=1
DEBUG - 2024-09-16 21:45:38 --> Datos recibidos: codigo=YYYYY1, velocidad=10, bateria=80, temperatura=27.7, ID_ubicacion=1
DEBUG - 2024-09-16 21:45:41 --> Datos recibidos: codigo=YYYYY1, velocidad=10, bateria=80, temperatura=27.7, ID_ubicacion=1
DEBUG - 2024-09-16 21:45:44 --> Datos recibidos: codigo=YYYYY1, velocidad=10, bateria=80, temperatura=27.7, ID_ubicacion=1
DEBUG - 2024-09-16 21:45:47 --> Datos recibidos: codigo=YYYYY1, velocidad=10, bateria=80, temperatura=27.7, ID_ubicacion=1
DEBUG - 2024-09-16 21:45:50 --> Datos recibidos: codigo=YYYYY1, velocidad=10, bateria=80, temperatura=27.7, ID_ubicacion=1
DEBUG - 2024-09-16 21:45:53 --> Datos recibidos: codigo=YYYYY1, velocidad=10, bateria=80, temperatura=27.8, ID_ubicacion=1
DEBUG - 2024-09-16 21:45:56 --> Datos recibidos: codigo=YYYYY1, velocidad=10, bateria=80, temperatura=27.7, ID_ubicacion=1
DEBUG - 2024-09-16 21:45:59 --> Datos recibidos: codigo=YYYYY1, velocidad=10, bateria=80, temperatura=27.8, ID_ubicacion=1
DEBUG - 2024-09-16 21:46:02 --> Datos recibidos: codigo=YYYYY1, velocidad=10, bateria=80, temperatura=27.8, ID_ubicacion=1
DEBUG - 2024-09-16 21:46:05 --> Datos recibidos: codigo=YYYYY1, velocidad=10, bateria=80, temperatura=27.7, ID_ubicacion=1
DEBUG - 2024-09-16 21:46:08 --> Datos recibidos: codigo=YYYYY1, velocidad=10, bateria=80, temperatura=27.7, ID_ubicacion=1
DEBUG - 2024-09-16 21:46:11 --> Datos recibidos: codigo=YYYYY1, velocidad=10, bateria=80, temperatura=27.8, ID_ubicacion=1
DEBUG - 2024-09-16 21:46:14 --> Datos recibidos: codigo=YYYYY1, velocidad=10, bateria=80, temperatura=27.7, ID_ubicacion=1
DEBUG - 2024-09-16 21:46:18 --> Datos recibidos: codigo=YYYYY1, velocidad=10, bateria=80, temperatura=27.8, ID_ubicacion=1
DEBUG - 2024-09-16 21:46:21 --> Datos recibidos: codigo=YYYYY1, velocidad=10, bateria=80, temperatura=27.7, ID_ubicacion=1
DEBUG - 2024-09-16 21:46:24 --> Datos recibidos: codigo=YYYYY1, velocidad=10, bateria=80, temperatura=27.8, ID_ubicacion=1
DEBUG - 2024-09-16 21:46:27 --> Datos recibidos: codigo=YYYYY1, velocidad=10, bateria=80, temperatura=27.8, ID_ubicacion=1
DEBUG - 2024-09-16 21:46:30 --> Datos recibidos: codigo=YYYYY1, velocidad=10, bateria=80, temperatura=27.8, ID_ubicacion=1
DEBUG - 2024-09-16 21:46:33 --> Datos recibidos: codigo=YYYYY1, velocidad=10, bateria=80, temperatura=27.7, ID_ubicacion=1
DEBUG - 2024-09-16 21:46:36 --> Datos recibidos: codigo=YYYYY1, velocidad=10, bateria=80, temperatura=27.8, ID_ubicacion=1
DEBUG - 2024-09-16 21:46:39 --> Datos recibidos: codigo=YYYYY1, velocidad=10, bateria=80, temperatura=27.8, ID_ubicacion=1
DEBUG - 2024-09-16 21:46:42 --> Datos recibidos: codigo=YYYYY1, velocidad=10, bateria=80, temperatura=27.7, ID_ubicacion=1
DEBUG - 2024-09-16 21:46:45 --> Datos recibidos: codigo=YYYYY1, velocidad=10, bateria=80, temperatura=27.8, ID_ubicacion=1
DEBUG - 2024-09-16 21:46:47 --> Datos recibidos: codigo=YYYYY1, velocidad=10, bateria=80, temperatura=27.8, ID_ubicacion=1
DEBUG - 2024-09-16 21:46:50 --> Datos recibidos: codigo=YYYYY1, velocidad=10, bateria=80, temperatura=27.8, ID_ubicacion=1
DEBUG - 2024-09-16 21:46:53 --> Datos recibidos: codigo=YYYYY1, velocidad=10, bateria=80, temperatura=27.8, ID_ubicacion=1
DEBUG - 2024-09-16 21:46:57 --> Datos recibidos: codigo=YYYYY1, velocidad=10, bateria=80, temperatura=27.8, ID_ubicacion=1
DEBUG - 2024-09-16 21:47:00 --> Datos recibidos: codigo=YYYYY1, velocidad=10, bateria=80, temperatura=27.8, ID_ubicacion=1
DEBUG - 2024-09-16 21:47:03 --> Datos recibidos: codigo=YYYYY1, velocidad=10, bateria=80, temperatura=27.7, ID_ubicacion=1
DEBUG - 2024-09-16 21:47:06 --> Datos recibidos: codigo=YYYYY1, velocidad=10, bateria=80, temperatura=27.7, ID_ubicacion=1
DEBUG - 2024-09-16 21:47:09 --> Datos recibidos: codigo=YYYYY1, velocidad=10, bateria=80, temperatura=27.7, ID_ubicacion=1
DEBUG - 2024-09-16 21:47:12 --> Datos recibidos: codigo=YYYYY1, velocidad=10, bateria=80, temperatura=27.8, ID_ubicacion=1
DEBUG - 2024-09-16 21:47:15 --> Datos recibidos: codigo=YYYYY1, velocidad=10, bateria=80, temperatura=27.8, ID_ubicacion=1
DEBUG - 2024-09-16 21:47:18 --> Datos recibidos: codigo=YYYYY1, velocidad=10, bateria=80, temperatura=27.8, ID_ubicacion=1
DEBUG - 2024-09-16 21:47:21 --> Datos recibidos: codigo=YYYYY1, velocidad=10, bateria=80, temperatura=27.8, ID_ubicacion=1
DEBUG - 2024-09-16 21:47:24 --> Datos recibidos: codigo=YYYYY1, velocidad=10, bateria=80, temperatura=27.8, ID_ubicacion=1
DEBUG - 2024-09-16 21:47:27 --> Datos recibidos: codigo=YYYYY1, velocidad=10, bateria=80, temperatura=27.8, ID_ubicacion=1
DEBUG - 2024-09-16 21:47:30 --> Datos recibidos: codigo=YYYYY1, velocidad=10, bateria=80, temperatura=27.8, ID_ubicacion=1
DEBUG - 2024-09-16 21:47:33 --> Datos recibidos: codigo=YYYYY1, velocidad=10, bateria=80, temperatura=27.8, ID_ubicacion=1
DEBUG - 2024-09-16 21:47:36 --> Datos recibidos: codigo=YYYYY1, velocidad=10, bateria=80, temperatura=27.8, ID_ubicacion=1
DEBUG - 2024-09-16 21:47:39 --> Datos recibidos: codigo=YYYYY1, velocidad=10, bateria=80, temperatura=27.8, ID_ubicacion=1
DEBUG - 2024-09-16 21:47:42 --> Datos recibidos: codigo=YYYYY1, velocidad=10, bateria=80, temperatura=27.8, ID_ubicacion=1
DEBUG - 2024-09-16 21:47:44 --> Datos recibidos: codigo=YYYYY1, velocidad=10, bateria=80, temperatura=27.8, ID_ubicacion=1
DEBUG - 2024-09-16 21:47:47 --> Datos recibidos: codigo=YYYYY1, velocidad=10, bateria=80, temperatura=27.8, ID_ubicacion=1
DEBUG - 2024-09-16 21:47:50 --> Datos recibidos: codigo=YYYYY1, velocidad=10, bateria=80, temperatura=27.8, ID_ubicacion=1
DEBUG - 2024-09-16 21:47:53 --> Datos recibidos: codigo=YYYYY1, velocidad=10, bateria=80, temperatura=27.8, ID_ubicacion=1
DEBUG - 2024-09-16 21:47:56 --> Datos recibidos: codigo=YYYYY1, velocidad=10, bateria=80, temperatura=27.8, ID_ubicacion=1
DEBUG - 2024-09-16 21:47:59 --> Datos recibidos: codigo=YYYYY1, velocidad=10, bateria=80, temperatura=27.8, ID_ubicacion=1
DEBUG - 2024-09-16 21:48:02 --> Datos recibidos: codigo=YYYYY1, velocidad=10, bateria=80, temperatura=27.8, ID_ubicacion=1
DEBUG - 2024-09-16 21:48:04 --> Datos recibidos: codigo=YYYYY1, velocidad=10, bateria=80, temperatura=27.8, ID_ubicacion=1
DEBUG - 2024-09-16 21:48:07 --> Datos recibidos: codigo=YYYYY1, velocidad=10, bateria=80, temperatura=27.8, ID_ubicacion=1
DEBUG - 2024-09-16 21:48:10 --> Datos recibidos: codigo=YYYYY1, velocidad=10, bateria=80, temperatura=27.8, ID_ubicacion=1
DEBUG - 2024-09-16 21:48:13 --> Datos recibidos: codigo=YYYYY1, velocidad=10, bateria=80, temperatura=27.8, ID_ubicacion=1
DEBUG - 2024-09-16 21:48:16 --> Datos recibidos: codigo=YYYYY1, velocidad=10, bateria=80, temperatura=27.8, ID_ubicacion=1
DEBUG - 2024-09-16 21:48:19 --> Datos recibidos: codigo=YYYYY1, velocidad=10, bateria=80, temperatura=27.8, ID_ubicacion=1
DEBUG - 2024-09-16 21:48:22 --> Datos recibidos: codigo=YYYYY1, velocidad=10, bateria=80, temperatura=27.8, ID_ubicacion=1
DEBUG - 2024-09-16 21:48:25 --> Datos recibidos: codigo=YYYYY1, velocidad=10, bateria=80, temperatura=27.8, ID_ubicacion=1
DEBUG - 2024-09-16 21:48:28 --> Datos recibidos: codigo=YYYYY1, velocidad=10, bateria=80, temperatura=27.8, ID_ubicacion=1
DEBUG - 2024-09-16 21:48:31 --> Datos recibidos: codigo=YYYYY1, velocidad=10, bateria=80, temperatura=27.8, ID_ubicacion=1
DEBUG - 2024-09-16 21:48:34 --> Datos recibidos: codigo=YYYYY1, velocidad=10, bateria=80, temperatura=27.8, ID_ubicacion=1
DEBUG - 2024-09-16 21:48:37 --> Datos recibidos: codigo=YYYYY1, velocidad=10, bateria=80, temperatura=27.8, ID_ubicacion=1
DEBUG - 2024-09-16 21:48:40 --> Datos recibidos: codigo=YYYYY1, velocidad=10, bateria=80, temperatura=27.8, ID_ubicacion=1
DEBUG - 2024-09-16 21:48:43 --> Datos recibidos: codigo=YYYYY1, velocidad=10, bateria=80, temperatura=27.8, ID_ubicacion=1
DEBUG - 2024-09-16 21:48:46 --> Datos recibidos: codigo=YYYYY1, velocidad=10, bateria=80, temperatura=27.8, ID_ubicacion=1
DEBUG - 2024-09-16 21:48:49 --> Datos recibidos: codigo=YYYYY1, velocidad=10, bateria=80, temperatura=27.8, ID_ubicacion=1
DEBUG - 2024-09-16 21:48:52 --> Datos recibidos: codigo=YYYYY1, velocidad=10, bateria=80, temperatura=27.8, ID_ubicacion=1
DEBUG - 2024-09-16 21:48:56 --> Datos recibidos: codigo=YYYYY1, velocidad=10, bateria=80, temperatura=27.8, ID_ubicacion=1
DEBUG - 2024-09-16 21:48:59 --> Datos recibidos: codigo=YYYYY1, velocidad=10, bateria=80, temperatura=27.8, ID_ubicacion=1
DEBUG - 2024-09-16 21:49:02 --> Datos recibidos: codigo=YYYYY1, velocidad=10, bateria=80, temperatura=27.7, ID_ubicacion=1
DEBUG - 2024-09-16 21:49:06 --> Datos recibidos: codigo=YYYYY1, velocidad=10, bateria=80, temperatura=27.8, ID_ubicacion=1
DEBUG - 2024-09-16 21:49:08 --> Datos recibidos: codigo=YYYYY1, velocidad=10, bateria=80, temperatura=27.8, ID_ubicacion=1
DEBUG - 2024-09-16 21:49:12 --> Datos recibidos: codigo=YYYYY1, velocidad=10, bateria=80, temperatura=27.8, ID_ubicacion=1
DEBUG - 2024-09-16 21:49:37 --> User found: Array
(
    [id] => 71
    [username] => Erie
    [email] => venturinierie@gmail.com
    [password] => $2y$10$VHvl7F41dpTepcH9jUPfL.e.QZ1/PpH39GzPdJIZl7B2K.bUelucG
    [reset_token] => 
    [reset_expiration] => 
)

DEBUG - 2024-09-16 21:49:38 --> Password verified successfully.
INFO - 2024-09-16 21:49:38 --> Session: Class initialized using 'CodeIgniter\Session\Handlers\FileHandler' driver.
INFO - 2024-09-16 21:49:38 --> Session: Class initialized using 'CodeIgniter\Session\Handlers\FileHandler' driver.
INFO - 2024-09-16 21:49:39 --> Session: Class initialized using 'CodeIgniter\Session\Handlers\FileHandler' driver.
INFO - 2024-09-16 21:49:43 --> Session: Class initialized using 'CodeIgniter\Session\Handlers\FileHandler' driver.
