ERROR - 2024-09-11 21:12:02 --> Invalid or expired token during password update:  03debeINFO - 2024-09-11 21:27:00 --> Session: Class initialized using 'CodeIgniter\Session\Handlers\FileHandler' driver.
INFO - 2024-09-11 21:27:05 --> Session: Class initialized using 'CodeIgniter\Session\Handlers\FileHandler' driver.
INFO - 2024-09-11 21:27:10 --> Session: Class initialized using 'CodeIgniter\Session\Handlers\FileHandler' driver.
INFO - 2024-09-11 21:27:11 --> Session: Class initialized using 'CodeIgniter\Session\Handlers\FileHandler' driver.
INFO - 2024-09-11 21:27:20 --> Session: Class initialized using 'CodeIgniter\Session\Handlers\FileHandler' driver.
WARNING - 2024-09-11 21:27:23 --> [DEPRECATED] password_hash(): Passing null to parameter #1 ($password) of type string is deprecated in APPPATH/Models/UserModel.php on line 51.
 1 APPPATH/Models/UserModel.php(51): password_hash(Object(SensitiveParameterValue), '2y')
 2 APPPATH/Controllers/PasswordResetController.php(65): App\Models\UserModel->resetPassword('f9c6d9', null)
 3 SYSTEMPATH/CodeIgniter.php(933): App\Controllers\PasswordResetController->updatePassword()
 4 SYSTEMPATH/CodeIgniter.php(509): CodeIgniter\CodeIgniter->runController(Object(App\Controllers\PasswordResetController))
 5 SYSTEMPATH/CodeIgniter.php(355): CodeIgniter\CodeIgniter->handleRequest(null, Object(Config\Cache), false)
 6 SYSTEMPATH/Boot.php(325): CodeIgniter\CodeIgniter->run()
 7 SYSTEMPATH/Boot.php(67): CodeIgniter\Boot::runCodeIgniter(Object(CodeIgniter\CodeIgniter))
 8 FCPATH/index.php(56): CodeIgniter\Boot::bootWeb(Object(Config\Paths))
DEBUG - 2024-09-11 21:27:23 --> Contraseña hasheada: $2y$10$DzeflYr7cDu.J6THo3HG9enXdmTvvsuN51ycyytu9UHC29T/yEATi
INFO - 2024-09-11 21:27:23 --> Session: Class initialized using 'CodeIgniter\Session\Handlers\FileHandler' driver.
INFO - 2024-09-11 21:27:23 --> Session: Class initialized using 'CodeIgniter\Session\Handlers\FileHandler' driver.
INFO - 2024-09-11 21:29:25 --> Session: Class initialized using 'CodeIgniter\Session\Handlers\FileHandler' driver.
INFO - 2024-09-11 21:29:30 --> Session: Class initialized using 'CodeIgniter\Session\Handlers\FileHandler' driver.
INFO - 2024-09-11 21:29:30 --> Session: Class initialized using 'CodeIgniter\Session\Handlers\FileHandler' driver.
INFO - 2024-09-11 21:29:43 --> Session: Class initialized using 'CodeIgniter\Session\Handlers\FileHandler' driver.
WARNING - 2024-09-11 21:29:48 --> [DEPRECATED] password_hash(): Passing null to parameter #1 ($password) of type string is deprecated in APPPATH/Models/UserModel.php on line 51.
 1 APPPATH/Models/UserModel.php(51): password_hash(Object(SensitiveParameterValue), '2y')
 2 APPPATH/Controllers/PasswordResetController.php(65): App\Models\UserModel->resetPassword('6243f4', null)
 3 SYSTEMPATH/CodeIgniter.php(933): App\Controllers\PasswordResetController->updatePassword()
 4 SYSTEMPATH/CodeIgniter.php(509): CodeIgniter\CodeIgniter->runController(Object(App\Controllers\PasswordResetController))
 5 SYSTEMPATH/CodeIgniter.php(355): CodeIgniter\CodeIgniter->handleRequest(null, Object(Config\Cache), false)
 6 SYSTEMPATH/Boot.php(325): CodeIgniter\CodeIgniter->run()
 7 SYSTEMPATH/Boot.php(67): CodeIgniter\Boot::runCodeIgniter(Object(CodeIgniter\CodeIgniter))
 8 FCPATH/index.php(56): CodeIgniter\Boot::bootWeb(Object(Config\Paths))
DEBUG - 2024-09-11 21:29:48 --> Contraseña hasheada: $2y$10$krIWMDerxzYBhw8fQXS6I.W9Qeblesu10bh8JKq85Y0dwJMNLl5Iy
DEBUG - 2024-09-11 21:29:48 --> Contraseña hasheada: 
INFO - 2024-09-11 21:29:48 --> Session: Class initialized using 'CodeIgniter\Session\Handlers\FileHandler' driver.
INFO - 2024-09-11 21:29:49 --> Session: Class initialized using 'CodeIgniter\Session\Handlers\FileHandler' driver.
INFO - 2024-09-11 21:31:50 --> Session: Class initialized using 'CodeIgniter\Session\Handlers\FileHandler' driver.
INFO - 2024-09-11 21:31:55 --> Session: Class initialized using 'CodeIgniter\Session\Handlers\FileHandler' driver.
INFO - 2024-09-11 21:31:56 --> Session: Class initialized using 'CodeIgniter\Session\Handlers\FileHandler' driver.
INFO - 2024-09-11 21:32:05 --> Session: Class initialized using 'CodeIgniter\Session\Handlers\FileHandler' driver.
DEBUG - 2024-09-11 21:32:07 --> Contraseña new 
WARNING - 2024-09-11 21:32:07 --> [DEPRECATED] password_hash(): Passing null to parameter #1 ($password) of type string is deprecated in APPPATH/Models/UserModel.php on line 51.
 1 APPPATH/Models/UserModel.php(51): password_hash(Object(SensitiveParameterValue), '2y')
 2 APPPATH/Controllers/PasswordResetController.php(65): App\Models\UserModel->resetPassword('6a9d75', null)
 3 SYSTEMPATH/CodeIgniter.php(933): App\Controllers\PasswordResetController->updatePassword()
 4 SYSTEMPATH/CodeIgniter.php(509): CodeIgniter\CodeIgniter->runController(Object(App\Controllers\PasswordResetController))
 5 SYSTEMPATH/CodeIgniter.php(355): CodeIgniter\CodeIgniter->handleRequest(null, Object(Config\Cache), false)
 6 SYSTEMPATH/Boot.php(325): CodeIgniter\CodeIgniter->run()
 7 SYSTEMPATH/Boot.php(67): CodeIgniter\Boot::runCodeIgniter(Object(CodeIgniter\CodeIgniter))
 8 FCPATH/index.php(56): CodeIgniter\Boot::bootWeb(Object(Config\Paths))
DEBUG - 2024-09-11 21:32:08 --> Contraseña hasheada: $2y$10$MhKMN/vN28GjNOStAJgAwu7lTijXYqa9KJMu7JXW5LLMxAurWYgI2
INFO - 2024-09-11 21:32:08 --> Session: Class initialized using 'CodeIgniter\Session\Handlers\FileHandler' driver.
INFO - 2024-09-11 21:32:08 --> Session: Class initialized using 'CodeIgniter\Session\Handlers\FileHandler' driver.
INFO - 2024-09-11 21:33:56 --> Session: Class initialized using 'CodeIgniter\Session\Handlers\FileHandler' driver.
INFO - 2024-09-11 21:34:02 --> Session: Class initialized using 'CodeIgniter\Session\Handlers\FileHandler' driver.
INFO - 2024-09-11 21:34:02 --> Session: Class initialized using 'CodeIgniter\Session\Handlers\FileHandler' driver.
INFO - 2024-09-11 21:34:07 --> Session: Class initialized using 'CodeIgniter\Session\Handlers\FileHandler' driver.
CRITICAL - 2024-09-11 21:34:10 --> CodeIgniter\Log\Exceptions\LogException: "DEBUG" is an invalid log level.
[Method: POST, Route: passwordreset/update]
in SYSTEMPATH/Log/Logger.php on line 262.
 1 SYSTEMPATH/Log/Logger.php(262): CodeIgniter\Log\Exceptions\LogException::forInvalidLogLevel('DEBUG')
 2 SYSTEMPATH/Common.php(783): CodeIgniter\Log\Logger->log('DEBUG', 'Nueva contraseña: null', [])
 3 APPPATH/Controllers/PasswordResetController.php(61): log_message('DEBUG', 'Nueva contraseña: null')
 4 SYSTEMPATH/CodeIgniter.php(933): App\Controllers\PasswordResetController->updatePassword()
 5 SYSTEMPATH/CodeIgniter.php(509): CodeIgniter\CodeIgniter->runController(Object(App\Controllers\PasswordResetController))
 6 SYSTEMPATH/CodeIgniter.php(355): CodeIgniter\CodeIgniter->handleRequest(null, Object(Config\Cache), false)
 7 SYSTEMPATH/Boot.php(325): CodeIgniter\CodeIgniter->run()
 8 SYSTEMPATH/Boot.php(67): CodeIgniter\Boot::runCodeIgniter(Object(CodeIgniter\CodeIgniter))
 9 FCPATH/index.php(56): CodeIgniter\Boot::bootWeb(Object(Config\Paths))
INFO - 2024-09-11 21:35:46 --> Session: Class initialized using 'CodeIgniter\Session\Handlers\FileHandler' driver.
INFO - 2024-09-11 21:35:48 --> Session: Class initialized using 'CodeIgniter\Session\Handlers\FileHandler' driver.
INFO - 2024-09-11 21:35:52 --> Session: Class initialized using 'CodeIgniter\Session\Handlers\FileHandler' driver.
INFO - 2024-09-11 21:35:53 --> Session: Class initialized using 'CodeIgniter\Session\Handlers\FileHandler' driver.
INFO - 2024-09-11 21:35:59 --> Session: Class initialized using 'CodeIgniter\Session\Handlers\FileHandler' driver.
INFO - 2024-09-11 21:35:59 --> Session: Class initialized using 'CodeIgniter\Session\Handlers\FileHandler' driver.
INFO - 2024-09-11 21:36:07 --> Session: Class initialized using 'CodeIgniter\Session\Handlers\FileHandler' driver.
DEBUG - 2024-09-11 21:36:10 --> Contraseña new: 
WARNING - 2024-09-11 21:36:10 --> [DEPRECATED] password_hash(): Passing null to parameter #1 ($password) of type string is deprecated in APPPATH/Models/UserModel.php on line 51.
 1 APPPATH/Models/UserModel.php(51): password_hash(Object(SensitiveParameterValue), '2y')
 2 APPPATH/Controllers/PasswordResetController.php(66): App\Models\UserModel->resetPassword('6a7498', null)
 3 SYSTEMPATH/CodeIgniter.php(933): App\Controllers\PasswordResetController->updatePassword()
 4 SYSTEMPATH/CodeIgniter.php(509): CodeIgniter\CodeIgniter->runController(Object(App\Controllers\PasswordResetController))
 5 SYSTEMPATH/CodeIgniter.php(355): CodeIgniter\CodeIgniter->handleRequest(null, Object(Config\Cache), false)
 6 SYSTEMPATH/Boot.php(325): CodeIgniter\CodeIgniter->run()
 7 SYSTEMPATH/Boot.php(67): CodeIgniter\Boot::runCodeIgniter(Object(CodeIgniter\CodeIgniter))
 8 FCPATH/index.php(56): CodeIgniter\Boot::bootWeb(Object(Config\Paths))
DEBUG - 2024-09-11 21:36:11 --> Contraseña hasheada: $2y$10$Atm5o7XhSrevNmza6f2B4eVGYX8g4EzDx9mG8fileLen/jBpi/V4m
INFO - 2024-09-11 21:36:11 --> Session: Class initialized using 'CodeIgniter\Session\Handlers\FileHandler' driver.
INFO - 2024-09-11 21:36:11 --> Session: Class initialized using 'CodeIgniter\Session\Handlers\FileHandler' driver.
INFO - 2024-09-11 21:38:59 --> Session: Class initialized using 'CodeIgniter\Session\Handlers\FileHandler' driver.
INFO - 2024-09-11 21:39:05 --> Session: Class initialized using 'CodeIgniter\Session\Handlers\FileHandler' driver.
INFO - 2024-09-11 21:39:06 --> Session: Class initialized using 'CodeIgniter\Session\Handlers\FileHandler' driver.
INFO - 2024-09-11 21:39:22 --> Session: Class initialized using 'CodeIgniter\Session\Handlers\FileHandler' driver.
DEBUG - 2024-09-11 21:39:36 --> Contraseña new: 1311
DEBUG - 2024-09-11 21:39:37 --> Contraseña hasheada: $2y$10$u3hSHulPOKzrAGRQG.mSHue1nQw1ZrPahZpPSWlnpFL3cCtCGb61y
INFO - 2024-09-11 21:39:37 --> Session: Class initialized using 'CodeIgniter\Session\Handlers\FileHandler' driver.
INFO - 2024-09-11 21:39:37 --> Session: Class initialized using 'CodeIgniter\Session\Handlers\FileHandler' driver.
DEBUG - 2024-09-11 21:39:56 --> User found: Array
(
    [id] => 69
    [username] => Erie
    [email] => venturinierie@gmail.com
    [password] => $2y$10$u3hSHulPOKzrAGRQG.mSHue1nQw1ZrPahZpPSWlnpFL3cCtCGb61y
    [reset_token] => 
    [reset_expiration] => 
)

DEBUG - 2024-09-11 21:39:56 --> Password verified successfully.
INFO - 2024-09-11 21:39:56 --> Session: Class initialized using 'CodeIgniter\Session\Handlers\FileHandler' driver.
INFO - 2024-09-11 21:39:56 --> Session: Class initialized using 'CodeIgniter\Session\Handlers\FileHandler' driver.
INFO - 2024-09-11 21:39:58 --> Session: Class initialized using 'CodeIgniter\Session\Handlers\FileHandler' driver.
INFO - 2024-09-11 21:39:59 --> Session: Class initialized using 'CodeIgniter\Session\Handlers\FileHandler' driver.
