CRITICAL - 2024-10-29 19:52:40 --> ErrorException: Undefined variable $otrosModelos
[Method: GET, Route: skate/detail/1]
in APPPATH/Views/skate_detail.php on line 167.
 1 APPPATH/Views/skate_detail.php(167): CodeIgniter\Debug\Exceptions->errorHandler(2, 'Undefined variable $otrosModelos', '/Applications/MAMP/htdocs/eskate/app/Views/skate_detail.php', 167)
 2 SYSTEMPATH/View/View.php(234): include('/Applications/MAMP/htdocs/eskate/app/Views/skate_detail.php')
 3 SYSTEMPATH/View/View.php(237): CodeIgniter\View\View->CodeIgniter\View\{closure}()
 4 SYSTEMPATH/Common.php(1169): CodeIgniter\View\View->render('skate_detail', [], true)
 5 APPPATH/Controllers/SkateController.php(119): view('skate_detail', [...])
 6 SYSTEMPATH/CodeIgniter.php(933): App\Controllers\SkateController->detail('1')
 7 SYSTEMPATH/CodeIgniter.php(509): CodeIgniter\CodeIgniter->runController(Object(App\Controllers\SkateController))
 8 SYSTEMPATH/CodeIgniter.php(355): CodeIgniter\CodeIgniter->handleRequest(null, Object(Config\Cache), false)
 9 SYSTEMPATH/Boot.php(325): CodeIgniter\CodeIgniter->run()
10 SYSTEMPATH/Boot.php(67): CodeIgniter\Boot::runCodeIgniter(Object(CodeIgniter\CodeIgniter))
11 FCPATH/index.php(56): CodeIgniter\Boot::bootWeb(Object(Config\Paths))
CRITICAL - 2024-10-29 19:53:45 --> ErrorException: Undefined variable $otrosModelos
[Method: GET, Route: skate/detail/1]
in APPPATH/Views/skate_detail.php on line 167.
 1 APPPATH/Views/skate_detail.php(167): CodeIgniter\Debug\Exceptions->errorHandler(2, 'Undefined variable $otrosModelos', '/Applications/MAMP/htdocs/eskate/app/Views/skate_detail.php', 167)
 2 SYSTEMPATH/View/View.php(234): include('/Applications/MAMP/htdocs/eskate/app/Views/skate_detail.php')
 3 SYSTEMPATH/View/View.php(237): CodeIgniter\View\View->CodeIgniter\View\{closure}()
 4 SYSTEMPATH/Common.php(1169): CodeIgniter\View\View->render('skate_detail', [], true)
 5 APPPATH/Controllers/SkateController.php(119): view('skate_detail', [...])
 6 SYSTEMPATH/CodeIgniter.php(933): App\Controllers\SkateController->detail('1')
 7 SYSTEMPATH/CodeIgniter.php(509): CodeIgniter\CodeIgniter->runController(Object(App\Controllers\SkateController))
 8 SYSTEMPATH/CodeIgniter.php(355): CodeIgniter\CodeIgniter->handleRequest(null, Object(Config\Cache), false)
 9 SYSTEMPATH/Boot.php(325): CodeIgniter\CodeIgniter->run()
10 SYSTEMPATH/Boot.php(67): CodeIgniter\Boot::runCodeIgniter(Object(CodeIgniter\CodeIgniter))
11 FCPATH/index.php(56): CodeIgniter\Boot::bootWeb(Object(Config\Paths))
CRITICAL - 2024-10-29 19:53:48 --> ErrorException: Undefined variable $otrosModelos
[Method: GET, Route: skate/detail/1]
in APPPATH/Views/skate_detail.php on line 167.
 1 APPPATH/Views/skate_detail.php(167): CodeIgniter\Debug\Exceptions->errorHandler(2, 'Undefined variable $otrosModelos', '/Applications/MAMP/htdocs/eskate/app/Views/skate_detail.php', 167)
 2 SYSTEMPATH/View/View.php(234): include('/Applications/MAMP/htdocs/eskate/app/Views/skate_detail.php')
 3 SYSTEMPATH/View/View.php(237): CodeIgniter\View\View->CodeIgniter\View\{closure}()
 4 SYSTEMPATH/Common.php(1169): CodeIgniter\View\View->render('skate_detail', [], true)
 5 APPPATH/Controllers/SkateController.php(119): view('skate_detail', [...])
 6 SYSTEMPATH/CodeIgniter.php(933): App\Controllers\SkateController->detail('1')
 7 SYSTEMPATH/CodeIgniter.php(509): CodeIgniter\CodeIgniter->runController(Object(App\Controllers\SkateController))
 8 SYSTEMPATH/CodeIgniter.php(355): CodeIgniter\CodeIgniter->handleRequest(null, Object(Config\Cache), false)
 9 SYSTEMPATH/Boot.php(325): CodeIgniter\CodeIgniter->run()
10 SYSTEMPATH/Boot.php(67): CodeIgniter\Boot::runCodeIgniter(Object(CodeIgniter\CodeIgniter))
11 FCPATH/index.php(56): CodeIgniter\Boot::bootWeb(Object(Config\Paths))
