CRITICAL - 2024-09-10 19:47:40 --> CodeIgniter\View\Exceptions\ViewException: Invalid file: "auth/forgot_password.php"
[Method: GET, Route: forgot-password]
in SYSTEMPATH/Exceptions/FrameworkException.php on line 41.
 1 SYSTEMPATH/View/View.php(222): CodeIgniter\Exceptions\FrameworkException::forInvalidFile('auth/forgot_password.php')
 2 SYSTEMPATH/Common.php(1169): CodeIgniter\View\View->render('auth/forgot_password', [], true)
 3 APPPATH/Controllers/AuthController.php(175): view('auth/forgot_password')
 4 SYSTEMPATH/CodeIgniter.php(933): App\Controllers\AuthController->forgotPassword()
 5 SYSTEMPATH/CodeIgniter.php(509): CodeIgniter\CodeIgniter->runController(Object(App\Controllers\AuthController))
 6 SYSTEMPATH/CodeIgniter.php(355): CodeIgniter\CodeIgniter->handleRequest(null, Object(Config\Cache), false)
 7 SYSTEMPATH/Boot.php(325): CodeIgniter\CodeIgniter->run()
 8 SYSTEMPATH/Boot.php(67): CodeIgniter\Boot::runCodeIgniter(Object(CodeIgniter\CodeIgniter))
 9 FCPATH/index.php(56): CodeIgniter\Boot::bootWeb(Object(Config\Paths))
ERROR - 2024-09-10 19:48:37 --> Email: Unable to send email using SMTP. Your server might not be configured to send mail using this method.
ERROR - 2024-09-10 19:48:37 --> 220 smtp.gmail.com ESMTP d2e1a72fcca58-719090ae07bsm1714708b3a.163 - gsmtp

hello: 250-smtp.gmail.com at your service, [2800:2505:6:1d27:6447:c47e:99ac:217b]
250-SIZE 35882577
250-8BITMIME
250-STARTTLS
250-ENHANCEDSTATUSCODES
250-PIPELINING
250-CHUNKING
250 SMTPUTF8

starttls: 220 2.0.0 Ready to start TLS

hello: 250-smtp.gmail.com at your service, [2800:2505:6:1d27:6447:c47e:99ac:217b]
250-SIZE 35882577
250-8BITMIME
250-AUTH LOGIN PLAIN XOAUTH2 PLAIN-CLIENTTOKEN OAUTHBEARER XOAUTH
250-ENHANCEDSTATUSCODES
250-PIPELINING
250-CHUNKING
250 SMTPUTF8

Failed to authenticate password. Error: 535-5.7.8 Username and Password not accepted. For more information, go to
535 5.7.8  https://support.google.com/mail/?p=BadCredentials d2e1a72fcca58-719090ae07bsm1714708b3a.163 - gsmtp

ERROR - 2024-09-10 19:51:58 --> Email: Unable to send email using SMTP. Your server might not be configured to send mail using this method.
ERROR - 2024-09-10 19:51:58 --> 220 smtp.gmail.com ESMTP 98e67ed59e1d1-2db043c4107sm6887098a91.28 - gsmtp

hello: 250-smtp.gmail.com at your service, [2800:2505:6:1d27:6447:c47e:99ac:217b]
250-SIZE 35882577
250-8BITMIME
250-STARTTLS
250-ENHANCEDSTATUSCODES
250-PIPELINING
250-CHUNKING
250 SMTPUTF8

starttls: 220 2.0.0 Ready to start TLS

hello: 250-smtp.gmail.com at your service, [2800:2505:6:1d27:6447:c47e:99ac:217b]
250-SIZE 35882577
250-8BITMIME
250-AUTH LOGIN PLAIN XOAUTH2 PLAIN-CLIENTTOKEN OAUTHBEARER XOAUTH
250-ENHANCEDSTATUSCODES
250-PIPELINING
250-CHUNKING
250 SMTPUTF8

Failed to authenticate password. Error: 535-5.7.8 Username and Password not accepted. For more information, go to
535 5.7.8  https://support.google.com/mail/?p=BadCredentials 98e67ed59e1d1-2db043c4107sm6887098a91.28 - gsmtp

ERROR - 2024-09-10 20:46:29 --> Email: Unable to send email using SMTP. Your server might not be configured to send mail using this method.
ERROR - 2024-09-10 20:46:29 --> 220 smtp.gmail.com ESMTP 98e67ed59e1d1-2db049669d0sm6846975a91.40 - gsmtp

hello: 250-smtp.gmail.com at your service, [181.164.211.92]
250-SIZE 35882577
250-8BITMIME
250-STARTTLS
250-ENHANCEDSTATUSCODES
250-PIPELINING
250-CHUNKING
250 SMTPUTF8

starttls: 220 2.0.0 Ready to start TLS

hello: 250-smtp.gmail.com at your service, [181.164.211.92]
250-SIZE 35882577
250-8BITMIME
250-AUTH LOGIN PLAIN XOAUTH2 PLAIN-CLIENTTOKEN OAUTHBEARER XOAUTH
250-ENHANCEDSTATUSCODES
250-PIPELINING
250-CHUNKING
250 SMTPUTF8

Failed to authenticate password. Error: 535-5.7.8 Username and Password not accepted. For more information, go to
535 5.7.8  https://support.google.com/mail/?p=BadCredentials 98e67ed59e1d1-2db049669d0sm6846975a91.40 - gsmtp

ERROR - 2024-09-10 20:52:31 --> Email: Unable to send email using SMTP. Your server might not be configured to send mail using this method.
ERROR - 2024-09-10 20:52:31 --> 220 smtp.gmail.com ESMTP d2e1a72fcca58-719090d0af3sm1752164b3a.214 - gsmtp

hello: 250-smtp.gmail.com at your service, [181.164.211.92]
250-SIZE 35882577
250-8BITMIME
250-STARTTLS
250-ENHANCEDSTATUSCODES
250-PIPELINING
250-CHUNKING
250 SMTPUTF8

starttls: 220 2.0.0 Ready to start TLS

hello: 250-smtp.gmail.com at your service, [181.164.211.92]
250-SIZE 35882577
250-8BITMIME
250-AUTH LOGIN PLAIN XOAUTH2 PLAIN-CLIENTTOKEN OAUTHBEARER XOAUTH
250-ENHANCEDSTATUSCODES
250-PIPELINING
250-CHUNKING
250 SMTPUTF8

Failed to authenticate password. Error: 535-5.7.8 Username and Password not accepted. For more information, go to
535 5.7.8  https://support.google.com/mail/?p=BadCredentials d2e1a72fcca58-719090d0af3sm1752164b3a.214 - gsmtp

ERROR - 2024-09-10 20:56:27 --> Email: Unable to send email using SMTP. Your server might not be configured to send mail using this method.
ERROR - 2024-09-10 20:56:27 --> 220 smtp.gmail.com ESMTP d9443c01a7336-20710f3229esm52399865ad.268 - gsmtp

hello: 250-smtp.gmail.com at your service, [181.164.211.92]
250-SIZE 35882577
250-8BITMIME
250-STARTTLS
250-ENHANCEDSTATUSCODES
250-PIPELINING
250-CHUNKING
250 SMTPUTF8

starttls: 220 2.0.0 Ready to start TLS

hello: 250-smtp.gmail.com at your service, [181.164.211.92]
250-SIZE 35882577
250-8BITMIME
250-AUTH LOGIN PLAIN XOAUTH2 PLAIN-CLIENTTOKEN OAUTHBEARER XOAUTH
250-ENHANCEDSTATUSCODES
250-PIPELINING
250-CHUNKING
250 SMTPUTF8

Failed to authenticate password. Error: 535-5.7.8 Username and Password not accepted. For more information, go to
535 5.7.8  https://support.google.com/mail/?p=BadCredentials d9443c01a7336-20710f3229esm52399865ad.268 - gsmtp

ERROR - 2024-09-10 21:03:40 --> Email: Unable to send email using SMTP. Your server might not be configured to send mail using this method.
ERROR - 2024-09-10 21:03:40 --> 220 smtp.gmail.com ESMTP d9443c01a7336-20710e33969sm52717905ad.103 - gsmtp

hello: 250-smtp.gmail.com at your service, [181.164.211.92]
250-SIZE 35882577
250-8BITMIME
250-STARTTLS
250-ENHANCEDSTATUSCODES
250-PIPELINING
250-CHUNKING
250 SMTPUTF8

starttls: 220 2.0.0 Ready to start TLS

hello: 250-smtp.gmail.com at your service, [181.164.211.92]
250-SIZE 35882577
250-8BITMIME
250-AUTH LOGIN PLAIN XOAUTH2 PLAIN-CLIENTTOKEN OAUTHBEARER XOAUTH
250-ENHANCEDSTATUSCODES
250-PIPELINING
250-CHUNKING
250 SMTPUTF8

Failed to authenticate password. Error: 535-5.7.8 Username and Password not accepted. For more information, go to
535 5.7.8  https://support.google.com/mail/?p=BadCredentials d9443c01a7336-20710e33969sm52717905ad.103 - gsmtp

ERROR - 2024-09-10 21:12:58 --> Error al enviar el email: Cannot send mail with no "From" header.<br><pre>
</pre>
CRITICAL - 2024-09-10 21:22:38 --> Error: Call to undefined method CodeIgniter\Email\Email::getMessage()
[Method: POST, Route: request-password-reset]
in APPPATH/Controllers/AuthController.php on line 213.
 1 APPPATH/Controllers/AuthController.php(191): App\Controllers\AuthController->sendResetEmail('venturinierie@gmail.com', 'http://localhost/eskate/public/index.php/reset-password/0f1507171c2bf7d78cb211f1ee30503ac01d6c0f08bd31196eb6391b088d6ab496af8e0b4461c41a5417d67cbf1574fdf3ce')
 2 SYSTEMPATH/CodeIgniter.php(933): App\Controllers\AuthController->requestPasswordReset()
 3 SYSTEMPATH/CodeIgniter.php(509): CodeIgniter\CodeIgniter->runController(Object(App\Controllers\AuthController))
 4 SYSTEMPATH/CodeIgniter.php(355): CodeIgniter\CodeIgniter->handleRequest(null, Object(Config\Cache), false)
 5 SYSTEMPATH/Boot.php(325): CodeIgniter\CodeIgniter->run()
 6 SYSTEMPATH/Boot.php(67): CodeIgniter\Boot::runCodeIgniter(Object(CodeIgniter\CodeIgniter))
 7 FCPATH/index.php(56): CodeIgniter\Boot::bootWeb(Object(Config\Paths))
ERROR - 2024-09-10 21:42:31 --> Error al enviar el email: Cannot send mail with no "From" header.<br><pre>
</pre>
ERROR - 2024-09-10 21:47:27 --> Email: Unable to send email using SMTP. Your server might not be configured to send mail using this method.
ERROR - 2024-09-10 21:47:27 --> 220 smtp.gmail.com ESMTP d2e1a72fcca58-719090b038bsm1793624b3a.152 - gsmtp

hello: 250-smtp.gmail.com at your service, [181.164.211.92]
250-SIZE 35882577
250-8BITMIME
250-STARTTLS
250-ENHANCEDSTATUSCODES
250-PIPELINING
250-CHUNKING
250 SMTPUTF8

starttls: 220 2.0.0 Ready to start TLS

hello: 250-smtp.gmail.com at your service, [181.164.211.92]
250-SIZE 35882577
250-8BITMIME
250-AUTH LOGIN PLAIN XOAUTH2 PLAIN-CLIENTTOKEN OAUTHBEARER XOAUTH
250-ENHANCEDSTATUSCODES
250-PIPELINING
250-CHUNKING
250 SMTPUTF8

Failed to authenticate password. Error: 535-5.7.8 Username and Password not accepted. For more information, go to
535 5.7.8  https://support.google.com/mail/?p=BadCredentials d2e1a72fcca58-719090b038bsm1793624b3a.152 - gsmtp

ERROR - 2024-09-10 21:47:27 --> Error al enviar el email: 220 smtp.gmail.com ESMTP d2e1a72fcca58-719090b038bsm1793624b3a.152 - gsmtp
<br><pre>hello: 250-smtp.gmail.com at your service, [181.164.211.92]
250-SIZE 35882577
250-8BITMIME
250-STARTTLS
250-ENHANCEDSTATUSCODES
250-PIPELINING
250-CHUNKING
250 SMTPUTF8
</pre><pre>starttls: 220 2.0.0 Ready to start TLS
</pre><pre>hello: 250-smtp.gmail.com at your service, [181.164.211.92]
250-SIZE 35882577
250-8BITMIME
250-AUTH LOGIN PLAIN XOAUTH2 PLAIN-CLIENTTOKEN OAUTHBEARER XOAUTH
250-ENHANCEDSTATUSCODES
250-PIPELINING
250-CHUNKING
250 SMTPUTF8
</pre>Failed to authenticate password. Error: 535-5.7.8 Username and Password not accepted. For more information, go to
535 5.7.8  https://support.google.com/mail/?p=BadCredentials d2e1a72fcca58-719090b038bsm1793624b3a.152 - gsmtp
<br>Unable to send email using SMTP. Your server might not be configured to send mail using this method.<br><pre>Date: Tue, 10 Sep 2024 21:47:25 +0000
From: &quot;E-Skate&quot; &lt;eskatevz@gmail.com&gt;
Return-Path: &lt;eskatevz@gmail.com&gt;
To: venturinierie@gmail.com
Subject: =?UTF-8?Q?Recuperaci=C3=B3n=20de=20contrase=C3=B1a?=
Reply-To: &lt;eskatevz@gmail.com&gt;
User-Agent: CodeIgniter
X-Sender: eskatevz@gmail.com
X-Mailer: CodeIgniter
X-Priority: 3 (Normal)
Message-ID: &lt;66e0be6d4f9849.53285466@gmail.com&gt;
Mime-Version: 1.0

</pre>
CRITICAL - 2024-09-10 22:15:30 --> ErrorException: Undefined array key "ID_usuario"
[Method: POST, Route: recover-password]
in APPPATH/Controllers/AuthController.php on line 192.
 1 APPPATH/Controllers/AuthController.php(192): CodeIgniter\Debug\Exceptions->errorHandler(2, 'Undefined array key "ID_usuario"', '/Applications/MAMP/htdocs/eskate/app/Controllers/AuthController.php', 192)
 2 SYSTEMPATH/CodeIgniter.php(933): App\Controllers\AuthController->recoverPassword()
 3 SYSTEMPATH/CodeIgniter.php(509): CodeIgniter\CodeIgniter->runController(Object(App\Controllers\AuthController))
 4 SYSTEMPATH/CodeIgniter.php(355): CodeIgniter\CodeIgniter->handleRequest(null, Object(Config\Cache), false)
 5 SYSTEMPATH/Boot.php(325): CodeIgniter\CodeIgniter->run()
 6 SYSTEMPATH/Boot.php(67): CodeIgniter\Boot::runCodeIgniter(Object(CodeIgniter\CodeIgniter))
 7 FCPATH/index.php(56): CodeIgniter\Boot::bootWeb(Object(Config\Paths))
CRITICAL - 2024-09-10 23:40:17 --> CodeIgniter\Database\Exceptions\DataException: There is no data to update.
[Method: POST, Route: passwordreset/request]
in SYSTEMPATH/BaseModel.php on line 1011.
 1 SYSTEMPATH/BaseModel.php(1011): CodeIgniter\Database\Exceptions\DataException::forEmptyDataset('update')
 2 SYSTEMPATH/Model.php(865): CodeIgniter\BaseModel->update(null, [])
 3 APPPATH/Models/UserModel.php(33): CodeIgniter\Model->update()
 4 APPPATH/Controllers/PasswordResetController.php(27): App\Models\UserModel->setPasswordResetToken('venturinierie@gmail.com', '64d9a9cb0485ae74321f53f4e725e9e05d8dc1d1bfef18ff404055d3e36d3808', '2024-09-11 00:40:17')
 5 SYSTEMPATH/CodeIgniter.php(933): App\Controllers\PasswordResetController->requestReset()
 6 SYSTEMPATH/CodeIgniter.php(509): CodeIgniter\CodeIgniter->runController(Object(App\Controllers\PasswordResetController))
 7 SYSTEMPATH/CodeIgniter.php(355): CodeIgniter\CodeIgniter->handleRequest(null, Object(Config\Cache), false)
 8 SYSTEMPATH/Boot.php(325): CodeIgniter\CodeIgniter->run()
 9 SYSTEMPATH/Boot.php(67): CodeIgniter\Boot::runCodeIgniter(Object(CodeIgniter\CodeIgniter))
10 FCPATH/index.php(56): CodeIgniter\Boot::bootWeb(Object(Config\Paths))
